#
# There is insufficient memory for the Java Runtime Environment to continue.
# Native memory allocation (mmap) failed to map 218103808 bytes for Failed to commit area from 0x0000000091200000 to 0x000000009e200000 of length 218103808.
# Possible reasons:
#   The system is out of physical RAM or swap space
#   The process is running with CompressedOops enabled, and the Java Heap may be blocking the growth of the native heap
# Possible solutions:
#   Reduce memory load on the system
#   Increase physical memory or swap space
#   Check if swap backing store is full
#   Decrease Java heap size (-Xmx/-Xms)
#   Decrease number of Java threads
#   Decrease Java thread stack sizes (-Xss)
#   Set larger code cache with -XX:ReservedCodeCacheSize=
#   JVM is running with Unscaled Compressed Oops mode in which the Java heap is
#     placed in the first 4GB address space. The Java Heap base address is the
#     maximum limit for the native heap growth. Please use -XX:HeapBaseMinAddress
#     to set the Java Heap base and to place the Java Heap above 4GB virtual address.
# This output file may be truncated or incomplete.
#
#  Out of Memory Error (./src/hotspot/os/windows/os_windows.cpp:3619), pid=19708, tid=4136
#
# JRE version: OpenJDK Runtime Environment (11.0.13) (build 11.0.13+0-b1751.21-8125866)
# Java VM: OpenJDK 64-Bit Server VM (11.0.13+0-b1751.21-8125866, mixed mode, tiered, compressed oops, g1 gc, windows-amd64)
# No core dump will be written. Minidumps are not enabled by default on client versions of Windows
#

---------------  S U M M A R Y ------------

Command Line: --add-opens=java.base/java.util=ALL-UNNAMED --add-opens=java.base/java.lang=ALL-UNNAMED --add-opens=java.base/java.lang.invoke=ALL-UNNAMED --add-opens=java.base/java.util=ALL-UNNAMED --add-opens=java.prefs/java.util.prefs=ALL-UNNAMED --add-opens=java.prefs/java.util.prefs=ALL-UNNAMED --add-opens=java.base/java.nio.charset=ALL-UNNAMED --add-opens=java.base/java.net=ALL-UNNAMED --add-opens=java.base/java.util.concurrent.atomic=ALL-UNNAMED -Xmx2048m -Dfile.encoding=UTF-8 -Duser.country=PL -Duser.language=pl -Duser.variant org.gradle.launcher.daemon.bootstrap.GradleDaemon 7.4

Host: Intel(R) Core(TM) i5-7200U CPU @ 2.50GHz, 4 cores, 7G,  Windows 10 , 64 bit Build 19041 (10.0.19041.2913)
Time: Sat Jun  3 23:45:39 2023 Œrodkowoeuropejski czas letni elapsed time: 40.048220 seconds (0d 0h 0m 40s)

---------------  T H R E A D  ---------------

Current thread (0x000001d0f6ddd800):  VMThread "VM Thread" [stack: 0x0000003a95900000,0x0000003a95a00000] [id=4136]

Stack: [0x0000003a95900000,0x0000003a95a00000]
[error occurred during error reporting (printing stack bounds), id 0xc0000005, EXCEPTION_ACCESS_VIOLATION (0xc0000005) at pc=0x000001d0e0d0112d]

Native frames: (J=compiled Java code, j=interpreted, Vv=VM code, C=native code)
V  [jvm.dll+0x6100fa]
V  [jvm.dll+0x747090]
V  [jvm.dll+0x7486ad]
V  [jvm.dll+0x748ce5]
V  [jvm.dll+0x748c9b]
V  [jvm.dll+0x60f224]
V  [jvm.dll+0x60f9b8]
C  [ntdll.dll+0xa23df]
C  [ntdll.dll+0x514a4]
C  [ntdll.dll+0xa0f0e]
C  0x000001d0e0d0112d

VM_Operation (0x0000003a9b5fd0e0): G1CollectForAllocation, mode: safepoint, requested by thread 0x000001d081137000


---------------  P R O C E S S  ---------------

Threads class SMR info:
_java_thread_list=0x000001d0fb256b40, length=91, elements={
0x000001d0dd1e5000, 0x000001d0f6de0800, 0x000001d0f6de4000, 0x000001d0f6e02800,
0x000001d0f6e03800, 0x000001d0f6e04800, 0x000001d0f6e07800, 0x000001d0f6e09000,
0x000001d0f6e2d000, 0x000001d0f78de800, 0x000001d0f9ea2800, 0x000001d0f8dd9800,
0x000001d0f9a55800, 0x000001d0f8e40800, 0x000001d0f9284800, 0x000001d0f9e94000,
0x000001d0f862c000, 0x000001d0f9206800, 0x000001d0f862d000, 0x000001d0f9a82000,
0x000001d0f7869000, 0x000001d0f7868000, 0x000001d0f786c000, 0x000001d0f7867000,
0x000001d0f7869800, 0x000001d0f786d000, 0x000001d0f786a800, 0x000001d0f786b800,
0x000001d0f786d800, 0x000001d0f991a800, 0x000001d0f991b800, 0x000001d0f9917800,
0x000001d0f9919000, 0x000001d0f991f800, 0x000001d0f9919800, 0x000001d0f9921000,
0x000001d0f9923800, 0x000001d0f9924800, 0x000001d0f9920800, 0x000001d0f9926000,
0x000001d0f9922000, 0x000001d0f9922800, 0x000001d0fe262800, 0x000001d0fe265800,
0x000001d0fe266800, 0x000001d0fe267000, 0x000001d0fe268000, 0x000001d0fe269000,
0x000001d0fe264000, 0x000001d0fe263000, 0x000001d0fe269800, 0x000001d0fe26a800,
0x000001d0fe264800, 0x000001d0fe26f800, 0x000001d0fe271000, 0x000001d0fe26c000,
0x000001d0fe26d800, 0x000001d0fe26e800, 0x000001d0fe270000, 0x000001d0fe26b800,
0x000001d0fe26d000, 0x000001d0fc969800, 0x000001d0fc96e800, 0x000001d0fc96a800,
0x000001d0fc96b800, 0x000001d0fc969000, 0x000001d0fc972000, 0x000001d0fc970000,
0x000001d0fc96c000, 0x000001d0fc96e000, 0x000001d0fc972800, 0x000001d0fc96f800,
0x000001d0fc971000, 0x000001d0fc96d000, 0x000001d0fc975000, 0x000001d0fc976000,
0x000001d0fc973800, 0x000001d0fc976800, 0x000001d0fc974800, 0x000001d081133800,
0x000001d081136000, 0x000001d081132800, 0x000001d081135000, 0x000001d081132000,
0x000001d081137800, 0x000001d08113a000, 0x000001d081137000, 0x000001d081134800,
0x000001d08113b000, 0x000001d08113b800, 0x000001d0fa478800
}

Java Threads: ( => current thread )
  0x000001d0dd1e5000 JavaThread "main" [_thread_blocked, id=21760, stack(0x0000003a95300000,0x0000003a95400000)]
  0x000001d0f6de0800 JavaThread "Reference Handler" daemon [_thread_blocked, id=14260, stack(0x0000003a95a00000,0x0000003a95b00000)]
  0x000001d0f6de4000 JavaThread "Finalizer" daemon [_thread_blocked, id=18724, stack(0x0000003a95b00000,0x0000003a95c00000)]
  0x000001d0f6e02800 JavaThread "Signal Dispatcher" daemon [_thread_blocked, id=12540, stack(0x0000003a95c00000,0x0000003a95d00000)]
  0x000001d0f6e03800 JavaThread "Attach Listener" daemon [_thread_blocked, id=4292, stack(0x0000003a95d00000,0x0000003a95e00000)]
  0x000001d0f6e04800 JavaThread "Service Thread" daemon [_thread_blocked, id=9480, stack(0x0000003a95e00000,0x0000003a95f00000)]
  0x000001d0f6e07800 JavaThread "C2 CompilerThread0" daemon [_thread_blocked, id=7664, stack(0x0000003a95f00000,0x0000003a96000000)]
  0x000001d0f6e09000 JavaThread "C1 CompilerThread0" daemon [_thread_blocked, id=8304, stack(0x0000003a96000000,0x0000003a96100000)]
  0x000001d0f6e2d000 JavaThread "Sweeper thread" daemon [_thread_blocked, id=24352, stack(0x0000003a96100000,0x0000003a96200000)]
  0x000001d0f78de800 JavaThread "Common-Cleaner" daemon [_thread_blocked, id=13212, stack(0x0000003a96200000,0x0000003a96300000)]
  0x000001d0f9ea2800 JavaThread "Daemon health stats" [_thread_blocked, id=1432, stack(0x0000003a96700000,0x0000003a96800000)]
  0x000001d0f8dd9800 JavaThread "Incoming local TCP Connector on port 58736" [_thread_in_native, id=2056, stack(0x0000003a96400000,0x0000003a96500000)]
  0x000001d0f9a55800 JavaThread "Daemon periodic checks" [_thread_blocked, id=1408, stack(0x0000003a96800000,0x0000003a96900000)]
  0x000001d0f8e40800 JavaThread "Daemon" [_thread_blocked, id=8068, stack(0x0000003a96900000,0x0000003a96a00000)]
  0x000001d0f9284800 JavaThread "Handler for socket connection from /127.0.0.1:58736 to /127.0.0.1:58737" [_thread_in_native, id=2676, stack(0x0000003a96a00000,0x0000003a96b00000)]
  0x000001d0f9e94000 JavaThread "Cancel handler" [_thread_blocked, id=13944, stack(0x0000003a96b00000,0x0000003a96c00000)]
  0x000001d0f862c000 JavaThread "Daemon worker" [_thread_blocked, id=23112, stack(0x0000003a96c00000,0x0000003a96d00000)]
  0x000001d0f9206800 JavaThread "Asynchronous log dispatcher for DefaultDaemonConnection: socket connection from /127.0.0.1:58736 to /127.0.0.1:58737" [_thread_blocked, id=8840, stack(0x0000003a96d00000,0x0000003a96e00000)]
  0x000001d0f862d000 JavaThread "Stdin handler" [_thread_blocked, id=16304, stack(0x0000003a96e00000,0x0000003a96f00000)]
  0x000001d0f9a82000 JavaThread "Daemon client event forwarder" [_thread_blocked, id=16276, stack(0x0000003a96f00000,0x0000003a97000000)]
  0x000001d0f7869000 JavaThread "Cache worker for journal cache (C:\Users\Dominik\.gradle\caches\journal-1)" [_thread_blocked, id=23988, stack(0x0000003a97100000,0x0000003a97200000)]
  0x000001d0f7868000 JavaThread "File lock request listener" [_thread_in_native, id=22112, stack(0x0000003a97200000,0x0000003a97300000)]
  0x000001d0f786c000 JavaThread "Cache worker for file hash cache (C:\Users\Dominik\.gradle\caches\7.4\fileHashes)" [_thread_blocked, id=25396, stack(0x0000003a97300000,0x0000003a97400000)]
  0x000001d0f7867000 JavaThread "File watcher server" daemon [_thread_blocked, id=3964, stack(0x0000003a97500000,0x0000003a97600000)]
  0x000001d0f7869800 JavaThread "File watcher consumer" daemon [_thread_blocked, id=21884, stack(0x0000003a97600000,0x0000003a97700000)]
  0x000001d0f786d000 JavaThread "Cache worker for checksums cache (C:\studia\rok3\mobilne\codzisnaobiad\.gradle\7.4\checksums)" [_thread_blocked, id=5148, stack(0x0000003a97700000,0x0000003a97800000)]
  0x000001d0f786a800 JavaThread "Cache worker for cache directory md-rule (C:\Users\Dominik\.gradle\caches\7.4\md-rule)" [_thread_blocked, id=6300, stack(0x0000003a97800000,0x0000003a97900000)]
  0x000001d0f786b800 JavaThread "Cache worker for file hash cache (C:\studia\rok3\mobilne\codzisnaobiad\.gradle\7.4\fileHashes)" [_thread_blocked, id=20036, stack(0x0000003a97900000,0x0000003a97a00000)]
  0x000001d0f786d800 JavaThread "Cache worker for cache directory md-supplier (C:\Users\Dominik\.gradle\caches\7.4\md-supplier)" [_thread_blocked, id=11544, stack(0x0000003a97a00000,0x0000003a97b00000)]
  0x000001d0f991a800 JavaThread "Cache worker for execution history cache (C:\Users\Dominik\.gradle\caches\7.4\executionHistory)" [_thread_blocked, id=22108, stack(0x0000003a97b00000,0x0000003a97c00000)]
  0x000001d0f991b800 JavaThread "jar transforms" [_thread_blocked, id=24580, stack(0x0000003a97c00000,0x0000003a97d00000)]
  0x000001d0f9917800 JavaThread "Cache worker for file content cache (C:\Users\Dominik\.gradle\caches\7.4\fileContent)" [_thread_blocked, id=9264, stack(0x0000003a97d00000,0x0000003a97e00000)]
  0x000001d0f9919000 JavaThread "jar transforms Thread 2" [_thread_blocked, id=23096, stack(0x0000003a97e00000,0x0000003a97f00000)]
  0x000001d0f991f800 JavaThread "Cache worker for dependencies-accessors (C:\studia\rok3\mobilne\codzisnaobiad\.gradle\7.4\dependencies-accessors)" [_thread_blocked, id=17508, stack(0x0000003a97f00000,0x0000003a98000000)]
  0x000001d0f9919800 JavaThread "jar transforms Thread 3" [_thread_blocked, id=11108, stack(0x0000003a98000000,0x0000003a98100000)]
  0x000001d0f9921000 JavaThread "Cache worker for Build Output Cleanup Cache (C:\studia\rok3\mobilne\codzisnaobiad\.gradle\buildOutputCleanup)" [_thread_blocked, id=24388, stack(0x0000003a97400000,0x0000003a97500000)]
  0x000001d0f9923800 JavaThread "Unconstrained build operations" [_thread_blocked, id=1892, stack(0x0000003a98200000,0x0000003a98300000)]
  0x000001d0f9924800 JavaThread "Unconstrained build operations Thread 2" [_thread_blocked, id=10600, stack(0x0000003a98300000,0x0000003a98400000)]
  0x000001d0f9920800 JavaThread "Unconstrained build operations Thread 3" [_thread_blocked, id=14948, stack(0x0000003a98400000,0x0000003a98500000)]
  0x000001d0f9926000 JavaThread "Unconstrained build operations Thread 4" [_thread_blocked, id=18960, stack(0x0000003a98500000,0x0000003a98600000)]
  0x000001d0f9922000 JavaThread "Unconstrained build operations Thread 5" [_thread_blocked, id=24092, stack(0x0000003a98600000,0x0000003a98700000)]
  0x000001d0f9922800 JavaThread "Unconstrained build operations Thread 6" [_thread_blocked, id=20084, stack(0x0000003a98700000,0x0000003a98800000)]
  0x000001d0fe262800 JavaThread "Unconstrained build operations Thread 7" [_thread_blocked, id=14212, stack(0x0000003a98800000,0x0000003a98900000)]
  0x000001d0fe265800 JavaThread "Unconstrained build operations Thread 8" [_thread_blocked, id=5956, stack(0x0000003a98900000,0x0000003a98a00000)]
  0x000001d0fe266800 JavaThread "Unconstrained build operations Thread 9" [_thread_blocked, id=24964, stack(0x0000003a98a00000,0x0000003a98b00000)]
  0x000001d0fe267000 JavaThread "Unconstrained build operations Thread 10" [_thread_blocked, id=18696, stack(0x0000003a98b00000,0x0000003a98c00000)]
  0x000001d0fe268000 JavaThread "Unconstrained build operations Thread 11" [_thread_blocked, id=1140, stack(0x0000003a98c00000,0x0000003a98d00000)]
  0x000001d0fe269000 JavaThread "Unconstrained build operations Thread 12" [_thread_blocked, id=9012, stack(0x0000003a98d00000,0x0000003a98e00000)]
  0x000001d0fe264000 JavaThread "Unconstrained build operations Thread 13" [_thread_blocked, id=24676, stack(0x0000003a98e00000,0x0000003a98f00000)]
  0x000001d0fe263000 JavaThread "Unconstrained build operations Thread 14" [_thread_blocked, id=22380, stack(0x0000003a98f00000,0x0000003a99000000)]
  0x000001d0fe269800 JavaThread "Unconstrained build operations Thread 15" [_thread_blocked, id=18252, stack(0x0000003a99000000,0x0000003a99100000)]
  0x000001d0fe26a800 JavaThread "Unconstrained build operations Thread 16" [_thread_blocked, id=24924, stack(0x0000003a99100000,0x0000003a99200000)]
  0x000001d0fe264800 JavaThread "Unconstrained build operations Thread 17" [_thread_blocked, id=17356, stack(0x0000003a99200000,0x0000003a99300000)]
  0x000001d0fe26f800 JavaThread "Unconstrained build operations Thread 18" [_thread_blocked, id=8124, stack(0x0000003a99300000,0x0000003a99400000)]
  0x000001d0fe271000 JavaThread "Unconstrained build operations Thread 19" [_thread_blocked, id=16116, stack(0x0000003a99400000,0x0000003a99500000)]
  0x000001d0fe26c000 JavaThread "Unconstrained build operations Thread 20" [_thread_blocked, id=11032, stack(0x0000003a99500000,0x0000003a99600000)]
  0x000001d0fe26d800 JavaThread "Unconstrained build operations Thread 21" [_thread_blocked, id=3132, stack(0x0000003a99600000,0x0000003a99700000)]
  0x000001d0fe26e800 JavaThread "Unconstrained build operations Thread 22" [_thread_blocked, id=4024, stack(0x0000003a99700000,0x0000003a99800000)]
  0x000001d0fe270000 JavaThread "Unconstrained build operations Thread 23" [_thread_blocked, id=19100, stack(0x0000003a99800000,0x0000003a99900000)]
  0x000001d0fe26b800 JavaThread "Unconstrained build operations Thread 24" [_thread_blocked, id=14200, stack(0x0000003a99900000,0x0000003a99a00000)]
  0x000001d0fe26d000 JavaThread "Unconstrained build operations Thread 25" [_thread_blocked, id=19580, stack(0x0000003a99a00000,0x0000003a99b00000)]
  0x000001d0fc969800 JavaThread "Unconstrained build operations Thread 26" [_thread_blocked, id=4604, stack(0x0000003a99b00000,0x0000003a99c00000)]
  0x000001d0fc96e800 JavaThread "Unconstrained build operations Thread 27" [_thread_blocked, id=17824, stack(0x0000003a99c00000,0x0000003a99d00000)]
  0x000001d0fc96a800 JavaThread "Unconstrained build operations Thread 28" [_thread_blocked, id=9392, stack(0x0000003a99d00000,0x0000003a99e00000)]
  0x000001d0fc96b800 JavaThread "Unconstrained build operations Thread 29" [_thread_blocked, id=11840, stack(0x0000003a99e00000,0x0000003a99f00000)]
  0x000001d0fc969000 JavaThread "Unconstrained build operations Thread 30" [_thread_blocked, id=18972, stack(0x0000003a99f00000,0x0000003a9a000000)]
  0x000001d0fc972000 JavaThread "Unconstrained build operations Thread 31" [_thread_blocked, id=10288, stack(0x0000003a9a000000,0x0000003a9a100000)]
  0x000001d0fc970000 JavaThread "Unconstrained build operations Thread 32" [_thread_blocked, id=10856, stack(0x0000003a9a100000,0x0000003a9a200000)]
  0x000001d0fc96c000 JavaThread "Unconstrained build operations Thread 33" [_thread_blocked, id=16556, stack(0x0000003a9a200000,0x0000003a9a300000)]
  0x000001d0fc96e000 JavaThread "Unconstrained build operations Thread 34" [_thread_blocked, id=24864, stack(0x0000003a9a300000,0x0000003a9a400000)]
  0x000001d0fc972800 JavaThread "Unconstrained build operations Thread 35" [_thread_blocked, id=25500, stack(0x0000003a9a400000,0x0000003a9a500000)]
  0x000001d0fc96f800 JavaThread "Unconstrained build operations Thread 36" [_thread_blocked, id=18152, stack(0x0000003a9a500000,0x0000003a9a600000)]
  0x000001d0fc971000 JavaThread "Unconstrained build operations Thread 37" [_thread_blocked, id=7524, stack(0x0000003a9a600000,0x0000003a9a700000)]
  0x000001d0fc96d000 JavaThread "Unconstrained build operations Thread 38" [_thread_blocked, id=13448, stack(0x0000003a9a700000,0x0000003a9a800000)]
  0x000001d0fc975000 JavaThread "Unconstrained build operations Thread 39" [_thread_blocked, id=6856, stack(0x0000003a9a800000,0x0000003a9a900000)]
  0x000001d0fc976000 JavaThread "Unconstrained build operations Thread 40" [_thread_blocked, id=24204, stack(0x0000003a9a900000,0x0000003a9aa00000)]
  0x000001d0fc973800 JavaThread "jar transforms Thread 4" [_thread_blocked, id=16268, stack(0x0000003a9aa00000,0x0000003a9ab00000)]
  0x000001d0fc976800 JavaThread "Memory manager" [_thread_blocked, id=20844, stack(0x0000003a9ab00000,0x0000003a9ac00000)]
  0x000001d0fc974800 JavaThread "build event listener" [_thread_blocked, id=16040, stack(0x0000003a9ac00000,0x0000003a9ad00000)]
  0x000001d081133800 JavaThread "included builds" [_thread_blocked, id=2528, stack(0x0000003a9ad00000,0x0000003a9ae00000)]
  0x000001d081136000 JavaThread "Execution worker for ':'" [_thread_blocked, id=7180, stack(0x0000003a9ae00000,0x0000003a9af00000)]
  0x000001d081132800 JavaThread "Execution worker for ':' Thread 2" [_thread_blocked, id=16568, stack(0x0000003a9af00000,0x0000003a9b000000)]
  0x000001d081135000 JavaThread "Execution worker for ':' Thread 3" [_thread_blocked, id=19880, stack(0x0000003a9b000000,0x0000003a9b100000)]
  0x000001d081132000 JavaThread "Cache worker for execution history cache (C:\studia\rok3\mobilne\codzisnaobiad\.gradle\7.4\executionHistory)" [_thread_blocked, id=23048, stack(0x0000003a9b100000,0x0000003a9b200000)]
  0x000001d081137800 JavaThread "WorkerExecutor Queue" [_thread_blocked, id=23668, stack(0x0000003a9b300000,0x0000003a9b400000)]
  0x000001d08113a000 JavaThread "WorkerExecutor Queue Thread 2" [_thread_blocked, id=8848, stack(0x0000003a9b400000,0x0000003a9b500000)]
  0x000001d081137000 JavaThread "WorkerExecutor Queue Thread 3" [_thread_blocked, id=22928, stack(0x0000003a9b500000,0x0000003a9b600000)]
  0x000001d081134800 JavaThread "pool-3-thread-1" [_thread_blocked, id=17304, stack(0x0000003a9b600000,0x0000003a9b700000)]
  0x000001d08113b000 JavaThread "stderr" [_thread_in_native, id=1308, stack(0x0000003a9b700000,0x0000003a9b800000)]
  0x000001d08113b800 JavaThread "stdout" [_thread_in_native, id=18264, stack(0x0000003a9b800000,0x0000003a9b900000)]
  0x000001d0fa478800 JavaThread "C2 CompilerThread1" daemon [_thread_blocked, id=20244, stack(0x0000003a95100000,0x0000003a95200000)]

Other Threads:
=>0x000001d0f6ddd800 VMThread "VM Thread" [stack: 0x0000003a95900000,0x0000003a95a00000] [id=4136]
  0x000001d0f78e1000 WatcherThread [stack: 0x0000003a96300000,0x0000003a96400000] [id=12312]
  0x000001d0dd1f9800 GCTaskThread "GC Thread#0" [stack: 0x0000003a95400000,0x0000003a95500000] [id=21404]
  0x000001d0f7c31000 GCTaskThread "GC Thread#1" [stack: 0x0000003a96500000,0x0000003a96600000] [id=20804]
  0x000001d0f8378800 GCTaskThread "GC Thread#2" [stack: 0x0000003a96600000,0x0000003a96700000] [id=18320]
  0x000001d0f8927000 GCTaskThread "GC Thread#3" [stack: 0x0000003a97000000,0x0000003a97100000] [id=17484]
  0x000001d0dd228800 ConcurrentGCThread "G1 Main Marker" [stack: 0x0000003a95500000,0x0000003a95600000] [id=24936]
  0x000001d0dd22a000 ConcurrentGCThread "G1 Conc#0" [stack: 0x0000003a95600000,0x0000003a95700000] [id=11196]
  0x000001d0dd2ba800 ConcurrentGCThread "G1 Refine#0" [stack: 0x0000003a95700000,0x0000003a95800000] [id=22336]
  0x000001d0dd2bb800 ConcurrentGCThread "G1 Young RemSet Sampling" [stack: 0x0000003a95800000,0x0000003a95900000] [id=25020]

Threads with active compile tasks:

VM state:at safepoint (normal execution)

VM Mutex/Monitor currently owned by a thread:  ([mutex/lock_event])
[0x000001d0dd1e0940] Threads_lock - owner thread: 0x000001d0f6ddd800
[0x000001d0dd1e24d0] Heap_lock - owner thread: 0x000001d081137000

Heap address: 0x0000000080000000, size: 2048 MB, Compressed Oops mode: 32-bit
Narrow klass base: 0x0000000000000000, Narrow klass shift: 3
Compressed class space size: 1073741824 Address: 0x0000000100000000

Heap:
 garbage-first heap   total 493568K, used 267264K [0x0000000080000000, 0x0000000100000000)
  region size 1024K, 2 young (2048K), 2 survivors (2048K)
 Metaspace       used 97243K, capacity 99420K, committed 99536K, reserved 1136640K
  class space    used 12474K, capacity 13289K, committed 13344K, reserved 1048576K
Heap Regions: E=young(eden), S=young(survivor), O=old, HS=humongous(starts), HC=humongous(continues), CS=collection set, F=free, A=archive, TAMS=top-at-mark-start (previous, next)
|   0|0x0000000080000000, 0x0000000080100000, 0x0000000080100000|100%|HS|  |TAMS 0x0000000080100000, 0x0000000080000000| Complete 
|   1|0x0000000080100000, 0x0000000080200000, 0x0000000080200000|100%|HC|  |TAMS 0x0000000080200000, 0x0000000080100000| Complete 
|   2|0x0000000080200000, 0x0000000080300000, 0x0000000080300000|100%|HC|  |TAMS 0x0000000080300000, 0x0000000080200000| Complete 
|   3|0x0000000080300000, 0x0000000080400000, 0x0000000080400000|100%| O|  |TAMS 0x0000000080400000, 0x0000000080300000| Untracked 
|   4|0x0000000080400000, 0x0000000080500000, 0x0000000080500000|100%| O|  |TAMS 0x0000000080500000, 0x0000000080400000| Untracked 
|   5|0x0000000080500000, 0x0000000080600000, 0x0000000080600000|100%| O|  |TAMS 0x0000000080600000, 0x0000000080500000| Untracked 
|   6|0x0000000080600000, 0x0000000080700000, 0x0000000080700000|100%| O|  |TAMS 0x0000000080700000, 0x0000000080600000| Untracked 
|   7|0x0000000080700000, 0x0000000080800000, 0x0000000080800000|100%| O|  |TAMS 0x0000000080800000, 0x0000000080700000| Untracked 
|   8|0x0000000080800000, 0x0000000080900000, 0x0000000080900000|100%| O|  |TAMS 0x0000000080900000, 0x0000000080800000| Untracked 
|   9|0x0000000080900000, 0x0000000080a00000, 0x0000000080a00000|100%| O|  |TAMS 0x0000000080a00000, 0x0000000080900000| Untracked 
|  10|0x0000000080a00000, 0x0000000080b00000, 0x0000000080b00000|100%| O|  |TAMS 0x0000000080b00000, 0x0000000080a00000| Untracked 
|  11|0x0000000080b00000, 0x0000000080c00000, 0x0000000080c00000|100%| O|  |TAMS 0x0000000080c00000, 0x0000000080b00000| Untracked 
|  12|0x0000000080c00000, 0x0000000080d00000, 0x0000000080d00000|100%| O|  |TAMS 0x0000000080d00000, 0x0000000080c00000| Untracked 
|  13|0x0000000080d00000, 0x0000000080e00000, 0x0000000080e00000|100%| O|  |TAMS 0x0000000080e00000, 0x0000000080d00000| Untracked 
|  14|0x0000000080e00000, 0x0000000080f00000, 0x0000000080f00000|100%| O|  |TAMS 0x0000000080f00000, 0x0000000080e00000| Untracked 
|  15|0x0000000080f00000, 0x0000000081000000, 0x0000000081000000|100%| O|  |TAMS 0x0000000081000000, 0x0000000080f00000| Untracked 
|  16|0x0000000081000000, 0x0000000081100000, 0x0000000081100000|100%| O|  |TAMS 0x0000000081100000, 0x0000000081000000| Untracked 
|  17|0x0000000081100000, 0x0000000081200000, 0x0000000081200000|100%| O|  |TAMS 0x0000000081200000, 0x0000000081100000| Untracked 
|  18|0x0000000081200000, 0x0000000081300000, 0x0000000081300000|100%| O|  |TAMS 0x0000000081300000, 0x0000000081200000| Untracked 
|  19|0x0000000081300000, 0x0000000081400000, 0x0000000081400000|100%| O|  |TAMS 0x0000000081400000, 0x0000000081300000| Untracked 
|  20|0x0000000081400000, 0x0000000081500000, 0x0000000081500000|100%| O|  |TAMS 0x0000000081500000, 0x0000000081400000| Untracked 
|  21|0x0000000081500000, 0x0000000081600000, 0x0000000081600000|100%| O|  |TAMS 0x0000000081600000, 0x0000000081500000| Untracked 
|  22|0x0000000081600000, 0x0000000081700000, 0x0000000081700000|100%| O|  |TAMS 0x0000000081700000, 0x0000000081600000| Untracked 
|  23|0x0000000081700000, 0x0000000081800000, 0x0000000081800000|100%| O|  |TAMS 0x0000000081800000, 0x0000000081700000| Untracked 
|  24|0x0000000081800000, 0x0000000081900000, 0x0000000081900000|100%| O|  |TAMS 0x0000000081900000, 0x0000000081800000| Untracked 
|  25|0x0000000081900000, 0x0000000081a00000, 0x0000000081a00000|100%| O|  |TAMS 0x0000000081a00000, 0x0000000081900000| Untracked 
|  26|0x0000000081a00000, 0x0000000081b00000, 0x0000000081b00000|100%| O|  |TAMS 0x0000000081b00000, 0x0000000081a00000| Untracked 
|  27|0x0000000081b00000, 0x0000000081c00000, 0x0000000081c00000|100%|HS|  |TAMS 0x0000000081c00000, 0x0000000081b00000| Complete 
|  28|0x0000000081c00000, 0x0000000081d00000, 0x0000000081d00000|100%|HS|  |TAMS 0x0000000081d00000, 0x0000000081c00000| Complete 
|  29|0x0000000081d00000, 0x0000000081e00000, 0x0000000081e00000|100%|HC|  |TAMS 0x0000000081e00000, 0x0000000081d00000| Complete 
|  30|0x0000000081e00000, 0x0000000081f00000, 0x0000000081f00000|100%|HS|  |TAMS 0x0000000081f00000, 0x0000000081e00000| Complete 
|  31|0x0000000081f00000, 0x0000000082000000, 0x0000000082000000|100%|HS|  |TAMS 0x0000000082000000, 0x0000000081f00000| Complete 
|  32|0x0000000082000000, 0x0000000082100000, 0x0000000082100000|100%|HC|  |TAMS 0x0000000082100000, 0x0000000082000000| Complete 
|  33|0x0000000082100000, 0x0000000082200000, 0x0000000082200000|100%|HC|  |TAMS 0x0000000082200000, 0x0000000082100000| Complete 
|  34|0x0000000082200000, 0x0000000082300000, 0x0000000082300000|100%|HC|  |TAMS 0x0000000082300000, 0x0000000082200000| Complete 
|  35|0x0000000082300000, 0x0000000082400000, 0x0000000082400000|100%| O|  |TAMS 0x0000000082400000, 0x0000000082300000| Untracked 
|  36|0x0000000082400000, 0x0000000082500000, 0x0000000082500000|100%|HS|  |TAMS 0x0000000082500000, 0x0000000082400000| Complete 
|  37|0x0000000082500000, 0x0000000082600000, 0x0000000082600000|100%|HC|  |TAMS 0x0000000082600000, 0x0000000082500000| Complete 
|  38|0x0000000082600000, 0x0000000082700000, 0x0000000082700000|100%| O|  |TAMS 0x0000000082700000, 0x0000000082600000| Untracked 
|  39|0x0000000082700000, 0x0000000082800000, 0x0000000082800000|100%| O|  |TAMS 0x0000000082800000, 0x0000000082700000| Untracked 
|  40|0x0000000082800000, 0x0000000082900000, 0x0000000082900000|100%| O|  |TAMS 0x0000000082900000, 0x0000000082800000| Untracked 
|  41|0x0000000082900000, 0x0000000082a00000, 0x0000000082a00000|100%| O|  |TAMS 0x0000000082a00000, 0x0000000082900000| Untracked 
|  42|0x0000000082a00000, 0x0000000082b00000, 0x0000000082b00000|100%| O|  |TAMS 0x0000000082b00000, 0x0000000082a00000| Untracked 
|  43|0x0000000082b00000, 0x0000000082c00000, 0x0000000082c00000|100%| O|  |TAMS 0x0000000082c00000, 0x0000000082b00000| Untracked 
|  44|0x0000000082c00000, 0x0000000082d00000, 0x0000000082d00000|100%| O|  |TAMS 0x0000000082d00000, 0x0000000082c00000| Untracked 
|  45|0x0000000082d00000, 0x0000000082e00000, 0x0000000082e00000|100%| O|  |TAMS 0x0000000082e00000, 0x0000000082d00000| Untracked 
|  46|0x0000000082e00000, 0x0000000082f00000, 0x0000000082f00000|100%| O|  |TAMS 0x0000000082f00000, 0x0000000082e00000| Untracked 
|  47|0x0000000082f00000, 0x0000000083000000, 0x0000000083000000|100%| O|  |TAMS 0x0000000083000000, 0x0000000082f00000| Untracked 
|  48|0x0000000083000000, 0x0000000083100000, 0x0000000083100000|100%| O|  |TAMS 0x0000000083100000, 0x0000000083000000| Untracked 
|  49|0x0000000083100000, 0x0000000083200000, 0x0000000083200000|100%| O|  |TAMS 0x0000000083200000, 0x0000000083100000| Untracked 
|  50|0x0000000083200000, 0x0000000083300000, 0x0000000083300000|100%| O|  |TAMS 0x0000000083300000, 0x0000000083200000| Untracked 
|  51|0x0000000083300000, 0x0000000083400000, 0x0000000083400000|100%| O|  |TAMS 0x0000000083400000, 0x0000000083300000| Untracked 
|  52|0x0000000083400000, 0x0000000083500000, 0x0000000083500000|100%| O|  |TAMS 0x0000000083500000, 0x0000000083400000| Untracked 
|  53|0x0000000083500000, 0x0000000083600000, 0x0000000083600000|100%| O|  |TAMS 0x0000000083600000, 0x0000000083500000| Untracked 
|  54|0x0000000083600000, 0x0000000083700000, 0x0000000083700000|100%| O|  |TAMS 0x0000000083700000, 0x0000000083600000| Untracked 
|  55|0x0000000083700000, 0x0000000083800000, 0x0000000083800000|100%| O|  |TAMS 0x0000000083800000, 0x0000000083700000| Untracked 
|  56|0x0000000083800000, 0x0000000083900000, 0x0000000083900000|100%| O|  |TAMS 0x0000000083900000, 0x0000000083800000| Untracked 
|  57|0x0000000083900000, 0x0000000083a00000, 0x0000000083a00000|100%| O|  |TAMS 0x0000000083a00000, 0x0000000083900000| Untracked 
|  58|0x0000000083a00000, 0x0000000083b00000, 0x0000000083b00000|100%| O|  |TAMS 0x0000000083b00000, 0x0000000083a00000| Untracked 
|  59|0x0000000083b00000, 0x0000000083c00000, 0x0000000083c00000|100%| O|  |TAMS 0x0000000083c00000, 0x0000000083b00000| Untracked 
|  60|0x0000000083c00000, 0x0000000083d00000, 0x0000000083d00000|100%| O|  |TAMS 0x0000000083d00000, 0x0000000083c00000| Untracked 
|  61|0x0000000083d00000, 0x0000000083e00000, 0x0000000083e00000|100%| O|  |TAMS 0x0000000083e00000, 0x0000000083d00000| Untracked 
|  62|0x0000000083e00000, 0x0000000083f00000, 0x0000000083f00000|100%| O|  |TAMS 0x0000000083f00000, 0x0000000083e00000| Untracked 
|  63|0x0000000083f00000, 0x0000000084000000, 0x0000000084000000|100%| O|  |TAMS 0x0000000084000000, 0x0000000083f00000| Untracked 
|  64|0x0000000084000000, 0x0000000084100000, 0x0000000084100000|100%| O|  |TAMS 0x0000000084100000, 0x0000000084000000| Untracked 
|  65|0x0000000084100000, 0x0000000084200000, 0x0000000084200000|100%| O|  |TAMS 0x0000000084200000, 0x0000000084100000| Untracked 
|  66|0x0000000084200000, 0x0000000084300000, 0x0000000084300000|100%| O|  |TAMS 0x0000000084300000, 0x0000000084200000| Untracked 
|  67|0x0000000084300000, 0x0000000084400000, 0x0000000084400000|100%| O|  |TAMS 0x0000000084400000, 0x0000000084300000| Untracked 
|  68|0x0000000084400000, 0x0000000084500000, 0x0000000084500000|100%| O|  |TAMS 0x0000000084500000, 0x0000000084400000| Untracked 
|  69|0x0000000084500000, 0x0000000084600000, 0x0000000084600000|100%| O|  |TAMS 0x0000000084600000, 0x0000000084500000| Untracked 
|  70|0x0000000084600000, 0x0000000084700000, 0x0000000084700000|100%| O|  |TAMS 0x0000000084700000, 0x0000000084600000| Untracked 
|  71|0x0000000084700000, 0x0000000084800000, 0x0000000084800000|100%| O|  |TAMS 0x0000000084800000, 0x0000000084700000| Untracked 
|  72|0x0000000084800000, 0x0000000084900000, 0x0000000084900000|100%| O|  |TAMS 0x0000000084900000, 0x0000000084800000| Untracked 
|  73|0x0000000084900000, 0x0000000084a00000, 0x0000000084a00000|100%| O|  |TAMS 0x0000000084a00000, 0x0000000084900000| Untracked 
|  74|0x0000000084a00000, 0x0000000084b00000, 0x0000000084b00000|100%| O|  |TAMS 0x0000000084b00000, 0x0000000084a00000| Untracked 
|  75|0x0000000084b00000, 0x0000000084c00000, 0x0000000084c00000|100%| O|  |TAMS 0x0000000084c00000, 0x0000000084b00000| Untracked 
|  76|0x0000000084c00000, 0x0000000084d00000, 0x0000000084d00000|100%| O|  |TAMS 0x0000000084d00000, 0x0000000084c00000| Untracked 
|  77|0x0000000084d00000, 0x0000000084e00000, 0x0000000084e00000|100%| O|  |TAMS 0x0000000084e00000, 0x0000000084d00000| Untracked 
|  78|0x0000000084e00000, 0x0000000084f00000, 0x0000000084f00000|100%| O|  |TAMS 0x0000000084f00000, 0x0000000084e00000| Untracked 
|  79|0x0000000084f00000, 0x0000000085000000, 0x0000000085000000|100%| O|  |TAMS 0x0000000085000000, 0x0000000084f00000| Untracked 
|  80|0x0000000085000000, 0x0000000085100000, 0x0000000085100000|100%| O|  |TAMS 0x0000000085100000, 0x0000000085000000| Untracked 
|  81|0x0000000085100000, 0x0000000085200000, 0x0000000085200000|100%| O|  |TAMS 0x0000000085200000, 0x0000000085100000| Untracked 
|  82|0x0000000085200000, 0x0000000085300000, 0x0000000085300000|100%| O|  |TAMS 0x0000000085300000, 0x0000000085200000| Untracked 
|  83|0x0000000085300000, 0x0000000085400000, 0x0000000085400000|100%| O|  |TAMS 0x0000000085400000, 0x0000000085300000| Untracked 
|  84|0x0000000085400000, 0x0000000085500000, 0x0000000085500000|100%| O|  |TAMS 0x0000000085500000, 0x0000000085400000| Untracked 
|  85|0x0000000085500000, 0x0000000085600000, 0x0000000085600000|100%| O|  |TAMS 0x0000000085600000, 0x0000000085500000| Untracked 
|  86|0x0000000085600000, 0x0000000085700000, 0x0000000085700000|100%| O|  |TAMS 0x0000000085700000, 0x0000000085600000| Untracked 
|  87|0x0000000085700000, 0x0000000085800000, 0x0000000085800000|100%|HS|  |TAMS 0x0000000085800000, 0x0000000085700000| Complete 
|  88|0x0000000085800000, 0x0000000085900000, 0x0000000085900000|100%|HC|  |TAMS 0x0000000085900000, 0x0000000085800000| Complete 
|  89|0x0000000085900000, 0x0000000085a00000, 0x0000000085a00000|100%|HC|  |TAMS 0x0000000085a00000, 0x0000000085900000| Complete 
|  90|0x0000000085a00000, 0x0000000085b00000, 0x0000000085b00000|100%|HS|  |TAMS 0x0000000085b00000, 0x0000000085a00000| Complete 
|  91|0x0000000085b00000, 0x0000000085c00000, 0x0000000085c00000|100%|HC|  |TAMS 0x0000000085c00000, 0x0000000085b00000| Complete 
|  92|0x0000000085c00000, 0x0000000085d00000, 0x0000000085d00000|100%|HS|  |TAMS 0x0000000085d00000, 0x0000000085c00000| Complete 
|  93|0x0000000085d00000, 0x0000000085e00000, 0x0000000085e00000|100%|HS|  |TAMS 0x0000000085e00000, 0x0000000085d00000| Complete 
|  94|0x0000000085e00000, 0x0000000085f00000, 0x0000000085f00000|100%|HC|  |TAMS 0x0000000085f00000, 0x0000000085e00000| Complete 
|  95|0x0000000085f00000, 0x0000000086000000, 0x0000000086000000|100%|HC|  |TAMS 0x0000000086000000, 0x0000000085f00000| Complete 
|  96|0x0000000086000000, 0x0000000086100000, 0x0000000086100000|100%|HS|  |TAMS 0x0000000086100000, 0x0000000086000000| Complete 
|  97|0x0000000086100000, 0x0000000086200000, 0x0000000086200000|100%|HS|  |TAMS 0x0000000086200000, 0x0000000086100000| Complete 
|  98|0x0000000086200000, 0x0000000086300000, 0x0000000086300000|100%|HC|  |TAMS 0x0000000086300000, 0x0000000086200000| Complete 
|  99|0x0000000086300000, 0x0000000086400000, 0x0000000086400000|100%|HC|  |TAMS 0x0000000086400000, 0x0000000086300000| Complete 
| 100|0x0000000086400000, 0x0000000086500000, 0x0000000086500000|100%|HS|  |TAMS 0x0000000086500000, 0x0000000086400000| Complete 
| 101|0x0000000086500000, 0x0000000086600000, 0x0000000086600000|100%|HC|  |TAMS 0x0000000086600000, 0x0000000086500000| Complete 
| 102|0x0000000086600000, 0x0000000086700000, 0x0000000086700000|100%|HS|  |TAMS 0x0000000086700000, 0x0000000086600000| Complete 
| 103|0x0000000086700000, 0x0000000086800000, 0x0000000086800000|100%|HS|  |TAMS 0x0000000086800000, 0x0000000086700000| Complete 
| 104|0x0000000086800000, 0x0000000086900000, 0x0000000086900000|100%|HC|  |TAMS 0x0000000086900000, 0x0000000086800000| Complete 
| 105|0x0000000086900000, 0x0000000086a00000, 0x0000000086a00000|100%|HS|  |TAMS 0x0000000086a00000, 0x0000000086900000| Complete 
| 106|0x0000000086a00000, 0x0000000086b00000, 0x0000000086b00000|100%|HC|  |TAMS 0x0000000086b00000, 0x0000000086a00000| Complete 
| 107|0x0000000086b00000, 0x0000000086c00000, 0x0000000086c00000|100%|HS|  |TAMS 0x0000000086c00000, 0x0000000086b00000| Complete 
| 108|0x0000000086c00000, 0x0000000086d00000, 0x0000000086d00000|100%|HS|  |TAMS 0x0000000086d00000, 0x0000000086c00000| Complete 
| 109|0x0000000086d00000, 0x0000000086e00000, 0x0000000086e00000|100%|HC|  |TAMS 0x0000000086e00000, 0x0000000086d00000| Complete 
| 110|0x0000000086e00000, 0x0000000086f00000, 0x0000000086f00000|100%|HC|  |TAMS 0x0000000086f00000, 0x0000000086e00000| Complete 
| 111|0x0000000086f00000, 0x0000000087000000, 0x0000000087000000|100%| O|  |TAMS 0x0000000087000000, 0x0000000086f00000| Untracked 
| 112|0x0000000087000000, 0x0000000087100000, 0x0000000087100000|100%| O|  |TAMS 0x0000000087100000, 0x0000000087000000| Untracked 
| 113|0x0000000087100000, 0x0000000087200000, 0x0000000087200000|100%| O|  |TAMS 0x0000000087200000, 0x0000000087100000| Untracked 
| 114|0x0000000087200000, 0x0000000087300000, 0x0000000087300000|100%| O|  |TAMS 0x0000000087300000, 0x0000000087200000| Untracked 
| 115|0x0000000087300000, 0x0000000087400000, 0x0000000087400000|100%| O|  |TAMS 0x0000000087400000, 0x0000000087300000| Untracked 
| 116|0x0000000087400000, 0x0000000087500000, 0x0000000087500000|100%| O|  |TAMS 0x0000000087500000, 0x0000000087400000| Untracked 
| 117|0x0000000087500000, 0x0000000087600000, 0x0000000087600000|100%| O|  |TAMS 0x0000000087600000, 0x0000000087500000| Untracked 
| 118|0x0000000087600000, 0x0000000087700000, 0x0000000087700000|100%| O|  |TAMS 0x0000000087700000, 0x0000000087600000| Untracked 
| 119|0x0000000087700000, 0x0000000087800000, 0x0000000087800000|100%|HS|  |TAMS 0x0000000087800000, 0x0000000087700000| Complete 
| 120|0x0000000087800000, 0x0000000087900000, 0x0000000087900000|100%| O|  |TAMS 0x0000000087900000, 0x0000000087800000| Untracked 
| 121|0x0000000087900000, 0x0000000087a00000, 0x0000000087a00000|100%| O|  |TAMS 0x0000000087a00000, 0x0000000087900000| Untracked 
| 122|0x0000000087a00000, 0x0000000087b00000, 0x0000000087b00000|100%| O|  |TAMS 0x0000000087b00000, 0x0000000087a00000| Untracked 
| 123|0x0000000087b00000, 0x0000000087c00000, 0x0000000087c00000|100%| O|  |TAMS 0x0000000087c00000, 0x0000000087b00000| Untracked 
| 124|0x0000000087c00000, 0x0000000087d00000, 0x0000000087d00000|100%| O|  |TAMS 0x0000000087d00000, 0x0000000087c00000| Untracked 
| 125|0x0000000087d00000, 0x0000000087e00000, 0x0000000087e00000|100%| O|  |TAMS 0x0000000087e00000, 0x0000000087d00000| Untracked 
| 126|0x0000000087e00000, 0x0000000087f00000, 0x0000000087f00000|100%|HS|  |TAMS 0x0000000087f00000, 0x0000000087e00000| Complete 
| 127|0x0000000087f00000, 0x0000000088000000, 0x0000000088000000|100%|HC|  |TAMS 0x0000000088000000, 0x0000000087f00000| Complete 
| 128|0x0000000088000000, 0x0000000088100000, 0x0000000088100000|100%|HC|  |TAMS 0x0000000088100000, 0x0000000088000000| Complete 
| 129|0x0000000088100000, 0x0000000088200000, 0x0000000088200000|100%|HC|  |TAMS 0x0000000088200000, 0x0000000088100000| Complete 
| 130|0x0000000088200000, 0x0000000088300000, 0x0000000088300000|100%|HC|  |TAMS 0x0000000088300000, 0x0000000088200000| Complete 
| 131|0x0000000088300000, 0x0000000088400000, 0x0000000088400000|100%|HC|  |TAMS 0x0000000088400000, 0x0000000088300000| Complete 
| 132|0x0000000088400000, 0x0000000088500000, 0x0000000088500000|100%|HC|  |TAMS 0x0000000088500000, 0x0000000088400000| Complete 
| 133|0x0000000088500000, 0x0000000088600000, 0x0000000088600000|100%|HC|  |TAMS 0x0000000088600000, 0x0000000088500000| Complete 
| 134|0x0000000088600000, 0x0000000088700000, 0x0000000088700000|100%|HC|  |TAMS 0x0000000088700000, 0x0000000088600000| Complete 
| 135|0x0000000088700000, 0x0000000088800000, 0x0000000088800000|100%|HC|  |TAMS 0x0000000088800000, 0x0000000088700000| Complete 
| 136|0x0000000088800000, 0x0000000088900000, 0x0000000088900000|100%|HC|  |TAMS 0x0000000088900000, 0x0000000088800000| Complete 
| 137|0x0000000088900000, 0x0000000088a00000, 0x0000000088a00000|100%|HC|  |TAMS 0x0000000088a00000, 0x0000000088900000| Complete 
| 138|0x0000000088a00000, 0x0000000088b00000, 0x0000000088b00000|100%|HC|  |TAMS 0x0000000088b00000, 0x0000000088a00000| Complete 
| 139|0x0000000088b00000, 0x0000000088c00000, 0x0000000088c00000|100%|HC|  |TAMS 0x0000000088c00000, 0x0000000088b00000| Complete 
| 140|0x0000000088c00000, 0x0000000088d00000, 0x0000000088d00000|100%|HC|  |TAMS 0x0000000088d00000, 0x0000000088c00000| Complete 
| 141|0x0000000088d00000, 0x0000000088e00000, 0x0000000088e00000|100%|HC|  |TAMS 0x0000000088e00000, 0x0000000088d00000| Complete 
| 142|0x0000000088e00000, 0x0000000088f00000, 0x0000000088f00000|100%|HC|  |TAMS 0x0000000088f00000, 0x0000000088e00000| Complete 
| 143|0x0000000088f00000, 0x0000000089000000, 0x0000000089000000|100%|HC|  |TAMS 0x0000000089000000, 0x0000000088f00000| Complete 
| 144|0x0000000089000000, 0x0000000089100000, 0x0000000089100000|100%|HC|  |TAMS 0x0000000089100000, 0x0000000089000000| Complete 
| 145|0x0000000089100000, 0x0000000089200000, 0x0000000089200000|100%|HC|  |TAMS 0x0000000089200000, 0x0000000089100000| Complete 
| 146|0x0000000089200000, 0x0000000089300000, 0x0000000089300000|100%|HC|  |TAMS 0x0000000089300000, 0x0000000089200000| Complete 
| 147|0x0000000089300000, 0x0000000089400000, 0x0000000089400000|100%|HC|  |TAMS 0x0000000089400000, 0x0000000089300000| Complete 
| 148|0x0000000089400000, 0x0000000089500000, 0x0000000089500000|100%|HC|  |TAMS 0x0000000089500000, 0x0000000089400000| Complete 
| 149|0x0000000089500000, 0x0000000089600000, 0x0000000089600000|100%|HC|  |TAMS 0x0000000089600000, 0x0000000089500000| Complete 
| 150|0x0000000089600000, 0x0000000089700000, 0x0000000089700000|100%|HC|  |TAMS 0x0000000089700000, 0x0000000089600000| Complete 
| 151|0x0000000089700000, 0x0000000089800000, 0x0000000089800000|100%|HC|  |TAMS 0x0000000089800000, 0x0000000089700000| Complete 
| 152|0x0000000089800000, 0x0000000089900000, 0x0000000089900000|100%|HC|  |TAMS 0x0000000089900000, 0x0000000089800000| Complete 
| 153|0x0000000089900000, 0x0000000089a00000, 0x0000000089a00000|100%|HC|  |TAMS 0x0000000089a00000, 0x0000000089900000| Complete 
| 154|0x0000000089a00000, 0x0000000089b00000, 0x0000000089b00000|100%|HS|  |TAMS 0x0000000089b00000, 0x0000000089a00000| Complete 
| 155|0x0000000089b00000, 0x0000000089c00000, 0x0000000089c00000|100%|HC|  |TAMS 0x0000000089c00000, 0x0000000089b00000| Complete 
| 156|0x0000000089c00000, 0x0000000089d00000, 0x0000000089d00000|100%|HC|  |TAMS 0x0000000089d00000, 0x0000000089c00000| Complete 
| 157|0x0000000089d00000, 0x0000000089e00000, 0x0000000089e00000|100%| O|  |TAMS 0x0000000089e00000, 0x0000000089d00000| Untracked 
| 158|0x0000000089e00000, 0x0000000089f00000, 0x0000000089f00000|100%| O|  |TAMS 0x0000000089f00000, 0x0000000089e00000| Untracked 
| 159|0x0000000089f00000, 0x000000008a000000, 0x000000008a000000|100%|HS|  |TAMS 0x000000008a000000, 0x0000000089f00000| Complete 
| 160|0x000000008a000000, 0x000000008a100000, 0x000000008a100000|100%|HC|  |TAMS 0x000000008a100000, 0x000000008a000000| Complete 
| 161|0x000000008a100000, 0x000000008a200000, 0x000000008a200000|100%|HS|  |TAMS 0x000000008a200000, 0x000000008a100000| Complete 
| 162|0x000000008a200000, 0x000000008a300000, 0x000000008a300000|100%|HS|  |TAMS 0x000000008a300000, 0x000000008a200000| Complete 
| 163|0x000000008a300000, 0x000000008a400000, 0x000000008a400000|100%|HC|  |TAMS 0x000000008a400000, 0x000000008a300000| Complete 
| 164|0x000000008a400000, 0x000000008a500000, 0x000000008a500000|100%|HC|  |TAMS 0x000000008a500000, 0x000000008a400000| Complete 
| 165|0x000000008a500000, 0x000000008a600000, 0x000000008a600000|100%| O|  |TAMS 0x000000008a600000, 0x000000008a500000| Untracked 
| 166|0x000000008a600000, 0x000000008a700000, 0x000000008a700000|100%|HS|  |TAMS 0x000000008a700000, 0x000000008a600000| Complete 
| 167|0x000000008a700000, 0x000000008a800000, 0x000000008a800000|100%|HS|  |TAMS 0x000000008a800000, 0x000000008a700000| Complete 
| 168|0x000000008a800000, 0x000000008a900000, 0x000000008a900000|100%|HC|  |TAMS 0x000000008a900000, 0x000000008a800000| Complete 
| 169|0x000000008a900000, 0x000000008aa00000, 0x000000008aa00000|100%|HS|  |TAMS 0x000000008aa00000, 0x000000008a900000| Complete 
| 170|0x000000008aa00000, 0x000000008ab00000, 0x000000008ab00000|100%| O|  |TAMS 0x000000008ab00000, 0x000000008aa00000| Untracked 
| 171|0x000000008ab00000, 0x000000008ac00000, 0x000000008ac00000|100%| O|  |TAMS 0x000000008ac00000, 0x000000008ab00000| Untracked 
| 172|0x000000008ac00000, 0x000000008ad00000, 0x000000008ad00000|100%| O|  |TAMS 0x000000008ad00000, 0x000000008ac00000| Untracked 
| 173|0x000000008ad00000, 0x000000008ae00000, 0x000000008ae00000|100%|HS|  |TAMS 0x000000008ae00000, 0x000000008ad00000| Complete 
| 174|0x000000008ae00000, 0x000000008af00000, 0x000000008af00000|100%|HC|  |TAMS 0x000000008af00000, 0x000000008ae00000| Complete 
| 175|0x000000008af00000, 0x000000008b000000, 0x000000008b000000|100%| O|  |TAMS 0x000000008b000000, 0x000000008af00000| Untracked 
| 176|0x000000008b000000, 0x000000008b100000, 0x000000008b100000|100%| O|  |TAMS 0x000000008b100000, 0x000000008b000000| Untracked 
| 177|0x000000008b100000, 0x000000008b200000, 0x000000008b200000|100%| O|  |TAMS 0x000000008b200000, 0x000000008b100000| Untracked 
| 178|0x000000008b200000, 0x000000008b300000, 0x000000008b300000|100%|HS|  |TAMS 0x000000008b300000, 0x000000008b200000| Complete 
| 179|0x000000008b300000, 0x000000008b400000, 0x000000008b400000|100%|HC|  |TAMS 0x000000008b400000, 0x000000008b300000| Complete 
| 180|0x000000008b400000, 0x000000008b500000, 0x000000008b500000|100%| O|  |TAMS 0x000000008b500000, 0x000000008b400000| Untracked 
| 181|0x000000008b500000, 0x000000008b600000, 0x000000008b600000|100%|HS|  |TAMS 0x000000008b600000, 0x000000008b500000| Complete 
| 182|0x000000008b600000, 0x000000008b700000, 0x000000008b700000|100%|HC|  |TAMS 0x000000008b700000, 0x000000008b600000| Complete 
| 183|0x000000008b700000, 0x000000008b800000, 0x000000008b800000|100%|HC|  |TAMS 0x000000008b800000, 0x000000008b700000| Complete 
| 184|0x000000008b800000, 0x000000008b900000, 0x000000008b900000|100%|HS|  |TAMS 0x000000008b900000, 0x000000008b800000| Complete 
| 185|0x000000008b900000, 0x000000008ba00000, 0x000000008ba00000|100%| O|  |TAMS 0x000000008ba00000, 0x000000008b900000| Untracked 
| 186|0x000000008ba00000, 0x000000008bb00000, 0x000000008bb00000|100%| O|  |TAMS 0x000000008bb00000, 0x000000008ba00000| Untracked 
| 187|0x000000008bb00000, 0x000000008bc00000, 0x000000008bc00000|100%| O|  |TAMS 0x000000008bc00000, 0x000000008bb00000| Untracked 
| 188|0x000000008bc00000, 0x000000008bd00000, 0x000000008bd00000|100%| O|  |TAMS 0x000000008bd00000, 0x000000008bc00000| Untracked 
| 189|0x000000008bd00000, 0x000000008be00000, 0x000000008be00000|100%| O|  |TAMS 0x000000008be00000, 0x000000008bd00000| Untracked 
| 190|0x000000008be00000, 0x000000008bf00000, 0x000000008bf00000|100%| O|  |TAMS 0x000000008bebae00, 0x000000008be00000| Untracked 
| 191|0x000000008bf00000, 0x000000008c000000, 0x000000008c000000|100%| O|  |TAMS 0x000000008c000000, 0x000000008bf00000| Untracked 
| 192|0x000000008c000000, 0x000000008c100000, 0x000000008c100000|100%| O|  |TAMS 0x000000008c100000, 0x000000008c000000| Untracked 
| 193|0x000000008c100000, 0x000000008c200000, 0x000000008c200000|100%| O|  |TAMS 0x000000008c200000, 0x000000008c100000| Untracked 
| 194|0x000000008c200000, 0x000000008c300000, 0x000000008c300000|100%| O|  |TAMS 0x000000008c300000, 0x000000008c200000| Untracked 
| 195|0x000000008c300000, 0x000000008c400000, 0x000000008c400000|100%| O|  |TAMS 0x000000008c400000, 0x000000008c300000| Untracked 
| 196|0x000000008c400000, 0x000000008c500000, 0x000000008c500000|100%| O|  |TAMS 0x000000008c500000, 0x000000008c400000| Untracked 
| 197|0x000000008c500000, 0x000000008c600000, 0x000000008c600000|100%| O|  |TAMS 0x000000008c600000, 0x000000008c500000| Untracked 
| 198|0x000000008c600000, 0x000000008c700000, 0x000000008c700000|100%| O|  |TAMS 0x000000008c700000, 0x000000008c600000| Untracked 
| 199|0x000000008c700000, 0x000000008c800000, 0x000000008c800000|100%|HS|  |TAMS 0x000000008c800000, 0x000000008c700000| Complete 
| 200|0x000000008c800000, 0x000000008c900000, 0x000000008c900000|100%|HC|  |TAMS 0x000000008c900000, 0x000000008c800000| Complete 
| 201|0x000000008c900000, 0x000000008ca00000, 0x000000008ca00000|100%|HC|  |TAMS 0x000000008ca00000, 0x000000008c900000| Complete 
| 202|0x000000008ca00000, 0x000000008cb00000, 0x000000008cb00000|100%|HS|  |TAMS 0x000000008ca00000, 0x000000008ca00000| Complete 
| 203|0x000000008cb00000, 0x000000008cc00000, 0x000000008cc00000|100%|HC|  |TAMS 0x000000008cb00000, 0x000000008cb00000| Complete 
| 204|0x000000008cc00000, 0x000000008cd00000, 0x000000008cd00000|100%| O|  |TAMS 0x000000008cc00000, 0x000000008cc00000| Untracked 
| 205|0x000000008cd00000, 0x000000008ce00000, 0x000000008ce00000|100%|HS|  |TAMS 0x000000008cd00000, 0x000000008cd00000| Complete 
| 206|0x000000008ce00000, 0x000000008cf00000, 0x000000008cf00000|100%| O|  |TAMS 0x000000008ce00000, 0x000000008ce00000| Untracked 
| 207|0x000000008cf00000, 0x000000008d000000, 0x000000008d000000|100%| O|  |TAMS 0x000000008cf00000, 0x000000008cf00000| Untracked 
| 208|0x000000008d000000, 0x000000008d100000, 0x000000008d100000|100%| O|  |TAMS 0x000000008d000000, 0x000000008d000000| Untracked 
| 209|0x000000008d100000, 0x000000008d200000, 0x000000008d200000|100%| O|  |TAMS 0x000000008d100000, 0x000000008d100000| Untracked 
| 210|0x000000008d200000, 0x000000008d300000, 0x000000008d300000|100%| O|  |TAMS 0x000000008d200000, 0x000000008d200000| Untracked 
| 211|0x000000008d300000, 0x000000008d400000, 0x000000008d400000|100%| O|  |TAMS 0x000000008d300000, 0x000000008d300000| Untracked 
| 212|0x000000008d400000, 0x000000008d500000, 0x000000008d500000|100%|HS|  |TAMS 0x000000008d400000, 0x000000008d400000| Complete 
| 213|0x000000008d500000, 0x000000008d500000, 0x000000008d600000|  0%| F|  |TAMS 0x000000008d500000, 0x000000008d500000| Untracked 
| 214|0x000000008d600000, 0x000000008d700000, 0x000000008d700000|100%| S|CS|TAMS 0x000000008d600000, 0x000000008d600000| Complete 
| 215|0x000000008d700000, 0x000000008d800000, 0x000000008d800000|100%| S|CS|TAMS 0x000000008d700000, 0x000000008d700000| Complete 
| 216|0x000000008d800000, 0x000000008d800000, 0x000000008d900000|  0%| F|  |TAMS 0x000000008d800000, 0x000000008d800000| Untracked 
| 217|0x000000008d900000, 0x000000008d900000, 0x000000008da00000|  0%| F|  |TAMS 0x000000008d900000, 0x000000008d900000| Untracked 
| 218|0x000000008da00000, 0x000000008da00000, 0x000000008db00000|  0%| F|  |TAMS 0x000000008da00000, 0x000000008da00000| Untracked 
| 219|0x000000008db00000, 0x000000008db00000, 0x000000008dc00000|  0%| F|  |TAMS 0x000000008db00000, 0x000000008db00000| Untracked 
| 220|0x000000008dc00000, 0x000000008dc00000, 0x000000008dd00000|  0%| F|  |TAMS 0x000000008dc00000, 0x000000008dc00000| Untracked 
| 221|0x000000008dd00000, 0x000000008dd00000, 0x000000008de00000|  0%| F|  |TAMS 0x000000008dd00000, 0x000000008dd00000| Untracked 
| 222|0x000000008de00000, 0x000000008de00000, 0x000000008df00000|  0%| F|  |TAMS 0x000000008de00000, 0x000000008de00000| Untracked 
| 223|0x000000008df00000, 0x000000008df00000, 0x000000008e000000|  0%| F|  |TAMS 0x000000008df00000, 0x000000008df00000| Untracked 
| 224|0x000000008e000000, 0x000000008e000000, 0x000000008e100000|  0%| F|  |TAMS 0x000000008e000000, 0x000000008e000000| Untracked 
| 225|0x000000008e100000, 0x000000008e200000, 0x000000008e200000|100%|HS|  |TAMS 0x000000008e200000, 0x000000008e100000| Complete 
| 226|0x000000008e200000, 0x000000008e300000, 0x000000008e300000|100%|HC|  |TAMS 0x000000008e300000, 0x000000008e200000| Complete 
| 227|0x000000008e300000, 0x000000008e400000, 0x000000008e400000|100%|HC|  |TAMS 0x000000008e400000, 0x000000008e300000| Complete 
| 228|0x000000008e400000, 0x000000008e500000, 0x000000008e500000|100%|HC|  |TAMS 0x000000008e500000, 0x000000008e400000| Complete 
| 229|0x000000008e500000, 0x000000008e600000, 0x000000008e600000|100%|HC|  |TAMS 0x000000008e600000, 0x000000008e500000| Complete 
| 230|0x000000008e600000, 0x000000008e700000, 0x000000008e700000|100%|HC|  |TAMS 0x000000008e700000, 0x000000008e600000| Complete 
| 231|0x000000008e700000, 0x000000008e800000, 0x000000008e800000|100%|HC|  |TAMS 0x000000008e800000, 0x000000008e700000| Complete 
| 232|0x000000008e800000, 0x000000008e900000, 0x000000008e900000|100%|HC|  |TAMS 0x000000008e900000, 0x000000008e800000| Complete 
| 233|0x000000008e900000, 0x000000008ea00000, 0x000000008ea00000|100%|HC|  |TAMS 0x000000008ea00000, 0x000000008e900000| Complete 
| 234|0x000000008ea00000, 0x000000008eb00000, 0x000000008eb00000|100%|HC|  |TAMS 0x000000008eb00000, 0x000000008ea00000| Complete 
| 235|0x000000008eb00000, 0x000000008ec00000, 0x000000008ec00000|100%|HC|  |TAMS 0x000000008ec00000, 0x000000008eb00000| Complete 
| 236|0x000000008ec00000, 0x000000008ed00000, 0x000000008ed00000|100%|HC|  |TAMS 0x000000008ed00000, 0x000000008ec00000| Complete 
| 237|0x000000008ed00000, 0x000000008ee00000, 0x000000008ee00000|100%|HC|  |TAMS 0x000000008ee00000, 0x000000008ed00000| Complete 
| 238|0x000000008ee00000, 0x000000008ef00000, 0x000000008ef00000|100%|HC|  |TAMS 0x000000008ef00000, 0x000000008ee00000| Complete 
| 239|0x000000008ef00000, 0x000000008f000000, 0x000000008f000000|100%|HC|  |TAMS 0x000000008f000000, 0x000000008ef00000| Complete 
| 240|0x000000008f000000, 0x000000008f100000, 0x000000008f100000|100%|HC|  |TAMS 0x000000008f100000, 0x000000008f000000| Complete 
| 241|0x000000008f100000, 0x000000008f200000, 0x000000008f200000|100%|HC|  |TAMS 0x000000008f200000, 0x000000008f100000| Complete 
| 242|0x000000008f200000, 0x000000008f300000, 0x000000008f300000|100%|HC|  |TAMS 0x000000008f300000, 0x000000008f200000| Complete 
| 243|0x000000008f300000, 0x000000008f400000, 0x000000008f400000|100%|HC|  |TAMS 0x000000008f400000, 0x000000008f300000| Complete 
| 244|0x000000008f400000, 0x000000008f500000, 0x000000008f500000|100%|HC|  |TAMS 0x000000008f500000, 0x000000008f400000| Complete 
| 245|0x000000008f500000, 0x000000008f600000, 0x000000008f600000|100%|HC|  |TAMS 0x000000008f600000, 0x000000008f500000| Complete 
| 246|0x000000008f600000, 0x000000008f700000, 0x000000008f700000|100%|HC|  |TAMS 0x000000008f700000, 0x000000008f600000| Complete 
| 247|0x000000008f700000, 0x000000008f800000, 0x000000008f800000|100%|HC|  |TAMS 0x000000008f800000, 0x000000008f700000| Complete 
| 248|0x000000008f800000, 0x000000008f900000, 0x000000008f900000|100%|HC|  |TAMS 0x000000008f900000, 0x000000008f800000| Complete 
| 249|0x000000008f900000, 0x000000008fa00000, 0x000000008fa00000|100%|HC|  |TAMS 0x000000008fa00000, 0x000000008f900000| Complete 
| 250|0x000000008fa00000, 0x000000008fb00000, 0x000000008fb00000|100%|HC|  |TAMS 0x000000008fb00000, 0x000000008fa00000| Complete 
| 251|0x000000008fb00000, 0x000000008fc00000, 0x000000008fc00000|100%|HC|  |TAMS 0x000000008fc00000, 0x000000008fb00000| Complete 
| 252|0x000000008fc00000, 0x000000008fd00000, 0x000000008fd00000|100%|HC|  |TAMS 0x000000008fd00000, 0x000000008fc00000| Complete 
| 253|0x000000008fd00000, 0x000000008fd00000, 0x000000008fe00000|  0%| F|  |TAMS 0x000000008fd00000, 0x000000008fd00000| Untracked 
| 254|0x000000008fe00000, 0x000000008fe00000, 0x000000008ff00000|  0%| F|  |TAMS 0x000000008fe00000, 0x000000008fe00000| Untracked 
| 255|0x000000008ff00000, 0x0000000090000000, 0x0000000090000000|100%| O|  |TAMS 0x0000000090000000, 0x000000008ff00000| Untracked 
| 256|0x0000000090000000, 0x0000000090100000, 0x0000000090100000|100%| O|  |TAMS 0x0000000090100000, 0x0000000090000000| Untracked 
| 257|0x0000000090100000, 0x0000000090200000, 0x0000000090200000|100%| O|  |TAMS 0x0000000090200000, 0x0000000090100000| Untracked 
| 258|0x0000000090200000, 0x0000000090300000, 0x0000000090300000|100%| O|  |TAMS 0x0000000090300000, 0x0000000090200000| Untracked 
| 259|0x0000000090300000, 0x0000000090400000, 0x0000000090400000|100%| O|  |TAMS 0x0000000090400000, 0x0000000090300000| Untracked 
| 260|0x0000000090400000, 0x0000000090500000, 0x0000000090500000|100%| O|  |TAMS 0x0000000090500000, 0x0000000090400000| Untracked 
| 261|0x0000000090500000, 0x0000000090600000, 0x0000000090600000|100%| O|  |TAMS 0x0000000090500000, 0x0000000090500000| Untracked 
| 262|0x0000000090600000, 0x0000000090700000, 0x0000000090700000|100%| O|  |TAMS 0x0000000090600000, 0x0000000090600000| Untracked 
| 263|0x0000000090700000, 0x0000000090800000, 0x0000000090800000|100%| O|  |TAMS 0x0000000090700000, 0x0000000090700000| Untracked 
| 264|0x0000000090800000, 0x0000000090900000, 0x0000000090900000|100%| O|  |TAMS 0x0000000090800000, 0x0000000090800000| Untracked 
| 265|0x0000000090900000, 0x0000000090900000, 0x0000000090a00000|  0%| F|  |TAMS 0x0000000090900000, 0x0000000090900000| Untracked 
| 266|0x0000000090a00000, 0x0000000090b00000, 0x0000000090b00000|100%| O|  |TAMS 0x0000000090a00000, 0x0000000090a00000| Untracked 
| 267|0x0000000090b00000, 0x0000000090c00000, 0x0000000090c00000|100%| O|  |TAMS 0x0000000090b00000, 0x0000000090b00000| Untracked 
| 268|0x0000000090c00000, 0x0000000090d00000, 0x0000000090d00000|100%| O|  |TAMS 0x0000000090c00000, 0x0000000090c00000| Untracked 
| 269|0x0000000090d00000, 0x0000000090e00000, 0x0000000090e00000|100%| O|  |TAMS 0x0000000090d00000, 0x0000000090d00000| Untracked 
| 270|0x0000000090e00000, 0x0000000090f00000, 0x0000000090f00000|100%| O|  |TAMS 0x0000000090e00000, 0x0000000090e00000| Untracked 
| 271|0x0000000090f00000, 0x0000000091000000, 0x0000000091000000|100%| O|  |TAMS 0x0000000090f00000, 0x0000000090f00000| Untracked 
| 272|0x0000000091000000, 0x0000000091100000, 0x0000000091100000|100%| O|  |TAMS 0x0000000091000000, 0x0000000091000000| Untracked 
| 273|0x0000000091100000, 0x0000000091200000, 0x0000000091200000|100%| O|  |TAMS 0x0000000091100000, 0x0000000091100000| Untracked 

Card table byte_map: [0x000001d0f0100000,0x000001d0f0500000] _byte_map_base: 0x000001d0efd00000

Marking Bits (Prev, Next): (CMBitMap*) 0x000001d0dd21f730, (CMBitMap*) 0x000001d0dd21f6f8
 Prev Bits: [0x000001d0f2900000, 0x000001d0f4900000)
 Next Bits: [0x000001d0f0900000, 0x000001d0f2900000)

Polling page: 0x000001d0db120000

Metaspace:

Usage:
  Non-class:     84.11 MB capacity,    82.78 MB ( 98%) used,     1.07 MB (  1%) free+waste,   267.06 KB ( <1%) overhead. 
      Class:     12.98 MB capacity,    12.18 MB ( 94%) used,   696.43 KB (  5%) free+waste,   117.63 KB ( <1%) overhead. 
       Both:     97.09 MB capacity,    94.96 MB ( 98%) used,     1.75 MB (  2%) free+waste,   384.69 KB ( <1%) overhead. 

Virtual space:
  Non-class space:       86.00 MB reserved,      84.17 MB ( 98%) committed 
      Class space:        1.00 GB reserved,      13.03 MB (  1%) committed 
             Both:        1.08 GB reserved,      97.20 MB (  9%) committed 

Chunk freelists:
   Non-Class:  61.00 KB
       Class:  23.00 KB
        Both:  84.00 KB

MaxMetaspaceSize: 17179869184.00 GB
CompressedClassSpaceSize: 1.00 GB
Initial GC threshold: 20.80 MB
Current GC threshold: 162.01 MB
CDS: off

CodeHeap 'non-profiled nmethods': size=120064Kb used=8015Kb max_used=8015Kb free=112048Kb
 bounds [0x000001d0e87c0000, 0x000001d0e8fa0000, 0x000001d0efd00000]
CodeHeap 'profiled nmethods': size=120000Kb used=26624Kb max_used=26624Kb free=93375Kb
 bounds [0x000001d0e1290000, 0x000001d0e2ca0000, 0x000001d0e87c0000]
CodeHeap 'non-nmethods': size=5696Kb used=2392Kb max_used=2429Kb free=3303Kb
 bounds [0x000001d0e0d00000, 0x000001d0e0f80000, 0x000001d0e1290000]
 total_blobs=12863 nmethods=11946 adapters=829
 compilation: enabled
              stopped_count=0, restarted_count=0
 full_count=0

Compilation events (20 events):
Event: 39.831 Thread 0x000001d0f6e07800 nmethod 11989 0x000001d0e8f85190 code [0x000001d0e8f853c0, 0x000001d0e8f860d8]
Event: 39.831 Thread 0x000001d0f6e07800 11991       4       com.android.tools.r8.internal.pL::d (33 bytes)
Event: 39.832 Thread 0x000001d0f6e07800 nmethod 11991 0x000001d0e8f86d10 code [0x000001d0e8f86ea0, 0x000001d0e8f86f38]
Event: 39.832 Thread 0x000001d0f6e07800 11992       4       com.android.tools.r8.internal.pL::a (34 bytes)
Event: 39.835 Thread 0x000001d0f6e07800 nmethod 11992 0x000001d0e8f87010 code [0x000001d0e8f871a0, 0x000001d0e8f87318]
Event: 39.835 Thread 0x000001d0f6e07800 11990       4       com.android.tools.r8.internal.pL::a (34 bytes)
Event: 39.837 Thread 0x000001d0f6e07800 nmethod 11990 0x000001d0e8f87410 code [0x000001d0e8f875a0, 0x000001d0e8f87718]
Event: 39.905 Thread 0x000001d0f6e07800 11993       4       com.android.tools.r8.graph.P0::h (62 bytes)
Event: 39.938 Thread 0x000001d0f6e07800 nmethod 11993 0x000001d0e8f87810 code [0x000001d0e8f87a00, 0x000001d0e8f88178]
Event: 39.968 Thread 0x000001d0f6e07800 11994       4       com.android.tools.r8.graph.a1::a (258 bytes)
Event: 39.976 Thread 0x000001d0fa478800 nmethod 11982 0x000001d0e8f88710 code [0x000001d0e8f88d00, 0x000001d0e8f8de58]
Event: 39.978 Thread 0x000001d0f6e07800 nmethod 11994 0x000001d0e8f92090 code [0x000001d0e8f92240, 0x000001d0e8f926b8]
Event: 39.979 Thread 0x000001d0fa478800 11995       4       com.android.tools.r8.graph.X0::h (62 bytes)
Event: 39.979 Thread 0x000001d0f6e07800 11996       4       com.android.tools.r8.graph.c1::equals (37 bytes)
Event: 39.986 Thread 0x000001d0f6e07800 nmethod 11996 0x000001d0e8f92990 code [0x000001d0e8f92b40, 0x000001d0e8f92e78]
Event: 39.989 Thread 0x000001d0fa478800 nmethod 11995 0x000001d0e8f93110 code [0x000001d0e8f932c0, 0x000001d0e8f93918]
Event: 39.997 Thread 0x000001d0f6e09000 11997       3       com.android.tools.r8.internal.dt::d (191 bytes)
Event: 39.998 Thread 0x000001d0f6e09000 nmethod 11997 0x000001d0e2c8e110 code [0x000001d0e2c8e3a0, 0x000001d0e2c8f068]
Event: 40.014 Thread 0x000001d0f6e09000 11998       3       com.android.tools.r8.graph.X0::h (62 bytes)
Event: 40.015 Thread 0x000001d0f6e09000 nmethod 11998 0x000001d0e2c8f510 code [0x000001d0e2c8f760, 0x000001d0e2c90108]

GC Heap History (20 events):
Event: 38.462 GC heap after
{Heap after GC invocations=33 (full 0):
 garbage-first heap   total 267264K, used 219614K [0x0000000080000000, 0x0000000100000000)
  region size 1024K, 3 young (3072K), 3 survivors (3072K)
 Metaspace       used 97235K, capacity 99420K, committed 99536K, reserved 1136640K
  class space    used 12474K, capacity 13289K, committed 13344K, reserved 1048576K
}
Event: 38.735 GC heap before
{Heap before GC invocations=33 (full 0):
 garbage-first heap   total 267264K, used 228830K [0x0000000080000000, 0x0000000100000000)
  region size 1024K, 13 young (13312K), 3 survivors (3072K)
 Metaspace       used 97241K, capacity 99420K, committed 99536K, reserved 1136640K
  class space    used 12474K, capacity 13289K, committed 13344K, reserved 1048576K
}
Event: 38.757 GC heap after
{Heap after GC invocations=34 (full 0):
 garbage-first heap   total 267264K, used 224225K [0x0000000080000000, 0x0000000100000000)
  region size 1024K, 2 young (2048K), 2 survivors (2048K)
 Metaspace       used 97241K, capacity 99420K, committed 99536K, reserved 1136640K
  class space    used 12474K, capacity 13289K, committed 13344K, reserved 1048576K
}
Event: 39.045 GC heap before
{Heap before GC invocations=34 (full 0):
 garbage-first heap   total 267264K, used 234465K [0x0000000080000000, 0x0000000100000000)
  region size 1024K, 13 young (13312K), 2 survivors (2048K)
 Metaspace       used 97241K, capacity 99420K, committed 99536K, reserved 1136640K
  class space    used 12474K, capacity 13289K, committed 13344K, reserved 1048576K
}
Event: 39.057 GC heap after
{Heap after GC invocations=35 (full 0):
 garbage-first heap   total 267264K, used 229033K [0x0000000080000000, 0x0000000100000000)
  region size 1024K, 2 young (2048K), 2 survivors (2048K)
 Metaspace       used 97241K, capacity 99420K, committed 99536K, reserved 1136640K
  class space    used 12474K, capacity 13289K, committed 13344K, reserved 1048576K
}
Event: 39.212 GC heap before
{Heap before GC invocations=35 (full 0):
 garbage-first heap   total 267264K, used 241321K [0x0000000080000000, 0x0000000100000000)
  region size 1024K, 13 young (13312K), 2 survivors (2048K)
 Metaspace       used 97241K, capacity 99420K, committed 99536K, reserved 1136640K
  class space    used 12474K, capacity 13289K, committed 13344K, reserved 1048576K
}
Event: 39.225 GC heap after
{Heap after GC invocations=36 (full 0):
 garbage-first heap   total 267264K, used 234679K [0x0000000080000000, 0x0000000100000000)
  region size 1024K, 2 young (2048K), 2 survivors (2048K)
 Metaspace       used 97241K, capacity 99420K, committed 99536K, reserved 1136640K
  class space    used 12474K, capacity 13289K, committed 13344K, reserved 1048576K
}
Event: 39.275 GC heap before
{Heap before GC invocations=36 (full 0):
 garbage-first heap   total 267264K, used 245943K [0x0000000080000000, 0x0000000100000000)
  region size 1024K, 13 young (13312K), 2 survivors (2048K)
 Metaspace       used 97241K, capacity 99420K, committed 99536K, reserved 1136640K
  class space    used 12474K, capacity 13289K, committed 13344K, reserved 1048576K
}
Event: 39.285 GC heap after
{Heap after GC invocations=37 (full 0):
 garbage-first heap   total 267264K, used 237973K [0x0000000080000000, 0x0000000100000000)
  region size 1024K, 2 young (2048K), 2 survivors (2048K)
 Metaspace       used 97241K, capacity 99420K, committed 99536K, reserved 1136640K
  class space    used 12474K, capacity 13289K, committed 13344K, reserved 1048576K
}
Event: 39.327 GC heap before
{Heap before GC invocations=38 (full 0):
 garbage-first heap   total 267264K, used 249237K [0x0000000080000000, 0x0000000100000000)
  region size 1024K, 13 young (13312K), 2 survivors (2048K)
 Metaspace       used 97241K, capacity 99420K, committed 99536K, reserved 1136640K
  class space    used 12474K, capacity 13289K, committed 13344K, reserved 1048576K
}
Event: 39.331 GC heap after
{Heap after GC invocations=39 (full 0):
 garbage-first heap   total 267264K, used 241121K [0x0000000080000000, 0x0000000100000000)
  region size 1024K, 2 young (2048K), 2 survivors (2048K)
 Metaspace       used 97241K, capacity 99420K, committed 99536K, reserved 1136640K
  class space    used 12474K, capacity 13289K, committed 13344K, reserved 1048576K
}
Event: 39.353 GC heap before
{Heap before GC invocations=39 (full 0):
 garbage-first heap   total 267264K, used 246241K [0x0000000080000000, 0x0000000100000000)
  region size 1024K, 8 young (8192K), 2 survivors (2048K)
 Metaspace       used 97241K, capacity 99420K, committed 99536K, reserved 1136640K
  class space    used 12474K, capacity 13289K, committed 13344K, reserved 1048576K
}
Event: 39.358 GC heap after
{Heap after GC invocations=40 (full 0):
 garbage-first heap   total 267264K, used 243435K [0x0000000080000000, 0x0000000100000000)
  region size 1024K, 2 young (2048K), 2 survivors (2048K)
 Metaspace       used 97241K, capacity 99420K, committed 99536K, reserved 1136640K
  class space    used 12474K, capacity 13289K, committed 13344K, reserved 1048576K
}
Event: 39.519 GC heap before
{Heap before GC invocations=40 (full 0):
 garbage-first heap   total 267264K, used 262891K [0x0000000080000000, 0x0000000100000000)
  region size 1024K, 13 young (13312K), 2 survivors (2048K)
 Metaspace       used 97242K, capacity 99420K, committed 99536K, reserved 1136640K
  class space    used 12474K, capacity 13289K, committed 13344K, reserved 1048576K
}
Event: 39.534 GC heap after
{Heap after GC invocations=41 (full 0):
 garbage-first heap   total 270336K, used 249771K [0x0000000080000000, 0x0000000100000000)
  region size 1024K, 2 young (2048K), 2 survivors (2048K)
 Metaspace       used 97242K, capacity 99420K, committed 99536K, reserved 1136640K
  class space    used 12474K, capacity 13289K, committed 13344K, reserved 1048576K
}
Event: 39.720 GC heap before
{Heap before GC invocations=41 (full 0):
 garbage-first heap   total 270336K, used 262059K [0x0000000080000000, 0x0000000100000000)
  region size 1024K, 13 young (13312K), 2 survivors (2048K)
 Metaspace       used 97243K, capacity 99420K, committed 99536K, reserved 1136640K
  class space    used 12474K, capacity 13289K, committed 13344K, reserved 1048576K
}
Event: 39.738 GC heap after
{Heap after GC invocations=42 (full 0):
 garbage-first heap   total 270336K, used 256611K [0x0000000080000000, 0x0000000100000000)
  region size 1024K, 2 young (2048K), 2 survivors (2048K)
 Metaspace       used 97243K, capacity 99420K, committed 99536K, reserved 1136640K
  class space    used 12474K, capacity 13289K, committed 13344K, reserved 1048576K
}
Event: 39.907 GC heap before
{Heap before GC invocations=42 (full 0):
 garbage-first heap   total 270336K, used 267875K [0x0000000080000000, 0x0000000100000000)
  region size 1024K, 13 young (13312K), 2 survivors (2048K)
 Metaspace       used 97243K, capacity 99420K, committed 99536K, reserved 1136640K
  class space    used 12474K, capacity 13289K, committed 13344K, reserved 1048576K
}
Event: 39.928 GC heap after
{Heap after GC invocations=43 (full 0):
 garbage-first heap   total 276480K, used 262332K [0x0000000080000000, 0x0000000100000000)
  region size 1024K, 2 young (2048K), 2 survivors (2048K)
 Metaspace       used 97243K, capacity 99420K, committed 99536K, reserved 1136640K
  class space    used 12474K, capacity 13289K, committed 13344K, reserved 1048576K
}
Event: 40.024 GC heap before
{Heap before GC invocations=44 (full 0):
 garbage-first heap   total 276480K, used 273596K [0x0000000080000000, 0x0000000100000000)
  region size 1024K, 13 young (13312K), 2 survivors (2048K)
 Metaspace       used 97243K, capacity 99420K, committed 99536K, reserved 1136640K
  class space    used 12474K, capacity 13289K, committed 13344K, reserved 1048576K
}

Deoptimization events (20 events):
Event: 39.940 Thread 0x000001d081137000 DEOPT PACKING pc=0x000001d0e2c8dbfe sp=0x0000003a9b5fd370
Event: 39.940 Thread 0x000001d081137000 DEOPT UNPACKING pc=0x000001d0e0d4a95e sp=0x0000003a9b5fc7e8 mode 0
Event: 39.941 Thread 0x000001d081137000 DEOPT PACKING pc=0x000001d0e2c33926 sp=0x0000003a9b5fd3a0
Event: 39.941 Thread 0x000001d081137000 DEOPT UNPACKING pc=0x000001d0e0d4a95e sp=0x0000003a9b5fca50 mode 0
Event: 39.942 Thread 0x000001d081137000 DEOPT PACKING pc=0x000001d0e2c8dbfe sp=0x0000003a9b5fd370
Event: 39.942 Thread 0x000001d081137000 DEOPT UNPACKING pc=0x000001d0e0d4a95e sp=0x0000003a9b5fc7e8 mode 0
Event: 39.944 Thread 0x000001d081137000 DEOPT PACKING pc=0x000001d0e2c33926 sp=0x0000003a9b5fd3a0
Event: 39.944 Thread 0x000001d081137000 DEOPT UNPACKING pc=0x000001d0e0d4a95e sp=0x0000003a9b5fca50 mode 0
Event: 39.946 Thread 0x000001d081137000 DEOPT PACKING pc=0x000001d0e2c33926 sp=0x0000003a9b5fd3a0
Event: 39.946 Thread 0x000001d081137000 DEOPT UNPACKING pc=0x000001d0e0d4a95e sp=0x0000003a9b5fca50 mode 0
Event: 39.947 Thread 0x000001d081137000 DEOPT PACKING pc=0x000001d0e2c33926 sp=0x0000003a9b5fd3a0
Event: 39.947 Thread 0x000001d081137000 DEOPT UNPACKING pc=0x000001d0e0d4a95e sp=0x0000003a9b5fca50 mode 0
Event: 39.962 Thread 0x000001d081137000 DEOPT PACKING pc=0x000001d0e2c33926 sp=0x0000003a9b5fd3a0
Event: 39.962 Thread 0x000001d081137000 DEOPT UNPACKING pc=0x000001d0e0d4a95e sp=0x0000003a9b5fca50 mode 0
Event: 39.968 Thread 0x000001d081137000 DEOPT PACKING pc=0x000001d0e2c8dbfe sp=0x0000003a9b5fd370
Event: 39.968 Thread 0x000001d081137000 DEOPT UNPACKING pc=0x000001d0e0d4a95e sp=0x0000003a9b5fc7e8 mode 0
Event: 40.014 Thread 0x000001d081137000 Uncommon trap: trap_request=0xffffff4d fr.pc=0x000001d0e8f93644 relative=0x0000000000000384
Event: 40.014 Thread 0x000001d081137000 Uncommon trap: reason=unstable_if action=reinterpret pc=0x000001d0e8f93644 method=com.android.tools.r8.graph.X0.h(Ljava/lang/Object;)Z @ 23 c2
Event: 40.014 Thread 0x000001d081137000 DEOPT PACKING pc=0x000001d0e8f93644 sp=0x0000003a9b5fd440
Event: 40.014 Thread 0x000001d081137000 DEOPT UNPACKING pc=0x000001d0e0d4a1af sp=0x0000003a9b5fd3e0 mode 2

Classes redefined (0 events):
No events

Internal exceptions (20 events):
Event: 35.330 Thread 0x000001d081133800 Exception <a 'sun/nio/fs/WindowsException'{0x000000008b157fa8}> (0x000000008b157fa8) thrown at [./src/hotspot/share/prims/jni.cpp, line 616]
Event: 35.330 Thread 0x000001d081133800 Exception <a 'sun/nio/fs/WindowsException'{0x000000008b1582c8}> (0x000000008b1582c8) thrown at [./src/hotspot/share/prims/jni.cpp, line 616]
Event: 35.330 Thread 0x000001d081133800 Exception <a 'sun/nio/fs/WindowsException'{0x000000008b159410}> (0x000000008b159410) thrown at [./src/hotspot/share/prims/jni.cpp, line 616]
Event: 35.331 Thread 0x000001d081133800 Exception <a 'sun/nio/fs/WindowsException'{0x000000008b1596d0}> (0x000000008b1596d0) thrown at [./src/hotspot/share/prims/jni.cpp, line 616]
Event: 35.331 Thread 0x000001d081133800 Exception <a 'sun/nio/fs/WindowsException'{0x000000008b15a7e8}> (0x000000008b15a7e8) thrown at [./src/hotspot/share/prims/jni.cpp, line 616]
Event: 35.331 Thread 0x000001d081133800 Exception <a 'sun/nio/fs/WindowsException'{0x000000008b15aac0}> (0x000000008b15aac0) thrown at [./src/hotspot/share/prims/jni.cpp, line 616]
Event: 35.383 Thread 0x000001d081133800 Exception <a 'java/lang/NoSuchMethodError'{0x000000008b0e7e20}: <clinit>> (0x000000008b0e7e20) thrown at [./src/hotspot/share/prims/jni.cpp, line 1366]
Event: 35.390 Thread 0x000001d081133800 Exception <a 'java/lang/NoSuchMethodError'{0x000000008af217a8}: <clinit>> (0x000000008af217a8) thrown at [./src/hotspot/share/prims/jni.cpp, line 1366]
Event: 35.397 Thread 0x000001d081133800 Exception <a 'java/lang/NoSuchMethodError'{0x000000008af54ec0}: <clinit>> (0x000000008af54ec0) thrown at [./src/hotspot/share/prims/jni.cpp, line 1366]
Event: 35.399 Thread 0x000001d081133800 Exception <a 'java/lang/NoSuchMethodError'{0x000000008af690c8}: <clinit>> (0x000000008af690c8) thrown at [./src/hotspot/share/prims/jni.cpp, line 1366]
Event: 37.340 Thread 0x000001d081137000 Exception <a 'sun/nio/fs/WindowsException'{0x0000000089ab5818}> (0x0000000089ab5818) thrown at [./src/hotspot/share/prims/jni.cpp, line 616]
Event: 37.409 Thread 0x000001d081137800 Implicit null exception at 0x000001d0e8f0705c to 0x000001d0e8f07eac
Event: 37.490 Thread 0x000001d081137000 Exception <a 'java/lang/NoSuchMethodError'{0x0000000087319bc0}: 'java.lang.Object java.lang.invoke.DirectMethodHandle$Holder.newInvokeSpecial(java.lang.Object, int)'> (0x0000000087319bc0) thrown at [./src/hotspot/share/interpreter/linkResolver.cpp, line 773]
Event: 37.512 Thread 0x000001d081137800 Exception <a 'java/lang/NoSuchMethodError'{0x00000000874e4490}: 'void java.lang.invoke.DirectMethodHandle$Holder.invokeStatic(java.lang.Object, long)'> (0x00000000874e4490) thrown at [./src/hotspot/share/interpreter/linkResolver.cpp, line 773]
Event: 37.513 Thread 0x000001d081137800 Exception <a 'java/lang/NoSuchMethodError'{0x00000000874e9950}: 'java.lang.Object java.lang.invoke.DirectMethodHandle$Holder.invokeStatic(java.lang.Object, long)'> (0x00000000874e9950) thrown at [./src/hotspot/share/interpreter/linkResolver.cpp, line 773]
Event: 37.518 Thread 0x000001d081137800 Exception <a 'java/lang/NoSuchMethodError'{0x00000000874f7cb8}: 'java.lang.Object java.lang.invoke.DirectMethodHandle$Holder.invokeStaticInit(java.lang.Object, java.lang.Object, long, java.lang.Object)'> (0x00000000874f7cb8) thrown at [./src/hotspot/share/interpreter/linkResolver.cpp, line 773]
Event: 37.518 Thread 0x000001d081137800 Exception <a 'java/lang/NoSuchMethodError'{0x00000000874fde50}: 'java.lang.Object java.lang.invoke.DirectMethodHandle$Holder.invokeStatic(java.lang.Object, java.lang.Object, long)'> (0x00000000874fde50) thrown at [./src/hotspot/share/interpreter/linkResolver.cpp, line 773]
Event: 37.527 Thread 0x000001d081137800 Exception <a 'java/lang/NoSuchMethodError'{0x00000000873686b0}: 'java.lang.Object java.lang.invoke.Invokers$Holder.linkToTargetMethod(java.lang.Object, long, java.lang.Object)'> (0x00000000873686b0) thrown at [./src/hotspot/share/interpreter/linkResolver.cpp, line 773]
Event: 37.795 Thread 0x000001d081137800 Exception <a 'java/lang/NoSuchMethodError'{0x000000008b70ab38}: 'int java.lang.invoke.DirectMethodHandle$Holder.invokeSpecialIFC(java.lang.Object, java.lang.Object, java.lang.Object)'> (0x000000008b70ab38) thrown at [./src/hotspot/share/interpreter/linkResolver.cpp, line 773]
Event: 37.868 Thread 0x000001d081137000 Exception <a 'java/lang/NoSuchMethodError'{0x000000008b6d6dc0}: 'java.lang.Object java.lang.invoke.DirectMethodHandle$Holder.invokeStaticInit(java.lang.Object, java.lang.Object, java.lang.Object, java.lang.Object, java.lang.Object, java.lang.Object, java.lang.Object, java.lang.Object, java.lang.Object, java.lang.Object, java.lang.Object, java.lang.Object, java.lang.Object, java.lang.Object, java.lang.Object, java.lang.Object, java.lang.Object, java.lang.Object, int, java.lang.Object, java.lang.Object)'> (0

Events (20 events):
Event: 39.225 Executing VM operation: G1CollectForAllocation done
Event: 39.275 Executing VM operation: G1CollectForAllocation
Event: 39.285 Executing VM operation: G1CollectForAllocation done
Event: 39.324 Executing VM operation: CGC_Operation
Event: 39.324 Executing VM operation: CGC_Operation done
Event: 39.327 Executing VM operation: G1CollectForAllocation
Event: 39.331 Executing VM operation: G1CollectForAllocation done
Event: 39.353 Executing VM operation: G1CollectForAllocation
Event: 39.359 Executing VM operation: G1CollectForAllocation done
Event: 39.519 Executing VM operation: G1CollectForAllocation
Event: 39.534 Executing VM operation: G1CollectForAllocation done
Event: 39.719 Executing VM operation: G1CollectForAllocation
Event: 39.738 Executing VM operation: G1CollectForAllocation done
Event: 39.739 Executing VM operation: CGC_Operation
Event: 39.759 Executing VM operation: CGC_Operation done
Event: 39.906 Executing VM operation: G1CollectForAllocation
Event: 39.928 Executing VM operation: G1CollectForAllocation done
Event: 39.995 Executing VM operation: CGC_Operation
Event: 39.995 Executing VM operation: CGC_Operation done
Event: 40.023 Executing VM operation: G1CollectForAllocation


Dynamic libraries:
0x00007ff6ad2f0000 - 0x00007ff6ad2fa000 	C:\Program Files\Android\Android Studio\jre\bin\java.exe
0x00007fff840d0000 - 0x00007fff842c8000 	C:\WINDOWS\SYSTEM32\ntdll.dll
0x00007fff82d40000 - 0x00007fff82dff000 	C:\WINDOWS\System32\KERNEL32.DLL
0x00007fff819f0000 - 0x00007fff81ce6000 	C:\WINDOWS\System32\KERNELBASE.dll
0x00007fff82030000 - 0x00007fff82130000 	C:\WINDOWS\System32\ucrtbase.dll
0x00007fff6c340000 - 0x00007fff6c357000 	C:\Program Files\Android\Android Studio\jre\bin\VCRUNTIME140.dll
0x00007fff6bf30000 - 0x00007fff6bf49000 	C:\Program Files\Android\Android Studio\jre\bin\jli.dll
0x00007fff82980000 - 0x00007fff82b1d000 	C:\WINDOWS\System32\USER32.dll
0x00007fff81d20000 - 0x00007fff81d42000 	C:\WINDOWS\System32\win32u.dll
0x00007fff82c60000 - 0x00007fff82c8c000 	C:\WINDOWS\System32\GDI32.dll
0x00007fff81d50000 - 0x00007fff81e65000 	C:\WINDOWS\System32\gdi32full.dll
0x00007fff6d950000 - 0x00007fff6dbea000 	C:\WINDOWS\WinSxS\amd64_microsoft.windows.common-controls_6595b64144ccf1df_6.0.19041.1110_none_60b5254171f9507e\COMCTL32.dll
0x00007fff82ec0000 - 0x00007fff82f5e000 	C:\WINDOWS\System32\msvcrt.dll
0x00007fff81f20000 - 0x00007fff81fbd000 	C:\WINDOWS\System32\msvcp_win.dll
0x00007fff82950000 - 0x00007fff82980000 	C:\WINDOWS\System32\IMM32.DLL
0x00007fff60850000 - 0x00007fff608ed000 	C:\Program Files\Android\Android Studio\jre\bin\msvcp140.dll
0x00007fff3fc70000 - 0x00007fff40772000 	C:\Program Files\Android\Android Studio\jre\bin\server\jvm.dll
0x00007fff82c90000 - 0x00007fff82d3f000 	C:\WINDOWS\System32\ADVAPI32.dll
0x00007fff82f60000 - 0x00007fff82ffc000 	C:\WINDOWS\System32\sechost.dll
0x00007fff82b20000 - 0x00007fff82c46000 	C:\WINDOWS\System32\RPCRT4.dll
0x00007fff82eb0000 - 0x00007fff82eb8000 	C:\WINDOWS\System32\PSAPI.DLL
0x00007fff78e80000 - 0x00007fff78e89000 	C:\WINDOWS\SYSTEM32\WSOCK32.dll
0x00007fff83d40000 - 0x00007fff83dab000 	C:\WINDOWS\System32\WS2_32.dll
0x00007fff792f0000 - 0x00007fff79317000 	C:\WINDOWS\SYSTEM32\WINMM.dll
0x00007fff7a960000 - 0x00007fff7a96a000 	C:\WINDOWS\SYSTEM32\VERSION.dll
0x00007fff7ffc0000 - 0x00007fff7ffd2000 	C:\WINDOWS\SYSTEM32\kernel.appcore.dll
0x00007fff6c210000 - 0x00007fff6c221000 	C:\Program Files\Android\Android Studio\jre\bin\verify.dll
0x00007fff7fc90000 - 0x00007fff7fe74000 	C:\WINDOWS\SYSTEM32\DBGHELP.DLL
0x00007fff699f0000 - 0x00007fff69a24000 	C:\WINDOWS\SYSTEM32\dbgcore.DLL
0x00007fff81800000 - 0x00007fff81882000 	C:\WINDOWS\System32\bcryptPrimitives.dll
0x00007fff63cf0000 - 0x00007fff63d19000 	C:\Program Files\Android\Android Studio\jre\bin\java.dll
0x00007fff74ad0000 - 0x00007fff74adb000 	C:\Program Files\Android\Android Studio\jre\bin\jimage.dll
0x00007fff6bf50000 - 0x00007fff6bf68000 	C:\Program Files\Android\Android Studio\jre\bin\zip.dll
0x00007fff83540000 - 0x00007fff83c84000 	C:\WINDOWS\System32\SHELL32.dll
0x00007fff7f4e0000 - 0x00007fff7fc73000 	C:\WINDOWS\SYSTEM32\windows.storage.dll
0x00007fff82400000 - 0x00007fff82754000 	C:\WINDOWS\System32\combase.dll
0x00007fff81130000 - 0x00007fff8115e000 	C:\WINDOWS\SYSTEM32\Wldp.dll
0x00007fff827c0000 - 0x00007fff8286d000 	C:\WINDOWS\System32\SHCORE.dll
0x00007fff82130000 - 0x00007fff82185000 	C:\WINDOWS\System32\shlwapi.dll
0x00007fff816f0000 - 0x00007fff8170f000 	C:\WINDOWS\SYSTEM32\profapi.dll
0x00007fff6a410000 - 0x00007fff6a42a000 	C:\Program Files\Android\Android Studio\jre\bin\net.dll
0x00007fff6f510000 - 0x00007fff6f61a000 	C:\WINDOWS\SYSTEM32\WINHTTP.dll
0x00007fff80e40000 - 0x00007fff80eaa000 	C:\WINDOWS\system32\mswsock.dll
0x00007fff690f0000 - 0x00007fff69104000 	C:\Program Files\Android\Android Studio\jre\bin\nio.dll
0x00007fff6c360000 - 0x00007fff6c387000 	C:\Users\Dominik\.gradle\native\e1d6ef7f7dcc3fd88c89a11ec53ec762bb8ba0a96d01ffa2cd45eb1d1d8dd5c5\windows-amd64\native-platform.dll
0x00007fff5cfc0000 - 0x00007fff5d104000 	C:\Users\Dominik\.gradle\native\0d407fdbe67a94daf76414ababcb853783967236a71b16ec16e742cd7a986fd3\windows-amd64\native-platform-file-events.dll
0x00007fff6be90000 - 0x00007fff6be9a000 	C:\Program Files\Android\Android Studio\jre\bin\management.dll
0x00007fff69ea0000 - 0x00007fff69ead000 	C:\Program Files\Android\Android Studio\jre\bin\management_ext.dll
0x00007fff81060000 - 0x00007fff81078000 	C:\WINDOWS\SYSTEM32\CRYPTSP.dll
0x00007fff80770000 - 0x00007fff807a4000 	C:\WINDOWS\system32\rsaenh.dll
0x00007fff81cf0000 - 0x00007fff81d17000 	C:\WINDOWS\System32\bcrypt.dll
0x00007fff816b0000 - 0x00007fff816de000 	C:\WINDOWS\SYSTEM32\USERENV.dll
0x00007fff81080000 - 0x00007fff8108c000 	C:\WINDOWS\SYSTEM32\CRYPTBASE.dll
0x00007fff80b50000 - 0x00007fff80b8c000 	C:\WINDOWS\SYSTEM32\IPHLPAPI.DLL
0x00007fff83db0000 - 0x00007fff83db8000 	C:\WINDOWS\System32\NSI.dll
0x00007fff774e0000 - 0x00007fff774f7000 	C:\WINDOWS\SYSTEM32\dhcpcsvc6.DLL
0x00007fff772c0000 - 0x00007fff772dd000 	C:\WINDOWS\SYSTEM32\dhcpcsvc.DLL
0x00007fff80b90000 - 0x00007fff80c5b000 	C:\WINDOWS\SYSTEM32\DNSAPI.dll
0x00007fff77320000 - 0x00007fff77337000 	C:\WINDOWS\system32\napinsp.dll
0x00007fff77300000 - 0x00007fff7731b000 	C:\WINDOWS\system32\pnrpnsp.dll
0x00007fff772e0000 - 0x00007fff772f5000 	C:\WINDOWS\system32\wshbth.dll
0x00007fff7cd80000 - 0x00007fff7cd9d000 	C:\WINDOWS\system32\NLAapi.dll
0x00007fff77260000 - 0x00007fff77272000 	C:\WINDOWS\System32\winrnr.dll
0x00007fff6dbf0000 - 0x00007fff6dbfa000 	C:\Windows\System32\rasadhlp.dll
0x00007fff743c0000 - 0x00007fff74442000 	C:\WINDOWS\System32\fwpuclnt.dll

dbghelp: loaded successfully - version: 4.0.5 - missing functions: none
symbol engine: initialized successfully - sym options: 0x614 - pdb path: .;C:\Program Files\Android\Android Studio\jre\bin;C:\WINDOWS\SYSTEM32;C:\WINDOWS\WinSxS\amd64_microsoft.windows.common-controls_6595b64144ccf1df_6.0.19041.1110_none_60b5254171f9507e;C:\Program Files\Android\Android Studio\jre\bin\server;C:\Users\Dominik\.gradle\native\e1d6ef7f7dcc3fd88c89a11ec53ec762bb8ba0a96d01ffa2cd45eb1d1d8dd5c5\windows-amd64;C:\Users\Dominik\.gradle\native\0d407fdbe67a94daf76414ababcb853783967236a71b16ec16e742cd7a986fd3\windows-amd64

VM Arguments:
jvm_args: --add-opens=java.base/java.util=ALL-UNNAMED --add-opens=java.base/java.lang=ALL-UNNAMED --add-opens=java.base/java.lang.invoke=ALL-UNNAMED --add-opens=java.base/java.util=ALL-UNNAMED --add-opens=java.prefs/java.util.prefs=ALL-UNNAMED --add-opens=java.prefs/java.util.prefs=ALL-UNNAMED --add-opens=java.base/java.nio.charset=ALL-UNNAMED --add-opens=java.base/java.net=ALL-UNNAMED --add-opens=java.base/java.util.concurrent.atomic=ALL-UNNAMED -Xmx2048m -Dfile.encoding=UTF-8 -Duser.country=PL -Duser.language=pl -Duser.variant 
java_command: org.gradle.launcher.daemon.bootstrap.GradleDaemon 7.4
java_class_path (initial): C:\Users\Dominik\.gradle\wrapper\dists\gradle-7.4-bin\c0gwcg53nkjbqw7r0h0umtfvt\gradle-7.4\lib\gradle-launcher-7.4.jar
Launcher Type: SUN_STANDARD

[Global flags]
     intx CICompilerCount                          = 3                                         {product} {ergonomic}
     uint ConcGCThreads                            = 1                                         {product} {ergonomic}
     uint G1ConcRefinementThreads                  = 4                                         {product} {ergonomic}
   size_t G1HeapRegionSize                         = 1048576                                   {product} {ergonomic}
    uintx GCDrainStackTargetSize                   = 64                                        {product} {ergonomic}
   size_t InitialHeapSize                          = 134217728                                 {product} {ergonomic}
   size_t MarkStackSize                            = 4194304                                   {product} {ergonomic}
   size_t MaxHeapSize                              = 2147483648                                {product} {command line}
   size_t MaxNewSize                               = 1287651328                                {product} {ergonomic}
   size_t MinHeapDeltaBytes                        = 1048576                                   {product} {ergonomic}
    uintx NonNMethodCodeHeapSize                   = 5830732                                {pd product} {ergonomic}
    uintx NonProfiledCodeHeapSize                  = 122913754                              {pd product} {ergonomic}
    uintx ProfiledCodeHeapSize                     = 122913754                              {pd product} {ergonomic}
    uintx ReservedCodeCacheSize                    = 251658240                              {pd product} {ergonomic}
     bool SegmentedCodeCache                       = true                                      {product} {ergonomic}
     bool UseCompressedClassPointers               = true                                 {lp64_product} {ergonomic}
     bool UseCompressedOops                        = true                                 {lp64_product} {ergonomic}
     bool UseG1GC                                  = true                                      {product} {ergonomic}
     bool UseLargePagesIndividualAllocation        = false                                  {pd product} {ergonomic}

Logging:
Log output configuration:
 #0: stdout all=warning uptime,level,tags
 #1: stderr all=off uptime,level,tags

Environment Variables:
PATH=C:\VulkanSDK\1.3.243.0\Bin;C:\Program Files (x86)\Intel\iCLS Client\;C:\ProgramData\Oracle\Java\javapath;C:\Program Files\Intel\iCLS Client\;C:\WINDOWS\system32;C:\WINDOWS;C:\WINDOWS\System32\Wbem;C:\WINDOWS\System32\WindowsPowerShell\v1.0\;C:\Program Files (x86)\CodeBlocks\MinGW\mingw32\bin\;C:\WINDOWS\System32\OpenSSH\;C:\Program Files (x86)\HP\Common\HPDestPlgIn\;C:\Program Files (x86)\Intel\Intel(R) Management Engine Components\DAL;C:\Program Files\Intel\Intel(R) Management Engine Components\DAL;C:\Program Files (x86)\Intel\Intel(R) Management Engine Components\IPT;C:\Program Files\Intel\Intel(R) Management Engine Components\IPT;C:\Program Files\Microsoft SQL Server\130\Tools\Binn\;C:\Program Files\Git\cmd;C:\Users\Dominik\AppData\Local\Packages\PythonSoftwareFoundation.Python.3.10_qbz5n2kfra8p0\LocalCache\local-packages\Python310\Scripts;C:\Users\Dominik\AppData\Local\Packages\PythonSoftwareFoundation.Python.3.10_qbz5n2kfra8p0\LocalCache\local-packages\Python310\Scripts;C:\Users\Dominik\AppData\Local\Programs\MiKTeX\miktex\bin\x64;C:\ffmpeg\bin;C:\Program Files\MiKTeX\miktex\bin\x64\;C:\Program Files\nodejs\;C:\Users\Dominik\AppData\Local\Programs\Python\Python310\Scripts\;C:\Users\Dominik\AppData\Local\Programs\Python\Python310\;\Users\Dominik\AppData\Local\Packages\PythonSoftwareFoundation.Python.3.10_qbz5n2kfra8p0\LocalCache\local-packages\Python310\Scripts'\Users\Dominik\AppData\Local\Packages\PythonSoftwareFoundation.Python.3.10_qbz5n2kfra8p0\LocalCache\local-packages\Python310\Scripts';C:\texlive\2021\bin\win32;C:\ffmpeg\bin;C:\Program Files\JetBrains\PyCharm Community Edition 2022.1.3\bin;C:\Users\Dominik\AppData\Local\Programs\Microsoft VS Code\bin;C:\Users\Dominik\AppData\Roaming\npm;C:\Program Files\JetBrains\PyCharm Community Edition 2023.1.2\bin;
USERNAME=Dominik
OS=Windows_NT
PROCESSOR_IDENTIFIER=Intel64 Family 6 Model 142 Stepping 9, GenuineIntel



---------------  S Y S T E M  ---------------

OS: Windows 10 , 64 bit Build 19041 (10.0.19041.2913)
OS uptime: 7 days 6:41 hours
Hyper-V role detected

CPU:total 4 (initial active 4) (2 cores per cpu, 2 threads per core) family 6 model 142 stepping 9 microcode 0xb4, cmov, cx8, fxsr, mmx, sse, sse2, sse3, ssse3, sse4.1, sse4.2, popcnt, avx, avx2, aes, clmul, erms, 3dnowpref, lzcnt, ht, tsc, tscinvbit, bmi1, bmi2, adx, fma

Memory: 4k page, system-wide physical 8090M (546M free)
TotalPageFile size 19302M (AvailPageFile size 125M)
current process WorkingSet (physical memory assigned to process): 549M, peak: 549M
current process commit charge ("private bytes"): 582M, peak: 790M

vm_info: OpenJDK 64-Bit Server VM (11.0.13+0-b1751.21-8125866) for windows-amd64 JRE (11.0.13+0-b1751.21-8125866), built on Feb  2 2022 03:00:22 by "builder" with MS VC++ 14.0 (VS2015)

END.
