#
# There is insufficient memory for the Java Runtime Environment to continue.
# Native memory allocation (mmap) failed to map 318767104 bytes for Failed to commit area from 0x0000000093000000 to 0x00000000a6000000 of length 318767104.
# Possible reasons:
#   The system is out of physical RAM or swap space
#   The process is running with CompressedOops enabled, and the Java Heap may be blocking the growth of the native heap
# Possible solutions:
#   Reduce memory load on the system
#   Increase physical memory or swap space
#   Check if swap backing store is full
#   Decrease Java heap size (-Xmx/-Xms)
#   Decrease number of Java threads
#   Decrease Java thread stack sizes (-Xss)
#   Set larger code cache with -XX:ReservedCodeCacheSize=
#   JVM is running with Unscaled Compressed Oops mode in which the Java heap is
#     placed in the first 4GB address space. The Java Heap base address is the
#     maximum limit for the native heap growth. Please use -XX:HeapBaseMinAddress
#     to set the Java Heap base and to place the Java Heap above 4GB virtual address.
# This output file may be truncated or incomplete.
#
#  Out of Memory Error (./src/hotspot/os/windows/os_windows.cpp:3619), pid=16988, tid=10944
#
# JRE version: OpenJDK Runtime Environment (11.0.13) (build 11.0.13+0-b1751.21-8125866)
# Java VM: OpenJDK 64-Bit Server VM (11.0.13+0-b1751.21-8125866, mixed mode, tiered, compressed oops, g1 gc, windows-amd64)
# No core dump will be written. Minidumps are not enabled by default on client versions of Windows
#

---------------  S U M M A R Y ------------

Command Line: --add-opens=java.base/java.util=ALL-UNNAMED --add-opens=java.base/java.lang=ALL-UNNAMED --add-opens=java.base/java.lang.invoke=ALL-UNNAMED --add-opens=java.base/java.util=ALL-UNNAMED --add-opens=java.prefs/java.util.prefs=ALL-UNNAMED --add-opens=java.prefs/java.util.prefs=ALL-UNNAMED --add-opens=java.base/java.nio.charset=ALL-UNNAMED --add-opens=java.base/java.net=ALL-UNNAMED --add-opens=java.base/java.util.concurrent.atomic=ALL-UNNAMED -Xmx2048m -Dfile.encoding=UTF-8 -Duser.country=PL -Duser.language=pl -Duser.variant org.gradle.launcher.daemon.bootstrap.GradleDaemon 7.4

Host: Intel(R) Core(TM) i5-7200U CPU @ 2.50GHz, 4 cores, 7G,  Windows 10 , 64 bit Build 19041 (10.0.19041.2913)
Time: Sat Jun  3 23:51:31 2023 Œrodkowoeuropejski czas letni elapsed time: 36.623874 seconds (0d 0h 0m 36s)

---------------  T H R E A D  ---------------

Current thread (0x000002cf704b1800):  VMThread "VM Thread" [stack: 0x000000e288800000,0x000000e288900000] [id=10944]

Stack: [0x000000e288800000,0x000000e288900000]
[error occurred during error reporting (printing stack bounds), id 0xc0000005, EXCEPTION_ACCESS_VIOLATION (0xc0000005) at pc=0x000002cf5a3d112d]

Native frames: (J=compiled Java code, j=interpreted, Vv=VM code, C=native code)
V  [jvm.dll+0x6100fa]
V  [jvm.dll+0x747090]
V  [jvm.dll+0x7486ad]
V  [jvm.dll+0x748ce5]
V  [jvm.dll+0x748c9b]
V  [jvm.dll+0x60f224]
V  [jvm.dll+0x60f9b8]
C  [ntdll.dll+0xa23df]
C  [ntdll.dll+0x514a4]
C  [ntdll.dll+0xa0f0e]
C  0x000002cf5a3d112d

VM_Operation (0x000000e28e5fcf00): G1CollectForAllocation, mode: safepoint, requested by thread 0x000002cf79f56800


---------------  P R O C E S S  ---------------

Threads class SMR info:
_java_thread_list=0x000002cf78def400, length=90, elements={
0x000002cf568b2000, 0x000002cf704b3800, 0x000002cf704b9000, 0x000002cf704d7000,
0x000002cf704d8000, 0x000002cf704d9000, 0x000002cf704da800, 0x000002cf704df000,
0x000002cf704ec000, 0x000002cf70f9f000, 0x000002cf72e7c800, 0x000002cf71206000,
0x000002cf72dd6800, 0x000002cf743e6800, 0x000002cf72d49800, 0x000002cf73048800,
0x000002cf735ba800, 0x000002cf7455d800, 0x000002cf71353000, 0x000002cf71352000,
0x000002cf71351000, 0x000002cf71353800, 0x000002cf7134e000, 0x000002cf71354800,
0x000002cf7134e800, 0x000002cf7134f800, 0x000002cf71350800, 0x000002cf738b8800,
0x000002cf738b6800, 0x000002cf738b7800, 0x000002cf738b9000, 0x000002cf738ba000,
0x000002cf738b5000, 0x000002cf738bb800, 0x000002cf738b6000, 0x000002cf738bc800,
0x000002cf738c3000, 0x000002cf738c0800, 0x000002cf738be000, 0x000002cf738c1800,
0x000002cf738c2000, 0x000002cf738bd000, 0x000002cf738c3800, 0x000002cf738bf000,
0x000002cf738bf800, 0x000002cf72896800, 0x000002cf72899000, 0x000002cf72897000,
0x000002cf72895800, 0x000002cf72894000, 0x000002cf72898000, 0x000002cf72893000,
0x000002cf72899800, 0x000002cf7289a800, 0x000002cf72894800, 0x000002cf728a0000,
0x000002cf7289d000, 0x000002cf7289e800, 0x000002cf7289d800, 0x000002cf7289f800,
0x000002cf728a1000, 0x000002cf7289b000, 0x000002cf728a2000, 0x000002cf7289c000,
0x000002cf7211b000, 0x000002cf72119800, 0x000002cf7211c000, 0x000002cf7211a000,
0x000002cf7211c800, 0x000002cf72117800, 0x000002cf7211e000, 0x000002cf7211d800,
0x000002cf72118800, 0x000002cf72120800, 0x000002cf72120000, 0x000002cf72121800,
0x000002cf72122800, 0x000002cf72124000, 0x000002cf7211f000, 0x000002cf72125800,
0x000002cf72126800, 0x000002cf79f59000, 0x000002cf79f55000, 0x000002cf79f57800,
0x000002cf79f56000, 0x000002cf79f5a000, 0x000002cf79f58800, 0x000002cf79f56800,
0x000002cf79f54800, 0x000002cf7146f800
}

Java Threads: ( => current thread )
  0x000002cf568b2000 JavaThread "main" [_thread_blocked, id=5732, stack(0x000000e288200000,0x000000e288300000)]
  0x000002cf704b3800 JavaThread "Reference Handler" daemon [_thread_blocked, id=15764, stack(0x000000e288900000,0x000000e288a00000)]
  0x000002cf704b9000 JavaThread "Finalizer" daemon [_thread_blocked, id=19376, stack(0x000000e288a00000,0x000000e288b00000)]
  0x000002cf704d7000 JavaThread "Signal Dispatcher" daemon [_thread_blocked, id=24936, stack(0x000000e288b00000,0x000000e288c00000)]
  0x000002cf704d8000 JavaThread "Attach Listener" daemon [_thread_blocked, id=24444, stack(0x000000e288c00000,0x000000e288d00000)]
  0x000002cf704d9000 JavaThread "Service Thread" daemon [_thread_blocked, id=24556, stack(0x000000e288d00000,0x000000e288e00000)]
  0x000002cf704da800 JavaThread "C2 CompilerThread0" daemon [_thread_blocked, id=6308, stack(0x000000e288e00000,0x000000e288f00000)]
  0x000002cf704df000 JavaThread "C1 CompilerThread0" daemon [_thread_blocked, id=20828, stack(0x000000e288f00000,0x000000e289000000)]
  0x000002cf704ec000 JavaThread "Sweeper thread" daemon [_thread_blocked, id=15744, stack(0x000000e289000000,0x000000e289100000)]
  0x000002cf70f9f000 JavaThread "Common-Cleaner" daemon [_thread_blocked, id=19728, stack(0x000000e289100000,0x000000e289200000)]
  0x000002cf72e7c800 JavaThread "Daemon health stats" [_thread_blocked, id=13960, stack(0x000000e289600000,0x000000e289700000)]
  0x000002cf71206000 JavaThread "Incoming local TCP Connector on port 58919" [_thread_in_native, id=18520, stack(0x000000e289300000,0x000000e289400000)]
  0x000002cf72dd6800 JavaThread "Daemon periodic checks" [_thread_blocked, id=14632, stack(0x000000e289700000,0x000000e289800000)]
  0x000002cf743e6800 JavaThread "Daemon" [_thread_blocked, id=23400, stack(0x000000e289800000,0x000000e289900000)]
  0x000002cf72d49800 JavaThread "Handler for socket connection from /127.0.0.1:58919 to /127.0.0.1:58920" [_thread_in_native, id=23160, stack(0x000000e289900000,0x000000e289a00000)]
  0x000002cf73048800 JavaThread "Cancel handler" [_thread_blocked, id=17092, stack(0x000000e289a00000,0x000000e289b00000)]
  0x000002cf735ba800 JavaThread "Daemon worker" [_thread_blocked, id=22380, stack(0x000000e289b00000,0x000000e289c00000)]
  0x000002cf7455d800 JavaThread "Asynchronous log dispatcher for DefaultDaemonConnection: socket connection from /127.0.0.1:58919 to /127.0.0.1:58920" [_thread_blocked, id=21536, stack(0x000000e289c00000,0x000000e289d00000)]
  0x000002cf71353000 JavaThread "Stdin handler" [_thread_blocked, id=18852, stack(0x000000e289d00000,0x000000e289e00000)]
  0x000002cf71352000 JavaThread "Daemon client event forwarder" [_thread_blocked, id=8648, stack(0x000000e289e00000,0x000000e289f00000)]
  0x000002cf71351000 JavaThread "Cache worker for journal cache (C:\Users\Dominik\.gradle\caches\journal-1)" [_thread_blocked, id=17844, stack(0x000000e28a000000,0x000000e28a100000)]
  0x000002cf71353800 JavaThread "File lock request listener" [_thread_in_native, id=3040, stack(0x000000e28a100000,0x000000e28a200000)]
  0x000002cf7134e000 JavaThread "Cache worker for file hash cache (C:\Users\Dominik\.gradle\caches\7.4\fileHashes)" [_thread_blocked, id=20320, stack(0x000000e28a200000,0x000000e28a300000)]
  0x000002cf71354800 JavaThread "File watcher server" daemon [_thread_blocked, id=22996, stack(0x000000e28a400000,0x000000e28a500000)]
  0x000002cf7134e800 JavaThread "File watcher consumer" daemon [_thread_blocked, id=21964, stack(0x000000e28a500000,0x000000e28a600000)]
  0x000002cf7134f800 JavaThread "Cache worker for checksums cache (C:\studia\rok3\mobilne\codzisnaobiad\.gradle\7.4\checksums)" [_thread_blocked, id=23940, stack(0x000000e28a600000,0x000000e28a700000)]
  0x000002cf71350800 JavaThread "Cache worker for cache directory md-rule (C:\Users\Dominik\.gradle\caches\7.4\md-rule)" [_thread_blocked, id=24992, stack(0x000000e28a700000,0x000000e28a800000)]
  0x000002cf738b8800 JavaThread "Cache worker for file hash cache (C:\studia\rok3\mobilne\codzisnaobiad\.gradle\7.4\fileHashes)" [_thread_blocked, id=24108, stack(0x000000e28a800000,0x000000e28a900000)]
  0x000002cf738b6800 JavaThread "Cache worker for cache directory md-supplier (C:\Users\Dominik\.gradle\caches\7.4\md-supplier)" [_thread_blocked, id=11916, stack(0x000000e28a900000,0x000000e28aa00000)]
  0x000002cf738b7800 JavaThread "Cache worker for execution history cache (C:\Users\Dominik\.gradle\caches\7.4\executionHistory)" [_thread_blocked, id=10960, stack(0x000000e28aa00000,0x000000e28ab00000)]
  0x000002cf738b9000 JavaThread "jar transforms" [_thread_blocked, id=6752, stack(0x000000e28ab00000,0x000000e28ac00000)]
  0x000002cf738ba000 JavaThread "Cache worker for file content cache (C:\Users\Dominik\.gradle\caches\7.4\fileContent)" [_thread_blocked, id=2420, stack(0x000000e28ac00000,0x000000e28ad00000)]
  0x000002cf738b5000 JavaThread "jar transforms Thread 2" [_thread_blocked, id=15204, stack(0x000000e28ad00000,0x000000e28ae00000)]
  0x000002cf738bb800 JavaThread "Cache worker for dependencies-accessors (C:\studia\rok3\mobilne\codzisnaobiad\.gradle\7.4\dependencies-accessors)" [_thread_blocked, id=20328, stack(0x000000e28ae00000,0x000000e28af00000)]
  0x000002cf738b6000 JavaThread "jar transforms Thread 3" [_thread_blocked, id=22112, stack(0x000000e28af00000,0x000000e28b000000)]
  0x000002cf738bc800 JavaThread "Cache worker for Build Output Cleanup Cache (C:\studia\rok3\mobilne\codzisnaobiad\.gradle\buildOutputCleanup)" [_thread_blocked, id=5064, stack(0x000000e28b000000,0x000000e28b100000)]
  0x000002cf738c3000 JavaThread "Unconstrained build operations" [_thread_blocked, id=17280, stack(0x000000e28b100000,0x000000e28b200000)]
  0x000002cf738c0800 JavaThread "Unconstrained build operations Thread 2" [_thread_blocked, id=6884, stack(0x000000e28b200000,0x000000e28b300000)]
  0x000002cf738be000 JavaThread "Unconstrained build operations Thread 3" [_thread_blocked, id=23792, stack(0x000000e28b300000,0x000000e28b400000)]
  0x000002cf738c1800 JavaThread "Unconstrained build operations Thread 4" [_thread_blocked, id=8180, stack(0x000000e28b400000,0x000000e28b500000)]
  0x000002cf738c2000 JavaThread "Unconstrained build operations Thread 5" [_thread_blocked, id=23396, stack(0x000000e28b500000,0x000000e28b600000)]
  0x000002cf738bd000 JavaThread "Unconstrained build operations Thread 6" [_thread_blocked, id=15628, stack(0x000000e28b600000,0x000000e28b700000)]
  0x000002cf738c3800 JavaThread "Unconstrained build operations Thread 7" [_thread_blocked, id=24404, stack(0x000000e28b700000,0x000000e28b800000)]
  0x000002cf738bf000 JavaThread "Unconstrained build operations Thread 8" [_thread_blocked, id=4944, stack(0x000000e28b800000,0x000000e28b900000)]
  0x000002cf738bf800 JavaThread "Unconstrained build operations Thread 9" [_thread_blocked, id=1328, stack(0x000000e28b900000,0x000000e28ba00000)]
  0x000002cf72896800 JavaThread "Unconstrained build operations Thread 10" [_thread_blocked, id=23644, stack(0x000000e28ba00000,0x000000e28bb00000)]
  0x000002cf72899000 JavaThread "Unconstrained build operations Thread 11" [_thread_blocked, id=18588, stack(0x000000e28bb00000,0x000000e28bc00000)]
  0x000002cf72897000 JavaThread "Unconstrained build operations Thread 12" [_thread_blocked, id=21376, stack(0x000000e28bc00000,0x000000e28bd00000)]
  0x000002cf72895800 JavaThread "Unconstrained build operations Thread 13" [_thread_blocked, id=23860, stack(0x000000e28bd00000,0x000000e28be00000)]
  0x000002cf72894000 JavaThread "Unconstrained build operations Thread 14" [_thread_blocked, id=22376, stack(0x000000e28be00000,0x000000e28bf00000)]
  0x000002cf72898000 JavaThread "Unconstrained build operations Thread 15" [_thread_blocked, id=12240, stack(0x000000e28bf00000,0x000000e28c000000)]
  0x000002cf72893000 JavaThread "Unconstrained build operations Thread 16" [_thread_blocked, id=19300, stack(0x000000e28c000000,0x000000e28c100000)]
  0x000002cf72899800 JavaThread "Unconstrained build operations Thread 17" [_thread_blocked, id=17420, stack(0x000000e28c100000,0x000000e28c200000)]
  0x000002cf7289a800 JavaThread "Unconstrained build operations Thread 18" [_thread_blocked, id=10648, stack(0x000000e28c200000,0x000000e28c300000)]
  0x000002cf72894800 JavaThread "Unconstrained build operations Thread 19" [_thread_blocked, id=20776, stack(0x000000e28c300000,0x000000e28c400000)]
  0x000002cf728a0000 JavaThread "Unconstrained build operations Thread 20" [_thread_blocked, id=14944, stack(0x000000e28c400000,0x000000e28c500000)]
  0x000002cf7289d000 JavaThread "Unconstrained build operations Thread 21" [_thread_blocked, id=16788, stack(0x000000e28c500000,0x000000e28c600000)]
  0x000002cf7289e800 JavaThread "Unconstrained build operations Thread 22" [_thread_blocked, id=11900, stack(0x000000e28c600000,0x000000e28c700000)]
  0x000002cf7289d800 JavaThread "Unconstrained build operations Thread 23" [_thread_blocked, id=23560, stack(0x000000e28c700000,0x000000e28c800000)]
  0x000002cf7289f800 JavaThread "Unconstrained build operations Thread 24" [_thread_blocked, id=4064, stack(0x000000e28c800000,0x000000e28c900000)]
  0x000002cf728a1000 JavaThread "Unconstrained build operations Thread 25" [_thread_blocked, id=22660, stack(0x000000e28c900000,0x000000e28ca00000)]
  0x000002cf7289b000 JavaThread "Unconstrained build operations Thread 26" [_thread_blocked, id=13436, stack(0x000000e28ca00000,0x000000e28cb00000)]
  0x000002cf728a2000 JavaThread "Unconstrained build operations Thread 27" [_thread_blocked, id=32, stack(0x000000e28cb00000,0x000000e28cc00000)]
  0x000002cf7289c000 JavaThread "Unconstrained build operations Thread 28" [_thread_blocked, id=10028, stack(0x000000e28cc00000,0x000000e28cd00000)]
  0x000002cf7211b000 JavaThread "Unconstrained build operations Thread 29" [_thread_blocked, id=16544, stack(0x000000e28cd00000,0x000000e28ce00000)]
  0x000002cf72119800 JavaThread "Unconstrained build operations Thread 30" [_thread_blocked, id=12580, stack(0x000000e28ce00000,0x000000e28cf00000)]
  0x000002cf7211c000 JavaThread "Unconstrained build operations Thread 31" [_thread_blocked, id=17972, stack(0x000000e28cf00000,0x000000e28d000000)]
  0x000002cf7211a000 JavaThread "Unconstrained build operations Thread 32" [_thread_blocked, id=6996, stack(0x000000e28d000000,0x000000e28d100000)]
  0x000002cf7211c800 JavaThread "Unconstrained build operations Thread 33" [_thread_blocked, id=24580, stack(0x000000e28d100000,0x000000e28d200000)]
  0x000002cf72117800 JavaThread "Unconstrained build operations Thread 34" [_thread_blocked, id=23740, stack(0x000000e28d200000,0x000000e28d300000)]
  0x000002cf7211e000 JavaThread "Unconstrained build operations Thread 35" [_thread_blocked, id=25112, stack(0x000000e28d300000,0x000000e28d400000)]
  0x000002cf7211d800 JavaThread "Unconstrained build operations Thread 36" [_thread_blocked, id=4292, stack(0x000000e28d400000,0x000000e28d500000)]
  0x000002cf72118800 JavaThread "Unconstrained build operations Thread 37" [_thread_blocked, id=9324, stack(0x000000e28d500000,0x000000e28d600000)]
  0x000002cf72120800 JavaThread "Unconstrained build operations Thread 38" [_thread_blocked, id=4024, stack(0x000000e28d600000,0x000000e28d700000)]
  0x000002cf72120000 JavaThread "Unconstrained build operations Thread 39" [_thread_blocked, id=22536, stack(0x000000e28d700000,0x000000e28d800000)]
  0x000002cf72121800 JavaThread "Unconstrained build operations Thread 40" [_thread_blocked, id=14936, stack(0x000000e28d800000,0x000000e28d900000)]
  0x000002cf72122800 JavaThread "jar transforms Thread 4" [_thread_blocked, id=21380, stack(0x000000e28d900000,0x000000e28da00000)]
  0x000002cf72124000 JavaThread "Memory manager" [_thread_blocked, id=20060, stack(0x000000e28da00000,0x000000e28db00000)]
  0x000002cf7211f000 JavaThread "build event listener" [_thread_blocked, id=16828, stack(0x000000e28db00000,0x000000e28dc00000)]
  0x000002cf72125800 JavaThread "included builds" [_thread_blocked, id=22944, stack(0x000000e28dc00000,0x000000e28dd00000)]
  0x000002cf72126800 JavaThread "Execution worker for ':'" [_thread_blocked, id=24864, stack(0x000000e28dd00000,0x000000e28de00000)]
  0x000002cf79f59000 JavaThread "Execution worker for ':' Thread 2" [_thread_blocked, id=19360, stack(0x000000e28de00000,0x000000e28df00000)]
  0x000002cf79f55000 JavaThread "Execution worker for ':' Thread 3" [_thread_blocked, id=9904, stack(0x000000e28df00000,0x000000e28e000000)]
  0x000002cf79f57800 JavaThread "Cache worker for execution history cache (C:\studia\rok3\mobilne\codzisnaobiad\.gradle\7.4\executionHistory)" [_thread_blocked, id=12672, stack(0x000000e28e000000,0x000000e28e100000)]
  0x000002cf79f56000 JavaThread "WorkerExecutor Queue" [_thread_blocked, id=4464, stack(0x000000e28a300000,0x000000e28a400000)]
  0x000002cf79f5a000 JavaThread "Thread-72" [_thread_in_native, id=18512, stack(0x000000e28e100000,0x000000e28e200000)]
  0x000002cf79f58800 JavaThread "WorkerExecutor Queue Thread 2" [_thread_blocked, id=24520, stack(0x000000e28e400000,0x000000e28e500000)]
  0x000002cf79f56800 JavaThread "WorkerExecutor Queue Thread 3" [_thread_blocked, id=8564, stack(0x000000e28e500000,0x000000e28e600000)]
  0x000002cf79f54800 JavaThread "WorkerExecutor Queue Thread 4" [_thread_blocked, id=25008, stack(0x000000e28e600000,0x000000e28e700000)]
  0x000002cf7146f800 JavaThread "C2 CompilerThread1" daemon [_thread_in_native, id=18524, stack(0x000000e287f00000,0x000000e288000000)]

Other Threads:
=>0x000002cf704b1800 VMThread "VM Thread" [stack: 0x000000e288800000,0x000000e288900000] [id=10944]
  0x000002cf70fac000 WatcherThread [stack: 0x000000e289200000,0x000000e289300000] [id=9340]
  0x000002cf568cb000 GCTaskThread "GC Thread#0" [stack: 0x000000e288300000,0x000000e288400000] [id=23984]
  0x000002cf71ac0000 GCTaskThread "GC Thread#1" [stack: 0x000000e289400000,0x000000e289500000] [id=18692]
  0x000002cf717ae000 GCTaskThread "GC Thread#2" [stack: 0x000000e289500000,0x000000e289600000] [id=24084]
  0x000002cf71b54800 GCTaskThread "GC Thread#3" [stack: 0x000000e289f00000,0x000000e28a000000] [id=14416]
  0x000002cf568fc800 ConcurrentGCThread "G1 Main Marker" [stack: 0x000000e288400000,0x000000e288500000] [id=7580]
  0x000002cf568fd800 ConcurrentGCThread "G1 Conc#0" [stack: 0x000000e288500000,0x000000e288600000] [id=15412]
  0x000002cf5698a800 ConcurrentGCThread "G1 Refine#0" [stack: 0x000000e288600000,0x000000e288700000] [id=13356]
  0x000002cf5698b800 ConcurrentGCThread "G1 Young RemSet Sampling" [stack: 0x000000e288700000,0x000000e288800000] [id=6196]

Threads with active compile tasks:
C2 CompilerThread0  36660 12608       4       java.util.concurrent.locks.AbstractQueuedSynchronizer$ConditionObject::awaitNanos (181 bytes)
C2 CompilerThread1  36660 12587       4       com.android.tools.r8.dex.i::l (2158 bytes)

VM state:at safepoint (normal execution)

VM Mutex/Monitor currently owned by a thread:  ([mutex/lock_event])
[0x000002cf568aeac0] Threads_lock - owner thread: 0x000002cf704b1800
[0x000002cf568ae2e0] Heap_lock - owner thread: 0x000002cf79f56800

Heap address: 0x0000000080000000, size: 2048 MB, Compressed Oops mode: 32-bit
Narrow klass base: 0x0000000000000000, Narrow klass shift: 3
Compressed class space size: 1073741824 Address: 0x0000000100000000

Heap:
 garbage-first heap   total 622592K, used 269312K [0x0000000080000000, 0x0000000100000000)
  region size 1024K, 2 young (2048K), 2 survivors (2048K)
 Metaspace       used 100319K, capacity 102634K, committed 102736K, reserved 1138688K
  class space    used 12877K, capacity 13730K, committed 13772K, reserved 1048576K
Heap Regions: E=young(eden), S=young(survivor), O=old, HS=humongous(starts), HC=humongous(continues), CS=collection set, F=free, A=archive, TAMS=top-at-mark-start (previous, next)
|   0|0x0000000080000000, 0x0000000080100000, 0x0000000080100000|100%|HS|  |TAMS 0x0000000080100000, 0x0000000080100000| Complete 
|   1|0x0000000080100000, 0x0000000080200000, 0x0000000080200000|100%|HC|  |TAMS 0x0000000080200000, 0x0000000080200000| Complete 
|   2|0x0000000080200000, 0x0000000080300000, 0x0000000080300000|100%|HC|  |TAMS 0x0000000080300000, 0x0000000080300000| Complete 
|   3|0x0000000080300000, 0x0000000080400000, 0x0000000080400000|100%| O|  |TAMS 0x0000000080400000, 0x0000000080400000| Untracked 
|   4|0x0000000080400000, 0x0000000080500000, 0x0000000080500000|100%| O|  |TAMS 0x0000000080500000, 0x0000000080500000| Untracked 
|   5|0x0000000080500000, 0x0000000080600000, 0x0000000080600000|100%| O|  |TAMS 0x0000000080600000, 0x0000000080600000| Untracked 
|   6|0x0000000080600000, 0x0000000080700000, 0x0000000080700000|100%| O|  |TAMS 0x0000000080700000, 0x0000000080700000| Untracked 
|   7|0x0000000080700000, 0x0000000080800000, 0x0000000080800000|100%| O|  |TAMS 0x0000000080800000, 0x0000000080800000| Untracked 
|   8|0x0000000080800000, 0x0000000080900000, 0x0000000080900000|100%| O|  |TAMS 0x0000000080900000, 0x0000000080900000| Untracked 
|   9|0x0000000080900000, 0x0000000080a00000, 0x0000000080a00000|100%| O|  |TAMS 0x0000000080a00000, 0x0000000080a00000| Untracked 
|  10|0x0000000080a00000, 0x0000000080b00000, 0x0000000080b00000|100%| O|  |TAMS 0x0000000080b00000, 0x0000000080b00000| Untracked 
|  11|0x0000000080b00000, 0x0000000080c00000, 0x0000000080c00000|100%| O|  |TAMS 0x0000000080c00000, 0x0000000080c00000| Untracked 
|  12|0x0000000080c00000, 0x0000000080d00000, 0x0000000080d00000|100%| O|  |TAMS 0x0000000080d00000, 0x0000000080d00000| Untracked 
|  13|0x0000000080d00000, 0x0000000080e00000, 0x0000000080e00000|100%| O|  |TAMS 0x0000000080e00000, 0x0000000080e00000| Untracked 
|  14|0x0000000080e00000, 0x0000000080f00000, 0x0000000080f00000|100%| O|  |TAMS 0x0000000080f00000, 0x0000000080f00000| Untracked 
|  15|0x0000000080f00000, 0x0000000081000000, 0x0000000081000000|100%| O|  |TAMS 0x0000000081000000, 0x0000000081000000| Untracked 
|  16|0x0000000081000000, 0x0000000081100000, 0x0000000081100000|100%| O|  |TAMS 0x0000000081100000, 0x0000000081100000| Untracked 
|  17|0x0000000081100000, 0x0000000081200000, 0x0000000081200000|100%| O|  |TAMS 0x0000000081200000, 0x0000000081200000| Untracked 
|  18|0x0000000081200000, 0x0000000081300000, 0x0000000081300000|100%|HS|  |TAMS 0x0000000081300000, 0x0000000081300000| Complete 
|  19|0x0000000081300000, 0x0000000081400000, 0x0000000081400000|100%| O|  |TAMS 0x0000000081400000, 0x0000000081400000| Untracked 
|  20|0x0000000081400000, 0x0000000081500000, 0x0000000081500000|100%| O|  |TAMS 0x0000000081500000, 0x0000000081500000| Untracked 
|  21|0x0000000081500000, 0x0000000081600000, 0x0000000081600000|100%| O|  |TAMS 0x0000000081600000, 0x0000000081600000| Untracked 
|  22|0x0000000081600000, 0x0000000081700000, 0x0000000081700000|100%| O|  |TAMS 0x0000000081700000, 0x0000000081700000| Untracked 
|  23|0x0000000081700000, 0x0000000081800000, 0x0000000081800000|100%| O|  |TAMS 0x0000000081800000, 0x0000000081800000| Untracked 
|  24|0x0000000081800000, 0x0000000081900000, 0x0000000081900000|100%| O|  |TAMS 0x0000000081900000, 0x0000000081900000| Untracked 
|  25|0x0000000081900000, 0x0000000081a00000, 0x0000000081a00000|100%| O|  |TAMS 0x0000000081a00000, 0x0000000081a00000| Untracked 
|  26|0x0000000081a00000, 0x0000000081b00000, 0x0000000081b00000|100%| O|  |TAMS 0x0000000081b00000, 0x0000000081b00000| Untracked 
|  27|0x0000000081b00000, 0x0000000081c00000, 0x0000000081c00000|100%| O|  |TAMS 0x0000000081c00000, 0x0000000081c00000| Untracked 
|  28|0x0000000081c00000, 0x0000000081d00000, 0x0000000081d00000|100%| O|  |TAMS 0x0000000081d00000, 0x0000000081d00000| Untracked 
|  29|0x0000000081d00000, 0x0000000081e00000, 0x0000000081e00000|100%|HS|  |TAMS 0x0000000081e00000, 0x0000000081e00000| Complete 
|  30|0x0000000081e00000, 0x0000000081f00000, 0x0000000081f00000|100%|HC|  |TAMS 0x0000000081f00000, 0x0000000081f00000| Complete 
|  31|0x0000000081f00000, 0x0000000082000000, 0x0000000082000000|100%|HS|  |TAMS 0x0000000082000000, 0x0000000082000000| Complete 
|  32|0x0000000082000000, 0x0000000082100000, 0x0000000082100000|100%|HS|  |TAMS 0x0000000082100000, 0x0000000082100000| Complete 
|  33|0x0000000082100000, 0x0000000082200000, 0x0000000082200000|100%|HC|  |TAMS 0x0000000082200000, 0x0000000082200000| Complete 
|  34|0x0000000082200000, 0x0000000082300000, 0x0000000082300000|100%|HC|  |TAMS 0x0000000082300000, 0x0000000082300000| Complete 
|  35|0x0000000082300000, 0x0000000082400000, 0x0000000082400000|100%|HC|  |TAMS 0x0000000082400000, 0x0000000082400000| Complete 
|  36|0x0000000082400000, 0x0000000082500000, 0x0000000082500000|100%| O|  |TAMS 0x0000000082500000, 0x0000000082500000| Untracked 
|  37|0x0000000082500000, 0x0000000082600000, 0x0000000082600000|100%| O|  |TAMS 0x0000000082600000, 0x0000000082600000| Untracked 
|  38|0x0000000082600000, 0x0000000082700000, 0x0000000082700000|100%| O|  |TAMS 0x0000000082700000, 0x0000000082700000| Untracked 
|  39|0x0000000082700000, 0x0000000082800000, 0x0000000082800000|100%|HS|  |TAMS 0x0000000082800000, 0x0000000082800000| Complete 
|  40|0x0000000082800000, 0x0000000082900000, 0x0000000082900000|100%|HC|  |TAMS 0x0000000082900000, 0x0000000082900000| Complete 
|  41|0x0000000082900000, 0x0000000082a00000, 0x0000000082a00000|100%| O|  |TAMS 0x0000000082a00000, 0x0000000082a00000| Untracked 
|  42|0x0000000082a00000, 0x0000000082b00000, 0x0000000082b00000|100%| O|  |TAMS 0x0000000082b00000, 0x0000000082b00000| Untracked 
|  43|0x0000000082b00000, 0x0000000082c00000, 0x0000000082c00000|100%| O|  |TAMS 0x0000000082c00000, 0x0000000082c00000| Untracked 
|  44|0x0000000082c00000, 0x0000000082d00000, 0x0000000082d00000|100%| O|  |TAMS 0x0000000082d00000, 0x0000000082d00000| Untracked 
|  45|0x0000000082d00000, 0x0000000082e00000, 0x0000000082e00000|100%| O|  |TAMS 0x0000000082e00000, 0x0000000082e00000| Untracked 
|  46|0x0000000082e00000, 0x0000000082f00000, 0x0000000082f00000|100%| O|  |TAMS 0x0000000082f00000, 0x0000000082f00000| Untracked 
|  47|0x0000000082f00000, 0x0000000083000000, 0x0000000083000000|100%| O|  |TAMS 0x0000000083000000, 0x0000000083000000| Untracked 
|  48|0x0000000083000000, 0x0000000083100000, 0x0000000083100000|100%| O|  |TAMS 0x0000000083100000, 0x0000000083100000| Untracked 
|  49|0x0000000083100000, 0x0000000083200000, 0x0000000083200000|100%| O|  |TAMS 0x0000000083200000, 0x0000000083200000| Untracked 
|  50|0x0000000083200000, 0x0000000083300000, 0x0000000083300000|100%| O|  |TAMS 0x0000000083300000, 0x0000000083300000| Untracked 
|  51|0x0000000083300000, 0x0000000083400000, 0x0000000083400000|100%| O|  |TAMS 0x0000000083400000, 0x0000000083400000| Untracked 
|  52|0x0000000083400000, 0x0000000083500000, 0x0000000083500000|100%| O|  |TAMS 0x0000000083500000, 0x0000000083500000| Untracked 
|  53|0x0000000083500000, 0x0000000083600000, 0x0000000083600000|100%| O|  |TAMS 0x0000000083600000, 0x0000000083600000| Untracked 
|  54|0x0000000083600000, 0x0000000083700000, 0x0000000083700000|100%| O|  |TAMS 0x0000000083700000, 0x0000000083700000| Untracked 
|  55|0x0000000083700000, 0x0000000083800000, 0x0000000083800000|100%| O|  |TAMS 0x0000000083800000, 0x0000000083800000| Untracked 
|  56|0x0000000083800000, 0x0000000083900000, 0x0000000083900000|100%| O|  |TAMS 0x0000000083900000, 0x0000000083900000| Untracked 
|  57|0x0000000083900000, 0x0000000083a00000, 0x0000000083a00000|100%| O|  |TAMS 0x0000000083a00000, 0x0000000083a00000| Untracked 
|  58|0x0000000083a00000, 0x0000000083b00000, 0x0000000083b00000|100%| O|  |TAMS 0x0000000083b00000, 0x0000000083b00000| Untracked 
|  59|0x0000000083b00000, 0x0000000083c00000, 0x0000000083c00000|100%| O|  |TAMS 0x0000000083c00000, 0x0000000083c00000| Untracked 
|  60|0x0000000083c00000, 0x0000000083d00000, 0x0000000083d00000|100%| O|  |TAMS 0x0000000083d00000, 0x0000000083d00000| Untracked 
|  61|0x0000000083d00000, 0x0000000083e00000, 0x0000000083e00000|100%| O|  |TAMS 0x0000000083e00000, 0x0000000083e00000| Untracked 
|  62|0x0000000083e00000, 0x0000000083f00000, 0x0000000083f00000|100%| O|  |TAMS 0x0000000083f00000, 0x0000000083f00000| Untracked 
|  63|0x0000000083f00000, 0x0000000084000000, 0x0000000084000000|100%| O|  |TAMS 0x0000000084000000, 0x0000000084000000| Untracked 
|  64|0x0000000084000000, 0x0000000084100000, 0x0000000084100000|100%| O|  |TAMS 0x0000000084100000, 0x0000000084100000| Untracked 
|  65|0x0000000084100000, 0x0000000084200000, 0x0000000084200000|100%| O|  |TAMS 0x0000000084200000, 0x0000000084200000| Untracked 
|  66|0x0000000084200000, 0x0000000084300000, 0x0000000084300000|100%| O|  |TAMS 0x0000000084300000, 0x0000000084300000| Untracked 
|  67|0x0000000084300000, 0x0000000084400000, 0x0000000084400000|100%| O|  |TAMS 0x0000000084400000, 0x0000000084400000| Untracked 
|  68|0x0000000084400000, 0x0000000084500000, 0x0000000084500000|100%| O|  |TAMS 0x0000000084500000, 0x0000000084500000| Untracked 
|  69|0x0000000084500000, 0x0000000084600000, 0x0000000084600000|100%| O|  |TAMS 0x0000000084600000, 0x0000000084600000| Untracked 
|  70|0x0000000084600000, 0x0000000084700000, 0x0000000084700000|100%| O|  |TAMS 0x0000000084700000, 0x0000000084700000| Untracked 
|  71|0x0000000084700000, 0x0000000084800000, 0x0000000084800000|100%| O|  |TAMS 0x0000000084800000, 0x0000000084800000| Untracked 
|  72|0x0000000084800000, 0x0000000084900000, 0x0000000084900000|100%| O|  |TAMS 0x0000000084900000, 0x0000000084900000| Untracked 
|  73|0x0000000084900000, 0x0000000084a00000, 0x0000000084a00000|100%| O|  |TAMS 0x0000000084a00000, 0x0000000084a00000| Untracked 
|  74|0x0000000084a00000, 0x0000000084b00000, 0x0000000084b00000|100%| O|  |TAMS 0x0000000084b00000, 0x0000000084b00000| Untracked 
|  75|0x0000000084b00000, 0x0000000084c00000, 0x0000000084c00000|100%| O|  |TAMS 0x0000000084c00000, 0x0000000084c00000| Untracked 
|  76|0x0000000084c00000, 0x0000000084d00000, 0x0000000084d00000|100%| O|  |TAMS 0x0000000084d00000, 0x0000000084d00000| Untracked 
|  77|0x0000000084d00000, 0x0000000084e00000, 0x0000000084e00000|100%| O|  |TAMS 0x0000000084e00000, 0x0000000084e00000| Untracked 
|  78|0x0000000084e00000, 0x0000000084f00000, 0x0000000084f00000|100%| O|  |TAMS 0x0000000084f00000, 0x0000000084f00000| Untracked 
|  79|0x0000000084f00000, 0x0000000085000000, 0x0000000085000000|100%| O|  |TAMS 0x0000000085000000, 0x0000000085000000| Untracked 
|  80|0x0000000085000000, 0x0000000085100000, 0x0000000085100000|100%| O|  |TAMS 0x0000000085100000, 0x0000000085100000| Untracked 
|  81|0x0000000085100000, 0x0000000085200000, 0x0000000085200000|100%| O|  |TAMS 0x0000000085200000, 0x0000000085200000| Untracked 
|  82|0x0000000085200000, 0x0000000085300000, 0x0000000085300000|100%| O|  |TAMS 0x0000000085300000, 0x0000000085300000| Untracked 
|  83|0x0000000085300000, 0x0000000085400000, 0x0000000085400000|100%| O|  |TAMS 0x0000000085400000, 0x0000000085400000| Untracked 
|  84|0x0000000085400000, 0x0000000085500000, 0x0000000085500000|100%| O|  |TAMS 0x0000000085500000, 0x0000000085500000| Untracked 
|  85|0x0000000085500000, 0x0000000085600000, 0x0000000085600000|100%| O|  |TAMS 0x0000000085600000, 0x0000000085600000| Untracked 
|  86|0x0000000085600000, 0x0000000085700000, 0x0000000085700000|100%| O|  |TAMS 0x0000000085700000, 0x0000000085700000| Untracked 
|  87|0x0000000085700000, 0x0000000085800000, 0x0000000085800000|100%| O|  |TAMS 0x0000000085800000, 0x0000000085800000| Untracked 
|  88|0x0000000085800000, 0x0000000085900000, 0x0000000085900000|100%| O|  |TAMS 0x0000000085900000, 0x0000000085900000| Untracked 
|  89|0x0000000085900000, 0x0000000085a00000, 0x0000000085a00000|100%| O|  |TAMS 0x0000000085a00000, 0x0000000085a00000| Untracked 
|  90|0x0000000085a00000, 0x0000000085b00000, 0x0000000085b00000|100%| O|  |TAMS 0x0000000085b00000, 0x0000000085b00000| Untracked 
|  91|0x0000000085b00000, 0x0000000085c00000, 0x0000000085c00000|100%| O|  |TAMS 0x0000000085c00000, 0x0000000085c00000| Untracked 
|  92|0x0000000085c00000, 0x0000000085d00000, 0x0000000085d00000|100%| O|  |TAMS 0x0000000085d00000, 0x0000000085d00000| Untracked 
|  93|0x0000000085d00000, 0x0000000085e00000, 0x0000000085e00000|100%|HS|  |TAMS 0x0000000085e00000, 0x0000000085e00000| Complete 
|  94|0x0000000085e00000, 0x0000000085f00000, 0x0000000085f00000|100%|HC|  |TAMS 0x0000000085f00000, 0x0000000085f00000| Complete 
|  95|0x0000000085f00000, 0x0000000086000000, 0x0000000086000000|100%|HC|  |TAMS 0x0000000086000000, 0x0000000086000000| Complete 
|  96|0x0000000086000000, 0x0000000086100000, 0x0000000086100000|100%|HS|  |TAMS 0x0000000086100000, 0x0000000086100000| Complete 
|  97|0x0000000086100000, 0x0000000086200000, 0x0000000086200000|100%|HC|  |TAMS 0x0000000086200000, 0x0000000086200000| Complete 
|  98|0x0000000086200000, 0x0000000086300000, 0x0000000086300000|100%|HS|  |TAMS 0x0000000086300000, 0x0000000086300000| Complete 
|  99|0x0000000086300000, 0x0000000086400000, 0x0000000086400000|100%|HS|  |TAMS 0x0000000086400000, 0x0000000086400000| Complete 
| 100|0x0000000086400000, 0x0000000086500000, 0x0000000086500000|100%|HC|  |TAMS 0x0000000086500000, 0x0000000086500000| Complete 
| 101|0x0000000086500000, 0x0000000086600000, 0x0000000086600000|100%|HC|  |TAMS 0x0000000086600000, 0x0000000086600000| Complete 
| 102|0x0000000086600000, 0x0000000086700000, 0x0000000086700000|100%|HC|  |TAMS 0x0000000086700000, 0x0000000086700000| Complete 
| 103|0x0000000086700000, 0x0000000086800000, 0x0000000086800000|100%|HC|  |TAMS 0x0000000086800000, 0x0000000086800000| Complete 
| 104|0x0000000086800000, 0x0000000086900000, 0x0000000086900000|100%|HC|  |TAMS 0x0000000086900000, 0x0000000086900000| Complete 
| 105|0x0000000086900000, 0x0000000086a00000, 0x0000000086a00000|100%|HC|  |TAMS 0x0000000086a00000, 0x0000000086a00000| Complete 
| 106|0x0000000086a00000, 0x0000000086b00000, 0x0000000086b00000|100%|HC|  |TAMS 0x0000000086b00000, 0x0000000086b00000| Complete 
| 107|0x0000000086b00000, 0x0000000086c00000, 0x0000000086c00000|100%|HC|  |TAMS 0x0000000086c00000, 0x0000000086c00000| Complete 
| 108|0x0000000086c00000, 0x0000000086d00000, 0x0000000086d00000|100%|HC|  |TAMS 0x0000000086d00000, 0x0000000086d00000| Complete 
| 109|0x0000000086d00000, 0x0000000086e00000, 0x0000000086e00000|100%|HC|  |TAMS 0x0000000086e00000, 0x0000000086e00000| Complete 
| 110|0x0000000086e00000, 0x0000000086f00000, 0x0000000086f00000|100%|HC|  |TAMS 0x0000000086f00000, 0x0000000086f00000| Complete 
| 111|0x0000000086f00000, 0x0000000087000000, 0x0000000087000000|100%|HC|  |TAMS 0x0000000087000000, 0x0000000087000000| Complete 
| 112|0x0000000087000000, 0x0000000087100000, 0x0000000087100000|100%|HC|  |TAMS 0x0000000087100000, 0x0000000087100000| Complete 
| 113|0x0000000087100000, 0x0000000087200000, 0x0000000087200000|100%|HC|  |TAMS 0x0000000087200000, 0x0000000087200000| Complete 
| 114|0x0000000087200000, 0x0000000087300000, 0x0000000087300000|100%|HC|  |TAMS 0x0000000087300000, 0x0000000087300000| Complete 
| 115|0x0000000087300000, 0x0000000087400000, 0x0000000087400000|100%|HC|  |TAMS 0x0000000087400000, 0x0000000087400000| Complete 
| 116|0x0000000087400000, 0x0000000087500000, 0x0000000087500000|100%|HC|  |TAMS 0x0000000087500000, 0x0000000087500000| Complete 
| 117|0x0000000087500000, 0x0000000087600000, 0x0000000087600000|100%|HC|  |TAMS 0x0000000087600000, 0x0000000087600000| Complete 
| 118|0x0000000087600000, 0x0000000087700000, 0x0000000087700000|100%|HC|  |TAMS 0x0000000087700000, 0x0000000087700000| Complete 
| 119|0x0000000087700000, 0x0000000087800000, 0x0000000087800000|100%|HC|  |TAMS 0x0000000087800000, 0x0000000087800000| Complete 
| 120|0x0000000087800000, 0x0000000087900000, 0x0000000087900000|100%|HC|  |TAMS 0x0000000087900000, 0x0000000087900000| Complete 
| 121|0x0000000087900000, 0x0000000087a00000, 0x0000000087a00000|100%|HC|  |TAMS 0x0000000087a00000, 0x0000000087a00000| Complete 
| 122|0x0000000087a00000, 0x0000000087b00000, 0x0000000087b00000|100%|HC|  |TAMS 0x0000000087b00000, 0x0000000087b00000| Complete 
| 123|0x0000000087b00000, 0x0000000087c00000, 0x0000000087c00000|100%|HC|  |TAMS 0x0000000087c00000, 0x0000000087c00000| Complete 
| 124|0x0000000087c00000, 0x0000000087d00000, 0x0000000087d00000|100%|HC|  |TAMS 0x0000000087d00000, 0x0000000087d00000| Complete 
| 125|0x0000000087d00000, 0x0000000087e00000, 0x0000000087e00000|100%|HC|  |TAMS 0x0000000087e00000, 0x0000000087e00000| Complete 
| 126|0x0000000087e00000, 0x0000000087f00000, 0x0000000087f00000|100%|HC|  |TAMS 0x0000000087f00000, 0x0000000087f00000| Complete 
| 127|0x0000000087f00000, 0x0000000088000000, 0x0000000088000000|100%|HS|  |TAMS 0x0000000088000000, 0x0000000088000000| Complete 
| 128|0x0000000088000000, 0x0000000088100000, 0x0000000088100000|100%|HC|  |TAMS 0x0000000088100000, 0x0000000088100000| Complete 
| 129|0x0000000088100000, 0x0000000088200000, 0x0000000088200000|100%|HC|  |TAMS 0x0000000088200000, 0x0000000088200000| Complete 
| 130|0x0000000088200000, 0x0000000088300000, 0x0000000088300000|100%|HS|  |TAMS 0x0000000088300000, 0x0000000088300000| Complete 
| 131|0x0000000088300000, 0x0000000088400000, 0x0000000088400000|100%|HS|  |TAMS 0x0000000088400000, 0x0000000088400000| Complete 
| 132|0x0000000088400000, 0x0000000088500000, 0x0000000088500000|100%|HC|  |TAMS 0x0000000088500000, 0x0000000088500000| Complete 
| 133|0x0000000088500000, 0x0000000088600000, 0x0000000088600000|100%|HC|  |TAMS 0x0000000088600000, 0x0000000088600000| Complete 
| 134|0x0000000088600000, 0x0000000088700000, 0x0000000088700000|100%|HS|  |TAMS 0x0000000088700000, 0x0000000088700000| Complete 
| 135|0x0000000088700000, 0x0000000088800000, 0x0000000088800000|100%|HC|  |TAMS 0x0000000088800000, 0x0000000088800000| Complete 
| 136|0x0000000088800000, 0x0000000088900000, 0x0000000088900000|100%|HS|  |TAMS 0x0000000088900000, 0x0000000088900000| Complete 
| 137|0x0000000088900000, 0x0000000088a00000, 0x0000000088a00000|100%|HS|  |TAMS 0x0000000088a00000, 0x0000000088a00000| Complete 
| 138|0x0000000088a00000, 0x0000000088b00000, 0x0000000088b00000|100%|HC|  |TAMS 0x0000000088b00000, 0x0000000088b00000| Complete 
| 139|0x0000000088b00000, 0x0000000088c00000, 0x0000000088c00000|100%|HS|  |TAMS 0x0000000088c00000, 0x0000000088c00000| Complete 
| 140|0x0000000088c00000, 0x0000000088d00000, 0x0000000088d00000|100%|HC|  |TAMS 0x0000000088d00000, 0x0000000088d00000| Complete 
| 141|0x0000000088d00000, 0x0000000088e00000, 0x0000000088e00000|100%|HS|  |TAMS 0x0000000088e00000, 0x0000000088e00000| Complete 
| 142|0x0000000088e00000, 0x0000000088f00000, 0x0000000088f00000|100%|HS|  |TAMS 0x0000000088f00000, 0x0000000088f00000| Complete 
| 143|0x0000000088f00000, 0x0000000089000000, 0x0000000089000000|100%|HC|  |TAMS 0x0000000089000000, 0x0000000089000000| Complete 
| 144|0x0000000089000000, 0x0000000089100000, 0x0000000089100000|100%|HC|  |TAMS 0x0000000089100000, 0x0000000089100000| Complete 
| 145|0x0000000089100000, 0x0000000089200000, 0x0000000089200000|100%| O|  |TAMS 0x0000000089200000, 0x0000000089200000| Untracked 
| 146|0x0000000089200000, 0x0000000089300000, 0x0000000089300000|100%| O|  |TAMS 0x0000000089300000, 0x0000000089300000| Untracked 
| 147|0x0000000089300000, 0x0000000089400000, 0x0000000089400000|100%| O|  |TAMS 0x0000000089400000, 0x0000000089400000| Untracked 
| 148|0x0000000089400000, 0x0000000089500000, 0x0000000089500000|100%| O|  |TAMS 0x0000000089500000, 0x0000000089500000| Untracked 
| 149|0x0000000089500000, 0x0000000089600000, 0x0000000089600000|100%| O|  |TAMS 0x0000000089600000, 0x0000000089600000| Untracked 
| 150|0x0000000089600000, 0x0000000089700000, 0x0000000089700000|100%| O|  |TAMS 0x0000000089700000, 0x0000000089700000| Untracked 
| 151|0x0000000089700000, 0x0000000089800000, 0x0000000089800000|100%| O|  |TAMS 0x0000000089800000, 0x0000000089800000| Untracked 
| 152|0x0000000089800000, 0x0000000089900000, 0x0000000089900000|100%| O|  |TAMS 0x0000000089900000, 0x0000000089900000| Untracked 
| 153|0x0000000089900000, 0x0000000089a00000, 0x0000000089a00000|100%|HS|  |TAMS 0x0000000089a00000, 0x0000000089a00000| Complete 
| 154|0x0000000089a00000, 0x0000000089b00000, 0x0000000089b00000|100%|HC|  |TAMS 0x0000000089b00000, 0x0000000089b00000| Complete 
| 155|0x0000000089b00000, 0x0000000089c00000, 0x0000000089c00000|100%| O|  |TAMS 0x0000000089c00000, 0x0000000089c00000| Untracked 
| 156|0x0000000089c00000, 0x0000000089d00000, 0x0000000089d00000|100%|HS|  |TAMS 0x0000000089d00000, 0x0000000089d00000| Complete 
| 157|0x0000000089d00000, 0x0000000089e00000, 0x0000000089e00000|100%| O|  |TAMS 0x0000000089e00000, 0x0000000089e00000| Untracked 
| 158|0x0000000089e00000, 0x0000000089f00000, 0x0000000089f00000|100%| O|  |TAMS 0x0000000089f00000, 0x0000000089f00000| Untracked 
| 159|0x0000000089f00000, 0x000000008a000000, 0x000000008a000000|100%| O|  |TAMS 0x000000008a000000, 0x000000008a000000| Untracked 
| 160|0x000000008a000000, 0x000000008a100000, 0x000000008a100000|100%|HS|  |TAMS 0x000000008a100000, 0x000000008a100000| Complete 
| 161|0x000000008a100000, 0x000000008a200000, 0x000000008a200000|100%|HC|  |TAMS 0x000000008a200000, 0x000000008a200000| Complete 
| 162|0x000000008a200000, 0x000000008a300000, 0x000000008a300000|100%|HC|  |TAMS 0x000000008a300000, 0x000000008a300000| Complete 
| 163|0x000000008a300000, 0x000000008a400000, 0x000000008a400000|100%|HS|  |TAMS 0x000000008a400000, 0x000000008a400000| Complete 
| 164|0x000000008a400000, 0x000000008a500000, 0x000000008a500000|100%|HS|  |TAMS 0x000000008a500000, 0x000000008a500000| Complete 
| 165|0x000000008a500000, 0x000000008a600000, 0x000000008a600000|100%|HC|  |TAMS 0x000000008a600000, 0x000000008a600000| Complete 
| 166|0x000000008a600000, 0x000000008a700000, 0x000000008a700000|100%|HC|  |TAMS 0x000000008a700000, 0x000000008a700000| Complete 
| 167|0x000000008a700000, 0x000000008a800000, 0x000000008a800000|100%| O|  |TAMS 0x000000008a800000, 0x000000008a800000| Untracked 
| 168|0x000000008a800000, 0x000000008a900000, 0x000000008a900000|100%| O|  |TAMS 0x000000008a900000, 0x000000008a900000| Untracked 
| 169|0x000000008a900000, 0x000000008aa00000, 0x000000008aa00000|100%| O|  |TAMS 0x000000008aa00000, 0x000000008aa00000| Untracked 
| 170|0x000000008aa00000, 0x000000008ab00000, 0x000000008ab00000|100%| O|  |TAMS 0x000000008ab00000, 0x000000008ab00000| Untracked 
| 171|0x000000008ab00000, 0x000000008ac00000, 0x000000008ac00000|100%| O|  |TAMS 0x000000008ac00000, 0x000000008ac00000| Untracked 
| 172|0x000000008ac00000, 0x000000008ad00000, 0x000000008ad00000|100%| O|  |TAMS 0x000000008ad00000, 0x000000008ad00000| Untracked 
| 173|0x000000008ad00000, 0x000000008ae00000, 0x000000008ae00000|100%|HS|  |TAMS 0x000000008ae00000, 0x000000008ae00000| Complete 
| 174|0x000000008ae00000, 0x000000008af00000, 0x000000008af00000|100%|HC|  |TAMS 0x000000008af00000, 0x000000008af00000| Complete 
| 175|0x000000008af00000, 0x000000008b000000, 0x000000008b000000|100%|HC|  |TAMS 0x000000008b000000, 0x000000008b000000| Complete 
| 176|0x000000008b000000, 0x000000008b100000, 0x000000008b100000|100%| O|  |TAMS 0x000000008b100000, 0x000000008b100000| Untracked 
| 177|0x000000008b100000, 0x000000008b200000, 0x000000008b200000|100%| O|  |TAMS 0x000000008b200000, 0x000000008b200000| Untracked 
| 178|0x000000008b200000, 0x000000008b300000, 0x000000008b300000|100%| O|  |TAMS 0x000000008b300000, 0x000000008b300000| Untracked 
| 179|0x000000008b300000, 0x000000008b400000, 0x000000008b400000|100%|HS|  |TAMS 0x000000008b400000, 0x000000008b400000| Complete 
| 180|0x000000008b400000, 0x000000008b500000, 0x000000008b500000|100%|HC|  |TAMS 0x000000008b500000, 0x000000008b500000| Complete 
| 181|0x000000008b500000, 0x000000008b600000, 0x000000008b600000|100%|HC|  |TAMS 0x000000008b600000, 0x000000008b600000| Complete 
| 182|0x000000008b600000, 0x000000008b700000, 0x000000008b700000|100%| O|  |TAMS 0x000000008b700000, 0x000000008b700000| Untracked 
| 183|0x000000008b700000, 0x000000008b800000, 0x000000008b800000|100%| O|  |TAMS 0x000000008b7a9e00, 0x000000008b800000| Untracked 
| 184|0x000000008b800000, 0x000000008b900000, 0x000000008b900000|100%|HS|  |TAMS 0x000000008b800000, 0x000000008b900000| Complete 
| 185|0x000000008b900000, 0x000000008ba00000, 0x000000008ba00000|100%|HS|  |TAMS 0x000000008ba00000, 0x000000008ba00000| Complete 
| 186|0x000000008ba00000, 0x000000008bb00000, 0x000000008bb00000|100%|HC|  |TAMS 0x000000008bb00000, 0x000000008bb00000| Complete 
| 187|0x000000008bb00000, 0x000000008bc00000, 0x000000008bc00000|100%| O|  |TAMS 0x000000008bb00000, 0x000000008bc00000| Untracked 
| 188|0x000000008bc00000, 0x000000008bd00000, 0x000000008bd00000|100%|HS|  |TAMS 0x000000008bd00000, 0x000000008bd00000| Complete 
| 189|0x000000008bd00000, 0x000000008be00000, 0x000000008be00000|100%| O|  |TAMS 0x000000008bd00000, 0x000000008be00000| Untracked 
| 190|0x000000008be00000, 0x000000008bf00000, 0x000000008bf00000|100%| O|  |TAMS 0x000000008be00000, 0x000000008bf00000| Untracked 
| 191|0x000000008bf00000, 0x000000008c000000, 0x000000008c000000|100%| O|  |TAMS 0x000000008bf00000, 0x000000008c000000| Untracked 
| 192|0x000000008c000000, 0x000000008c100000, 0x000000008c100000|100%|HS|  |TAMS 0x000000008c100000, 0x000000008c100000| Complete 
| 193|0x000000008c100000, 0x000000008c200000, 0x000000008c200000|100%|HC|  |TAMS 0x000000008c200000, 0x000000008c200000| Complete 
| 194|0x000000008c200000, 0x000000008c300000, 0x000000008c300000|100%| O|  |TAMS 0x000000008c200000, 0x000000008c300000| Untracked 
| 195|0x000000008c300000, 0x000000008c400000, 0x000000008c400000|100%| O|  |TAMS 0x000000008c300000, 0x000000008c400000| Untracked 
| 196|0x000000008c400000, 0x000000008c500000, 0x000000008c500000|100%| O|  |TAMS 0x000000008c400000, 0x000000008c500000| Untracked 
| 197|0x000000008c500000, 0x000000008c600000, 0x000000008c600000|100%|HS|  |TAMS 0x000000008c600000, 0x000000008c600000| Complete 
| 198|0x000000008c600000, 0x000000008c700000, 0x000000008c700000|100%|HC|  |TAMS 0x000000008c700000, 0x000000008c700000| Complete 
| 199|0x000000008c700000, 0x000000008c800000, 0x000000008c800000|100%| O|  |TAMS 0x000000008c700000, 0x000000008c800000| Untracked 
| 200|0x000000008c800000, 0x000000008c900000, 0x000000008c900000|100%|HS|  |TAMS 0x000000008c900000, 0x000000008c900000| Complete 
| 201|0x000000008c900000, 0x000000008ca00000, 0x000000008ca00000|100%| O|  |TAMS 0x000000008c900000, 0x000000008ca00000| Untracked 
| 202|0x000000008ca00000, 0x000000008cb00000, 0x000000008cb00000|100%| O|  |TAMS 0x000000008ca00000, 0x000000008cb00000| Untracked 
| 203|0x000000008cb00000, 0x000000008cc00000, 0x000000008cc00000|100%| O|  |TAMS 0x000000008cb00000, 0x000000008cc00000| Untracked 
| 204|0x000000008cc00000, 0x000000008cd00000, 0x000000008cd00000|100%| O|  |TAMS 0x000000008cc00000, 0x000000008cd00000| Untracked 
| 205|0x000000008cd00000, 0x000000008ce00000, 0x000000008ce00000|100%| O|  |TAMS 0x000000008cd00000, 0x000000008ce00000| Untracked 
| 206|0x000000008ce00000, 0x000000008cf00000, 0x000000008cf00000|100%| O|  |TAMS 0x000000008ce00000, 0x000000008ce3d000| Untracked 
| 207|0x000000008cf00000, 0x000000008d000000, 0x000000008d000000|100%|HS|  |TAMS 0x000000008cf00000, 0x000000008cf00000| Complete 
| 208|0x000000008d000000, 0x000000008d100000, 0x000000008d100000|100%|HS|  |TAMS 0x000000008d000000, 0x000000008d100000| Complete 
| 209|0x000000008d100000, 0x000000008d200000, 0x000000008d200000|100%|HS|  |TAMS 0x000000008d100000, 0x000000008d100000| Complete 
| 210|0x000000008d200000, 0x000000008d300000, 0x000000008d300000|100%|HC|  |TAMS 0x000000008d200000, 0x000000008d200000| Complete 
| 211|0x000000008d300000, 0x000000008d400000, 0x000000008d400000|100%|HS|  |TAMS 0x000000008d400000, 0x000000008d400000| Complete 
| 212|0x000000008d400000, 0x000000008d500000, 0x000000008d500000|100%|HC|  |TAMS 0x000000008d500000, 0x000000008d500000| Complete 
| 213|0x000000008d500000, 0x000000008d600000, 0x000000008d600000|100%|HC|  |TAMS 0x000000008d600000, 0x000000008d600000| Complete 
| 214|0x000000008d600000, 0x000000008d700000, 0x000000008d700000|100%|HC|  |TAMS 0x000000008d700000, 0x000000008d700000| Complete 
| 215|0x000000008d700000, 0x000000008d800000, 0x000000008d800000|100%|HC|  |TAMS 0x000000008d800000, 0x000000008d800000| Complete 
| 216|0x000000008d800000, 0x000000008d900000, 0x000000008d900000|100%|HC|  |TAMS 0x000000008d900000, 0x000000008d900000| Complete 
| 217|0x000000008d900000, 0x000000008da00000, 0x000000008da00000|100%|HC|  |TAMS 0x000000008da00000, 0x000000008da00000| Complete 
| 218|0x000000008da00000, 0x000000008db00000, 0x000000008db00000|100%|HC|  |TAMS 0x000000008db00000, 0x000000008db00000| Complete 
| 219|0x000000008db00000, 0x000000008dc00000, 0x000000008dc00000|100%|HC|  |TAMS 0x000000008dc00000, 0x000000008dc00000| Complete 
| 220|0x000000008dc00000, 0x000000008dd00000, 0x000000008dd00000|100%|HC|  |TAMS 0x000000008dd00000, 0x000000008dd00000| Complete 
| 221|0x000000008dd00000, 0x000000008de00000, 0x000000008de00000|100%|HC|  |TAMS 0x000000008de00000, 0x000000008de00000| Complete 
| 222|0x000000008de00000, 0x000000008df00000, 0x000000008df00000|100%|HC|  |TAMS 0x000000008df00000, 0x000000008df00000| Complete 
| 223|0x000000008df00000, 0x000000008e000000, 0x000000008e000000|100%|HC|  |TAMS 0x000000008e000000, 0x000000008e000000| Complete 
| 224|0x000000008e000000, 0x000000008e100000, 0x000000008e100000|100%|HC|  |TAMS 0x000000008e100000, 0x000000008e100000| Complete 
| 225|0x000000008e100000, 0x000000008e200000, 0x000000008e200000|100%|HC|  |TAMS 0x000000008e200000, 0x000000008e200000| Complete 
| 226|0x000000008e200000, 0x000000008e300000, 0x000000008e300000|100%|HC|  |TAMS 0x000000008e300000, 0x000000008e300000| Complete 
| 227|0x000000008e300000, 0x000000008e400000, 0x000000008e400000|100%|HC|  |TAMS 0x000000008e400000, 0x000000008e400000| Complete 
| 228|0x000000008e400000, 0x000000008e500000, 0x000000008e500000|100%|HC|  |TAMS 0x000000008e500000, 0x000000008e500000| Complete 
| 229|0x000000008e500000, 0x000000008e600000, 0x000000008e600000|100%|HC|  |TAMS 0x000000008e600000, 0x000000008e600000| Complete 
| 230|0x000000008e600000, 0x000000008e700000, 0x000000008e700000|100%|HC|  |TAMS 0x000000008e700000, 0x000000008e700000| Complete 
| 231|0x000000008e700000, 0x000000008e800000, 0x000000008e800000|100%|HC|  |TAMS 0x000000008e800000, 0x000000008e800000| Complete 
| 232|0x000000008e800000, 0x000000008e900000, 0x000000008e900000|100%|HC|  |TAMS 0x000000008e900000, 0x000000008e900000| Complete 
| 233|0x000000008e900000, 0x000000008ea00000, 0x000000008ea00000|100%|HC|  |TAMS 0x000000008ea00000, 0x000000008ea00000| Complete 
| 234|0x000000008ea00000, 0x000000008eb00000, 0x000000008eb00000|100%|HC|  |TAMS 0x000000008eb00000, 0x000000008eb00000| Complete 
| 235|0x000000008eb00000, 0x000000008ec00000, 0x000000008ec00000|100%|HC|  |TAMS 0x000000008ec00000, 0x000000008ec00000| Complete 
| 236|0x000000008ec00000, 0x000000008ed00000, 0x000000008ed00000|100%|HC|  |TAMS 0x000000008ed00000, 0x000000008ed00000| Complete 
| 237|0x000000008ed00000, 0x000000008ee00000, 0x000000008ee00000|100%|HC|  |TAMS 0x000000008ee00000, 0x000000008ee00000| Complete 
| 238|0x000000008ee00000, 0x000000008ef00000, 0x000000008ef00000|100%|HC|  |TAMS 0x000000008ef00000, 0x000000008ef00000| Complete 
| 239|0x000000008ef00000, 0x000000008f000000, 0x000000008f000000|100%| O|  |TAMS 0x000000008ef00000, 0x000000008ef00000| Untracked 
| 240|0x000000008f000000, 0x000000008f100000, 0x000000008f100000|100%| O|  |TAMS 0x000000008f000000, 0x000000008f000000| Untracked 
| 241|0x000000008f100000, 0x000000008f200000, 0x000000008f200000|100%| O|  |TAMS 0x000000008f200000, 0x000000008f200000| Untracked 
| 242|0x000000008f200000, 0x000000008f300000, 0x000000008f300000|100%| O|  |TAMS 0x000000008f300000, 0x000000008f300000| Untracked 
| 243|0x000000008f300000, 0x000000008f400000, 0x000000008f400000|100%| O|  |TAMS 0x000000008f300000, 0x000000008f400000| Untracked 
| 244|0x000000008f400000, 0x000000008f500000, 0x000000008f500000|100%| O|  |TAMS 0x000000008f400000, 0x000000008f500000| Untracked 
| 245|0x000000008f500000, 0x000000008f600000, 0x000000008f600000|100%| O|  |TAMS 0x000000008f500000, 0x000000008f600000| Untracked 
| 246|0x000000008f600000, 0x000000008f700000, 0x000000008f700000|100%| O|  |TAMS 0x000000008f700000, 0x000000008f700000| Untracked 
| 247|0x000000008f700000, 0x000000008f800000, 0x000000008f800000|100%| O|  |TAMS 0x000000008f800000, 0x000000008f800000| Untracked 
| 248|0x000000008f800000, 0x000000008f900000, 0x000000008f900000|100%| O|  |TAMS 0x000000008f800000, 0x000000008f900000| Untracked 
| 249|0x000000008f900000, 0x000000008fa00000, 0x000000008fa00000|100%| O|  |TAMS 0x000000008f900000, 0x000000008fa00000| Untracked 
| 250|0x000000008fa00000, 0x000000008fb00000, 0x000000008fb00000|100%| O|  |TAMS 0x000000008fa00000, 0x000000008fa00000| Untracked 
| 251|0x000000008fb00000, 0x000000008fc00000, 0x000000008fc00000|100%| O|  |TAMS 0x000000008fb00000, 0x000000008fc00000| Untracked 
| 252|0x000000008fc00000, 0x000000008fd00000, 0x000000008fd00000|100%| O|  |TAMS 0x000000008fc00000, 0x000000008fd00000| Untracked 
| 253|0x000000008fd00000, 0x000000008fe00000, 0x000000008fe00000|100%| O|  |TAMS 0x000000008fd00000, 0x000000008fe00000| Untracked 
| 254|0x000000008fe00000, 0x000000008ff00000, 0x000000008ff00000|100%| O|  |TAMS 0x000000008fe00000, 0x000000008ff00000| Untracked 
| 255|0x000000008ff00000, 0x0000000090000000, 0x0000000090000000|100%| O|  |TAMS 0x000000008ff00000, 0x000000008ff00000| Untracked 
| 256|0x0000000090000000, 0x0000000090100000, 0x0000000090100000|100%| O|  |TAMS 0x0000000090000000, 0x0000000090000000| Untracked 
| 257|0x0000000090100000, 0x0000000090200000, 0x0000000090200000|100%| O|  |TAMS 0x0000000090100000, 0x0000000090100000| Untracked 
| 258|0x0000000090200000, 0x0000000090300000, 0x0000000090300000|100%| O|  |TAMS 0x0000000090200000, 0x0000000090200000| Untracked 
| 259|0x0000000090300000, 0x0000000090400000, 0x0000000090400000|100%| O|  |TAMS 0x0000000090300000, 0x0000000090300000| Untracked 
| 260|0x0000000090400000, 0x0000000090500000, 0x0000000090500000|100%| O|  |TAMS 0x0000000090400000, 0x0000000090400000| Untracked 
| 261|0x0000000090500000, 0x0000000090500000, 0x0000000090600000|  0%| F|  |TAMS 0x0000000090500000, 0x0000000090500000| Untracked 
| 262|0x0000000090600000, 0x0000000090600000, 0x0000000090700000|  0%| F|  |TAMS 0x0000000090600000, 0x0000000090600000| Untracked 
| 263|0x0000000090700000, 0x0000000090700000, 0x0000000090800000|  0%| F|  |TAMS 0x0000000090700000, 0x0000000090700000| Untracked 
| 264|0x0000000090800000, 0x0000000090800000, 0x0000000090900000|  0%| F|  |TAMS 0x0000000090800000, 0x0000000090800000| Untracked 
| 265|0x0000000090900000, 0x0000000090900000, 0x0000000090a00000|  0%| F|  |TAMS 0x0000000090900000, 0x0000000090900000| Untracked 
| 266|0x0000000090a00000, 0x0000000090a00000, 0x0000000090b00000|  0%| F|  |TAMS 0x0000000090a00000, 0x0000000090a00000| Untracked 
| 267|0x0000000090b00000, 0x0000000090b00000, 0x0000000090c00000|  0%| F|  |TAMS 0x0000000090b00000, 0x0000000090b00000| Untracked 
| 268|0x0000000090c00000, 0x0000000090c00000, 0x0000000090d00000|  0%| F|  |TAMS 0x0000000090c00000, 0x0000000090c00000| Untracked 
| 269|0x0000000090d00000, 0x0000000090d00000, 0x0000000090e00000|  0%| F|  |TAMS 0x0000000090d00000, 0x0000000090d00000| Untracked 
| 270|0x0000000090e00000, 0x0000000090e00000, 0x0000000090f00000|  0%| F|  |TAMS 0x0000000090e00000, 0x0000000090e00000| Untracked 
| 271|0x0000000090f00000, 0x0000000090f00000, 0x0000000091000000|  0%| F|  |TAMS 0x0000000090f00000, 0x0000000090f00000| Untracked 
| 272|0x0000000091000000, 0x0000000091000000, 0x0000000091100000|  0%| F|  |TAMS 0x0000000091000000, 0x0000000091000000| Untracked 
| 273|0x0000000091100000, 0x0000000091100000, 0x0000000091200000|  0%| F|  |TAMS 0x0000000091100000, 0x0000000091100000| Untracked 
| 274|0x0000000091200000, 0x0000000091200000, 0x0000000091300000|  0%| F|  |TAMS 0x0000000091200000, 0x0000000091200000| Untracked 
| 275|0x0000000091300000, 0x0000000091300000, 0x0000000091400000|  0%| F|  |TAMS 0x0000000091300000, 0x0000000091300000| Untracked 
| 276|0x0000000091400000, 0x0000000091400000, 0x0000000091500000|  0%| F|  |TAMS 0x0000000091400000, 0x0000000091400000| Untracked 
| 277|0x0000000091500000, 0x0000000091500000, 0x0000000091600000|  0%| F|  |TAMS 0x0000000091500000, 0x0000000091500000| Untracked 
| 278|0x0000000091600000, 0x0000000091600000, 0x0000000091700000|  0%| F|  |TAMS 0x0000000091600000, 0x0000000091600000| Untracked 
| 279|0x0000000091700000, 0x0000000091700000, 0x0000000091800000|  0%| F|  |TAMS 0x0000000091700000, 0x0000000091700000| Untracked 
| 280|0x0000000091800000, 0x0000000091800000, 0x0000000091900000|  0%| F|  |TAMS 0x0000000091800000, 0x0000000091800000| Untracked 
| 281|0x0000000091900000, 0x0000000091900000, 0x0000000091a00000|  0%| F|  |TAMS 0x0000000091900000, 0x0000000091900000| Untracked 
| 282|0x0000000091a00000, 0x0000000091a00000, 0x0000000091b00000|  0%| F|  |TAMS 0x0000000091a00000, 0x0000000091a00000| Untracked 
| 283|0x0000000091b00000, 0x0000000091b00000, 0x0000000091c00000|  0%| F|  |TAMS 0x0000000091b00000, 0x0000000091b00000| Untracked 
| 284|0x0000000091c00000, 0x0000000091c00000, 0x0000000091d00000|  0%| F|  |TAMS 0x0000000091c00000, 0x0000000091c00000| Untracked 
| 285|0x0000000091d00000, 0x0000000091d00000, 0x0000000091e00000|  0%| F|  |TAMS 0x0000000091d00000, 0x0000000091d00000| Untracked 
| 286|0x0000000091e00000, 0x0000000091e00000, 0x0000000091f00000|  0%| F|  |TAMS 0x0000000091e00000, 0x0000000091e00000| Untracked 
| 287|0x0000000091f00000, 0x0000000091f00000, 0x0000000092000000|  0%| F|  |TAMS 0x0000000091f00000, 0x0000000091f00000| Untracked 
| 288|0x0000000092000000, 0x0000000092000000, 0x0000000092100000|  0%| F|  |TAMS 0x0000000092000000, 0x0000000092000000| Untracked 
| 289|0x0000000092100000, 0x0000000092200000, 0x0000000092200000|100%| S|CS|TAMS 0x0000000092100000, 0x0000000092100000| Complete 
| 290|0x0000000092200000, 0x0000000092300000, 0x0000000092300000|100%| S|CS|TAMS 0x0000000092200000, 0x0000000092200000| Complete 
| 291|0x0000000092300000, 0x0000000092300000, 0x0000000092400000|  0%| F|  |TAMS 0x0000000092300000, 0x0000000092300000| Untracked 
| 292|0x0000000092400000, 0x0000000092400000, 0x0000000092500000|  0%| F|  |TAMS 0x0000000092400000, 0x0000000092400000| Untracked 
| 293|0x0000000092500000, 0x0000000092500000, 0x0000000092600000|  0%| F|  |TAMS 0x0000000092500000, 0x0000000092500000| Untracked 
| 294|0x0000000092600000, 0x0000000092600000, 0x0000000092700000|  0%| F|  |TAMS 0x0000000092600000, 0x0000000092600000| Untracked 
| 295|0x0000000092700000, 0x0000000092700000, 0x0000000092800000|  0%| F|  |TAMS 0x0000000092700000, 0x0000000092700000| Untracked 
| 296|0x0000000092800000, 0x0000000092800000, 0x0000000092900000|  0%| F|  |TAMS 0x0000000092800000, 0x0000000092800000| Untracked 
| 297|0x0000000092900000, 0x0000000092900000, 0x0000000092a00000|  0%| F|  |TAMS 0x0000000092900000, 0x0000000092900000| Untracked 
| 298|0x0000000092a00000, 0x0000000092a00000, 0x0000000092b00000|  0%| F|  |TAMS 0x0000000092a00000, 0x0000000092a00000| Untracked 
| 299|0x0000000092b00000, 0x0000000092b00000, 0x0000000092c00000|  0%| F|  |TAMS 0x0000000092b00000, 0x0000000092b00000| Untracked 
| 300|0x0000000092c00000, 0x0000000092c00000, 0x0000000092d00000|  0%| F|  |TAMS 0x0000000092c00000, 0x0000000092c00000| Untracked 
| 301|0x0000000092d00000, 0x0000000092d00000, 0x0000000092e00000|  0%| F|  |TAMS 0x0000000092d00000, 0x0000000092d00000| Untracked 
| 302|0x0000000092e00000, 0x0000000092e00000, 0x0000000092f00000|  0%| F|  |TAMS 0x0000000092e00000, 0x0000000092e00000| Untracked 
| 303|0x0000000092f00000, 0x0000000092f00000, 0x0000000093000000|  0%| F|  |TAMS 0x0000000092f00000, 0x0000000092f00000| Untracked 

Card table byte_map: [0x000002cf697d0000,0x000002cf69bd0000] _byte_map_base: 0x000002cf693d0000

Marking Bits (Prev, Next): (CMBitMap*) 0x000002cf568f38d0, (CMBitMap*) 0x000002cf568f3898
 Prev Bits: [0x000002cf6bfd0000, 0x000002cf6dfd0000)
 Next Bits: [0x000002cf69fd0000, 0x000002cf6bfd0000)

Polling page: 0x000002cf54700000

Metaspace:

Usage:
  Non-class:     86.82 MB capacity,    85.39 MB ( 98%) used,     1.16 MB (  1%) free+waste,   272.94 KB ( <1%) overhead. 
      Class:     13.41 MB capacity,    12.58 MB ( 94%) used,   732.05 KB (  5%) free+waste,   120.00 KB ( <1%) overhead. 
       Both:    100.23 MB capacity,    97.97 MB ( 98%) used,     1.88 MB (  2%) free+waste,   392.94 KB ( <1%) overhead. 

Virtual space:
  Non-class space:       88.00 MB reserved,      86.88 MB ( 99%) committed 
      Class space:        1.00 GB reserved,      13.45 MB (  1%) committed 
             Both:        1.09 GB reserved,     100.33 MB (  9%) committed 

Chunk freelists:
   Non-Class:  60.00 KB
       Class:  30.00 KB
        Both:  90.00 KB

MaxMetaspaceSize: 17179869184.00 GB
CompressedClassSpaceSize: 1.00 GB
Initial GC threshold: 20.80 MB
Current GC threshold: 167.21 MB
CDS: off

CodeHeap 'non-profiled nmethods': size=120064Kb used=8028Kb max_used=8028Kb free=112035Kb
 bounds [0x000002cf61e90000, 0x000002cf62670000, 0x000002cf693d0000]
CodeHeap 'profiled nmethods': size=120000Kb used=27855Kb max_used=27855Kb free=92144Kb
 bounds [0x000002cf5a960000, 0x000002cf5c4a0000, 0x000002cf61e90000]
CodeHeap 'non-nmethods': size=5696Kb used=2410Kb max_used=2447Kb free=3285Kb
 bounds [0x000002cf5a3d0000, 0x000002cf5a640000, 0x000002cf5a960000]
 total_blobs=13488 nmethods=12549 adapters=851
 compilation: enabled
              stopped_count=0, restarted_count=0
 full_count=0

Compilation events (20 events):
Event: 36.436 Thread 0x000002cf704da800 nmethod 12595 0x000002cf62661190 code [0x000002cf62661360, 0x000002cf626618f8]
Event: 36.436 Thread 0x000002cf704da800 12601       4       com.android.tools.r8.graph.s0::a (31 bytes)
Event: 36.444 Thread 0x000002cf704da800 nmethod 12601 0x000002cf62661d90 code [0x000002cf62661f60, 0x000002cf62662418]
Event: 36.444 Thread 0x000002cf704da800 12600       4       com.android.tools.r8.internal.pL::d (33 bytes)
Event: 36.445 Thread 0x000002cf704da800 nmethod 12600 0x000002cf62662690 code [0x000002cf62662820, 0x000002cf626628b8]
Event: 36.445 Thread 0x000002cf704da800 12602       4       com.android.tools.r8.internal.pL::a (34 bytes)
Event: 36.447 Thread 0x000002cf704da800 nmethod 12602 0x000002cf62662990 code [0x000002cf62662b20, 0x000002cf62662c98]
Event: 36.447 Thread 0x000002cf704da800 12596       4       com.android.tools.r8.dex.i::h (23 bytes)
Event: 36.487 Thread 0x000002cf704da800 nmethod 12596 0x000002cf62662d90 code [0x000002cf62662fc0, 0x000002cf62663cd8]
Event: 36.492 Thread 0x000002cf704da800 12603       4       com.android.tools.r8.graph.P0::h (62 bytes)
Event: 36.505 Thread 0x000002cf704da800 nmethod 12603 0x000002cf62664910 code [0x000002cf62664b00, 0x000002cf62665278]
Event: 36.508 Thread 0x000002cf704da800 12604       4       com.android.tools.r8.internal.pL::a (34 bytes)
Event: 36.510 Thread 0x000002cf704da800 nmethod 12604 0x000002cf62665810 code [0x000002cf626659a0, 0x000002cf62665b18]
Event: 36.536 Thread 0x000002cf704da800 12605       4       com.android.tools.r8.graph.a1::a (258 bytes)
Event: 36.545 Thread 0x000002cf704da800 nmethod 12605 0x000002cf62665c10 code [0x000002cf62665dc0, 0x000002cf626661f8]
Event: 36.545 Thread 0x000002cf704da800 12606       4       com.android.tools.r8.graph.X0::h (62 bytes)
Event: 36.551 Thread 0x000002cf704df000 12607       3       com.android.tools.r8.internal.dt::d (191 bytes)
Event: 36.552 Thread 0x000002cf704df000 nmethod 12607 0x000002cf5c492b90 code [0x000002cf5c492e20, 0x000002cf5c493ae8]
Event: 36.553 Thread 0x000002cf704da800 nmethod 12606 0x000002cf62666490 code [0x000002cf62666640, 0x000002cf62666c98]
Event: 36.557 Thread 0x000002cf704da800 12608       4       java.util.concurrent.locks.AbstractQueuedSynchronizer$ConditionObject::awaitNanos (181 bytes)

GC Heap History (20 events):
Event: 35.339 GC heap after
{Heap after GC invocations=38 (full 0):
 garbage-first heap   total 253952K, used 222854K [0x0000000080000000, 0x0000000100000000)
  region size 1024K, 2 young (2048K), 2 survivors (2048K)
 Metaspace       used 100293K, capacity 102569K, committed 102736K, reserved 1138688K
  class space    used 12877K, capacity 13730K, committed 13772K, reserved 1048576K
}
Event: 35.576 GC heap before
{Heap before GC invocations=39 (full 0):
 garbage-first heap   total 253952K, used 232070K [0x0000000080000000, 0x0000000100000000)
  region size 1024K, 12 young (12288K), 2 survivors (2048K)
 Metaspace       used 100318K, capacity 102634K, committed 102736K, reserved 1138688K
  class space    used 12877K, capacity 13730K, committed 13772K, reserved 1048576K
}
Event: 35.585 GC heap after
{Heap after GC invocations=40 (full 0):
 garbage-first heap   total 253952K, used 226740K [0x0000000080000000, 0x0000000100000000)
  region size 1024K, 2 young (2048K), 2 survivors (2048K)
 Metaspace       used 100318K, capacity 102634K, committed 102736K, reserved 1138688K
  class space    used 12877K, capacity 13730K, committed 13772K, reserved 1048576K
}
Event: 35.684 GC heap before
{Heap before GC invocations=40 (full 0):
 garbage-first heap   total 253952K, used 235956K [0x0000000080000000, 0x0000000100000000)
  region size 1024K, 12 young (12288K), 2 survivors (2048K)
 Metaspace       used 100318K, capacity 102634K, committed 102736K, reserved 1138688K
  class space    used 12877K, capacity 13730K, committed 13772K, reserved 1048576K
}
Event: 35.695 GC heap after
{Heap after GC invocations=41 (full 0):
 garbage-first heap   total 253952K, used 231079K [0x0000000080000000, 0x0000000100000000)
  region size 1024K, 2 young (2048K), 2 survivors (2048K)
 Metaspace       used 100318K, capacity 102634K, committed 102736K, reserved 1138688K
  class space    used 12877K, capacity 13730K, committed 13772K, reserved 1048576K
}
Event: 35.818 GC heap before
{Heap before GC invocations=41 (full 0):
 garbage-first heap   total 253952K, used 242343K [0x0000000080000000, 0x0000000100000000)
  region size 1024K, 12 young (12288K), 2 survivors (2048K)
 Metaspace       used 100318K, capacity 102634K, committed 102736K, reserved 1138688K
  class space    used 12877K, capacity 13730K, committed 13772K, reserved 1048576K
}
Event: 35.830 GC heap after
{Heap after GC invocations=42 (full 0):
 garbage-first heap   total 253952K, used 236842K [0x0000000080000000, 0x0000000100000000)
  region size 1024K, 2 young (2048K), 2 survivors (2048K)
 Metaspace       used 100318K, capacity 102634K, committed 102736K, reserved 1138688K
  class space    used 12877K, capacity 13730K, committed 13772K, reserved 1048576K
}
Event: 35.910 GC heap before
{Heap before GC invocations=42 (full 0):
 garbage-first heap   total 253952K, used 247082K [0x0000000080000000, 0x0000000100000000)
  region size 1024K, 12 young (12288K), 2 survivors (2048K)
 Metaspace       used 100318K, capacity 102634K, committed 102736K, reserved 1138688K
  class space    used 12877K, capacity 13730K, committed 13772K, reserved 1048576K
}
Event: 35.917 GC heap after
{Heap after GC invocations=43 (full 0):
 garbage-first heap   total 253952K, used 240009K [0x0000000080000000, 0x0000000100000000)
  region size 1024K, 2 young (2048K), 2 survivors (2048K)
 Metaspace       used 100318K, capacity 102634K, committed 102736K, reserved 1138688K
  class space    used 12877K, capacity 13730K, committed 13772K, reserved 1048576K
}
Event: 36.002 GC heap before
{Heap before GC invocations=43 (full 0):
 garbage-first heap   total 253952K, used 250249K [0x0000000080000000, 0x0000000100000000)
  region size 1024K, 12 young (12288K), 2 survivors (2048K)
 Metaspace       used 100318K, capacity 102634K, committed 102736K, reserved 1138688K
  class space    used 12877K, capacity 13730K, committed 13772K, reserved 1048576K
}
Event: 36.006 GC heap after
{Heap after GC invocations=44 (full 0):
 garbage-first heap   total 256000K, used 242986K [0x0000000080000000, 0x0000000100000000)
  region size 1024K, 2 young (2048K), 2 survivors (2048K)
 Metaspace       used 100318K, capacity 102634K, committed 102736K, reserved 1138688K
  class space    used 12877K, capacity 13730K, committed 13772K, reserved 1048576K
}
Event: 36.097 GC heap before
{Heap before GC invocations=44 (full 0):
 garbage-first heap   total 256000K, used 253226K [0x0000000080000000, 0x0000000100000000)
  region size 1024K, 12 young (12288K), 2 survivors (2048K)
 Metaspace       used 100318K, capacity 102634K, committed 102736K, reserved 1138688K
  class space    used 12877K, capacity 13730K, committed 13772K, reserved 1048576K
}
Event: 36.104 GC heap after
{Heap after GC invocations=45 (full 0):
 garbage-first heap   total 311296K, used 245897K [0x0000000080000000, 0x0000000100000000)
  region size 1024K, 2 young (2048K), 2 survivors (2048K)
 Metaspace       used 100318K, capacity 102634K, committed 102736K, reserved 1138688K
  class space    used 12877K, capacity 13730K, committed 13772K, reserved 1048576K
}
Event: 36.231 GC heap before
{Heap before GC invocations=46 (full 0):
 garbage-first heap   total 311296K, used 267401K [0x0000000080000000, 0x0000000100000000)
  region size 1024K, 16 young (16384K), 2 survivors (2048K)
 Metaspace       used 100318K, capacity 102634K, committed 102736K, reserved 1138688K
  class space    used 12877K, capacity 13730K, committed 13772K, reserved 1048576K
}
Event: 36.248 GC heap after
{Heap after GC invocations=47 (full 0):
 garbage-first heap   total 311296K, used 253727K [0x0000000080000000, 0x0000000100000000)
  region size 1024K, 2 young (2048K), 2 survivors (2048K)
 Metaspace       used 100318K, capacity 102634K, committed 102736K, reserved 1138688K
  class space    used 12877K, capacity 13730K, committed 13772K, reserved 1048576K
}
Event: 36.272 GC heap before
{Heap before GC invocations=47 (full 0):
 garbage-first heap   total 311296K, used 256799K [0x0000000080000000, 0x0000000100000000)
  region size 1024K, 6 young (6144K), 2 survivors (2048K)
 Metaspace       used 100318K, capacity 102634K, committed 102736K, reserved 1138688K
  class space    used 12877K, capacity 13730K, committed 13772K, reserved 1048576K
}
Event: 36.286 GC heap after
{Heap after GC invocations=48 (full 0):
 garbage-first heap   total 311296K, used 255448K [0x0000000080000000, 0x0000000100000000)
  region size 1024K, 2 young (2048K), 2 survivors (2048K)
 Metaspace       used 100318K, capacity 102634K, committed 102736K, reserved 1138688K
  class space    used 12877K, capacity 13730K, committed 13772K, reserved 1048576K
}
Event: 36.398 GC heap before
{Heap before GC invocations=48 (full 0):
 garbage-first heap   total 311296K, used 270808K [0x0000000080000000, 0x0000000100000000)
  region size 1024K, 15 young (15360K), 2 survivors (2048K)
 Metaspace       used 100319K, capacity 102634K, committed 102736K, reserved 1138688K
  class space    used 12877K, capacity 13730K, committed 13772K, reserved 1048576K
}
Event: 36.415 GC heap after
{Heap after GC invocations=49 (full 0):
 garbage-first heap   total 311296K, used 264137K [0x0000000080000000, 0x0000000100000000)
  region size 1024K, 2 young (2048K), 2 survivors (2048K)
 Metaspace       used 100319K, capacity 102634K, committed 102736K, reserved 1138688K
  class space    used 12877K, capacity 13730K, committed 13772K, reserved 1048576K
}
Event: 36.589 GC heap before
{Heap before GC invocations=49 (full 0):
 garbage-first heap   total 311296K, used 277449K [0x0000000080000000, 0x0000000100000000)
  region size 1024K, 15 young (15360K), 2 survivors (2048K)
 Metaspace       used 100319K, capacity 102634K, committed 102736K, reserved 1138688K
  class space    used 12877K, capacity 13730K, committed 13772K, reserved 1048576K
}

Deoptimization events (20 events):
Event: 36.525 Thread 0x000002cf79f56800 DEOPT PACKING pc=0x000002cf5c486a66 sp=0x000000e28e5fd140
Event: 36.525 Thread 0x000002cf79f56800 DEOPT UNPACKING pc=0x000002cf5a41a95e sp=0x000000e28e5fc7f0 mode 0
Event: 36.526 Thread 0x000002cf79f56800 DEOPT PACKING pc=0x000002cf5c486a66 sp=0x000000e28e5fd140
Event: 36.526 Thread 0x000002cf79f56800 DEOPT UNPACKING pc=0x000002cf5a41a95e sp=0x000000e28e5fc7f0 mode 0
Event: 36.527 Thread 0x000002cf79f56800 DEOPT PACKING pc=0x000002cf5c486a66 sp=0x000000e28e5fd140
Event: 36.527 Thread 0x000002cf79f56800 DEOPT UNPACKING pc=0x000002cf5a41a95e sp=0x000000e28e5fc7f0 mode 0
Event: 36.528 Thread 0x000002cf79f56800 DEOPT PACKING pc=0x000002cf5c486a66 sp=0x000000e28e5fd140
Event: 36.528 Thread 0x000002cf79f56800 DEOPT UNPACKING pc=0x000002cf5a41a95e sp=0x000000e28e5fc7f0 mode 0
Event: 36.536 Thread 0x000002cf79f56800 DEOPT PACKING pc=0x000002cf5c49117e sp=0x000000e28e5fd100
Event: 36.536 Thread 0x000002cf79f56800 DEOPT UNPACKING pc=0x000002cf5a41a95e sp=0x000000e28e5fc578 mode 0
Event: 36.542 Thread 0x000002cf79f56800 DEOPT PACKING pc=0x000002cf5c486a66 sp=0x000000e28e5fd140
Event: 36.542 Thread 0x000002cf79f56800 DEOPT UNPACKING pc=0x000002cf5a41a95e sp=0x000000e28e5fc7f0 mode 0
Event: 36.549 Thread 0x000002cf79f56800 DEOPT PACKING pc=0x000002cf5c486a66 sp=0x000000e28e5fd140
Event: 36.549 Thread 0x000002cf79f56800 DEOPT UNPACKING pc=0x000002cf5a41a95e sp=0x000000e28e5fc7f0 mode 0
Event: 36.550 Thread 0x000002cf79f56800 DEOPT PACKING pc=0x000002cf5c486a66 sp=0x000000e28e5fd140
Event: 36.550 Thread 0x000002cf79f56800 DEOPT UNPACKING pc=0x000002cf5a41a95e sp=0x000000e28e5fc7f0 mode 0
Event: 36.554 Thread 0x000002cf79f56800 DEOPT PACKING pc=0x000002cf5c486a66 sp=0x000000e28e5fd140
Event: 36.554 Thread 0x000002cf79f56800 DEOPT UNPACKING pc=0x000002cf5a41a95e sp=0x000000e28e5fc7f0 mode 0
Event: 36.555 Thread 0x000002cf79f56800 DEOPT PACKING pc=0x000002cf5c486a66 sp=0x000000e28e5fd140
Event: 36.555 Thread 0x000002cf79f56800 DEOPT UNPACKING pc=0x000002cf5a41a95e sp=0x000000e28e5fc7f0 mode 0

Classes redefined (0 events):
No events

Internal exceptions (20 events):
Event: 27.063 Thread 0x000002cf7289d800 Implicit null exception at 0x000002cf6244d3f4 to 0x000002cf6244dd58
Event: 27.897 Thread 0x000002cf72126800 Exception <a 'java/lang/NoSuchMethodError'{0x000000008818df18}: 'void java.lang.invoke.DirectMethodHandle$Holder.invokeInterface(java.lang.Object, java.lang.Object, java.lang.Object, java.lang.Object)'> (0x000000008818df18) thrown at [./src/hotspot/share/interpreter/linkResolver.cpp, line 773]
Event: 28.567 Thread 0x000002cf72126800 Exception <a 'java/lang/NoSuchMethodError'{0x0000000086cb4ab8}: <clinit>> (0x0000000086cb4ab8) thrown at [./src/hotspot/share/prims/jni.cpp, line 1366]
Event: 28.567 Thread 0x000002cf72126800 Exception <a 'java/lang/NoSuchMethodError'{0x0000000086cb60c0}: <clinit>> (0x0000000086cb60c0) thrown at [./src/hotspot/share/prims/jni.cpp, line 1366]
Event: 28.567 Thread 0x000002cf72126800 Exception <a 'java/lang/NoSuchMethodError'{0x0000000086cb8cf8}: <clinit>> (0x0000000086cb8cf8) thrown at [./src/hotspot/share/prims/jni.cpp, line 1366]
Event: 28.569 Thread 0x000002cf72126800 Exception <a 'java/lang/NoSuchMethodError'{0x0000000086ccfb28}: <clinit>> (0x0000000086ccfb28) thrown at [./src/hotspot/share/prims/jni.cpp, line 1366]
Event: 28.569 Thread 0x000002cf72126800 Exception <a 'java/lang/NoSuchMethodError'{0x0000000086cd0d60}: <clinit>> (0x0000000086cd0d60) thrown at [./src/hotspot/share/prims/jni.cpp, line 1366]
Event: 29.987 Thread 0x000002cf72126800 Exception <a 'java/lang/NoSuchMethodError'{0x000000008ae0ea18}: 'void java.lang.invoke.DirectMethodHandle$Holder.invokeVirtual(java.lang.Object, java.lang.Object)'> (0x000000008ae0ea18) thrown at [./src/hotspot/share/interpreter/linkResolver.cpp, line 773]
Event: 32.261 Thread 0x000002cf72126800 Exception <a 'java/lang/NoSuchMethodError'{0x00000000888791b0}: <clinit>> (0x00000000888791b0) thrown at [./src/hotspot/share/prims/jni.cpp, line 1366]
Event: 32.265 Thread 0x000002cf72126800 Exception <a 'java/lang/NoSuchMethodError'{0x0000000088896c70}: <clinit>> (0x0000000088896c70) thrown at [./src/hotspot/share/prims/jni.cpp, line 1366]
Event: 32.265 Thread 0x000002cf72126800 Exception <a 'java/lang/NoSuchMethodError'{0x00000000888984e8}: <clinit>> (0x00000000888984e8) thrown at [./src/hotspot/share/prims/jni.cpp, line 1366]
Event: 32.276 Thread 0x000002cf72126800 Exception <a 'java/lang/NoSuchMethodError'{0x00000000888f5a28}: <clinit>> (0x00000000888f5a28) thrown at [./src/hotspot/share/prims/jni.cpp, line 1366]
Event: 33.300 Thread 0x000002cf79f56000 Exception <a 'java/lang/NoSuchMethodError'{0x00000000890add78}: 'void java.lang.invoke.DirectMethodHandle$Holder.invokeStatic(java.lang.Object, long)'> (0x00000000890add78) thrown at [./src/hotspot/share/interpreter/linkResolver.cpp, line 773]
Event: 33.300 Thread 0x000002cf79f56000 Exception <a 'java/lang/NoSuchMethodError'{0x00000000890b3238}: 'java.lang.Object java.lang.invoke.DirectMethodHandle$Holder.invokeStatic(java.lang.Object, long)'> (0x00000000890b3238) thrown at [./src/hotspot/share/interpreter/linkResolver.cpp, line 773]
Event: 33.309 Thread 0x000002cf79f56000 Exception <a 'java/lang/NoSuchMethodError'{0x00000000890cb0c8}: 'java.lang.Object java.lang.invoke.DirectMethodHandle$Holder.invokeStaticInit(java.lang.Object, java.lang.Object, long, java.lang.Object)'> (0x00000000890cb0c8) thrown at [./src/hotspot/share/interpreter/linkResolver.cpp, line 773]
Event: 33.310 Thread 0x000002cf79f56000 Exception <a 'java/lang/NoSuchMethodError'{0x00000000890dbf90}: 'java.lang.Object java.lang.invoke.DirectMethodHandle$Holder.invokeStatic(java.lang.Object, java.lang.Object, long)'> (0x00000000890dbf90) thrown at [./src/hotspot/share/interpreter/linkResolver.cpp, line 773]
Event: 33.321 Thread 0x000002cf79f56000 Exception <a 'java/lang/NoSuchMethodError'{0x0000000088e05dc0}: 'java.lang.Object java.lang.invoke.Invokers$Holder.linkToTargetMethod(java.lang.Object, long, java.lang.Object)'> (0x0000000088e05dc0) thrown at [./src/hotspot/share/interpreter/linkResolver.cpp, line 773]
Event: 34.606 Thread 0x000002cf79f56800 Exception <a 'sun/nio/fs/WindowsException'{0x000000008af40e38}> (0x000000008af40e38) thrown at [./src/hotspot/share/prims/jni.cpp, line 616]
Event: 34.709 Thread 0x000002cf79f56800 Exception <a 'java/lang/NoSuchMethodError'{0x000000008aefbe78}: 'java.lang.Object java.lang.invoke.DirectMethodHandle$Holder.newInvokeSpecial(java.lang.Object, int)'> (0x000000008aefbe78) thrown at [./src/hotspot/share/interpreter/linkResolver.cpp, line 773]
Event: 35.017 Thread 0x000002cf79f56800 Exception <a 'java/lang/NoSuchMethodError'{0x000000008a278660}: 'java.lang.Object java.lang.invoke.DirectMethodHandle$Holder.invokeStaticInit(java.lang.Object, java.lang.Object, java.lang.Object, java.lang.Object, java.lang.Object, java.lang.Object, java.lang.Object, java.lang.Object, java.lang.Object, java.lang.Object, java.lang.Object, java.lang.Object, java.lang.Object, java.lang.Object, java.lang.Object, java.lang.Object, java.lang.Object, java.lang.Object, int, java.lang.Object, java.lang.Object)'> (0

Events (20 events):
Event: 35.695 Executing VM operation: G1CollectForAllocation done
Event: 35.818 Executing VM operation: G1CollectForAllocation
Event: 35.830 Executing VM operation: G1CollectForAllocation done
Event: 35.910 Executing VM operation: G1CollectForAllocation
Event: 35.917 Executing VM operation: G1CollectForAllocation done
Event: 36.001 Executing VM operation: G1CollectForAllocation
Event: 36.006 Executing VM operation: G1CollectForAllocation done
Event: 36.026 Executing VM operation: CGC_Operation
Event: 36.042 Executing VM operation: CGC_Operation done
Event: 36.097 Executing VM operation: G1CollectForAllocation
Event: 36.104 Executing VM operation: G1CollectForAllocation done
Event: 36.230 Executing VM operation: CGC_Operation
Event: 36.230 Executing VM operation: CGC_Operation done
Event: 36.230 Executing VM operation: G1CollectForAllocation
Event: 36.248 Executing VM operation: G1CollectForAllocation done
Event: 36.272 Executing VM operation: G1CollectForAllocation
Event: 36.286 Executing VM operation: G1CollectForAllocation done
Event: 36.398 Executing VM operation: G1CollectForAllocation
Event: 36.415 Executing VM operation: G1CollectForAllocation done
Event: 36.589 Executing VM operation: G1CollectForAllocation


Dynamic libraries:
0x00007ff6ad2f0000 - 0x00007ff6ad2fa000 	C:\Program Files\Android\Android Studio\jre\bin\java.exe
0x00007fff840d0000 - 0x00007fff842c8000 	C:\WINDOWS\SYSTEM32\ntdll.dll
0x00007fff82d40000 - 0x00007fff82dff000 	C:\WINDOWS\System32\KERNEL32.DLL
0x00007fff819f0000 - 0x00007fff81ce6000 	C:\WINDOWS\System32\KERNELBASE.dll
0x00007fff82030000 - 0x00007fff82130000 	C:\WINDOWS\System32\ucrtbase.dll
0x00007fff69170000 - 0x00007fff69189000 	C:\Program Files\Android\Android Studio\jre\bin\jli.dll
0x00007fff63500000 - 0x00007fff63517000 	C:\Program Files\Android\Android Studio\jre\bin\VCRUNTIME140.dll
0x00007fff82980000 - 0x00007fff82b1d000 	C:\WINDOWS\System32\USER32.dll
0x00007fff81d20000 - 0x00007fff81d42000 	C:\WINDOWS\System32\win32u.dll
0x00007fff82c60000 - 0x00007fff82c8c000 	C:\WINDOWS\System32\GDI32.dll
0x00007fff6d950000 - 0x00007fff6dbea000 	C:\WINDOWS\WinSxS\amd64_microsoft.windows.common-controls_6595b64144ccf1df_6.0.19041.1110_none_60b5254171f9507e\COMCTL32.dll
0x00007fff81d50000 - 0x00007fff81e65000 	C:\WINDOWS\System32\gdi32full.dll
0x00007fff82ec0000 - 0x00007fff82f5e000 	C:\WINDOWS\System32\msvcrt.dll
0x00007fff81f20000 - 0x00007fff81fbd000 	C:\WINDOWS\System32\msvcp_win.dll
0x00007fff82950000 - 0x00007fff82980000 	C:\WINDOWS\System32\IMM32.DLL
0x00007fff5d2b0000 - 0x00007fff5d34d000 	C:\Program Files\Android\Android Studio\jre\bin\msvcp140.dll
0x00007fff3fc70000 - 0x00007fff40772000 	C:\Program Files\Android\Android Studio\jre\bin\server\jvm.dll
0x00007fff82c90000 - 0x00007fff82d3f000 	C:\WINDOWS\System32\ADVAPI32.dll
0x00007fff82f60000 - 0x00007fff82ffc000 	C:\WINDOWS\System32\sechost.dll
0x00007fff82b20000 - 0x00007fff82c46000 	C:\WINDOWS\System32\RPCRT4.dll
0x00007fff82eb0000 - 0x00007fff82eb8000 	C:\WINDOWS\System32\PSAPI.DLL
0x00007fff78e80000 - 0x00007fff78e89000 	C:\WINDOWS\SYSTEM32\WSOCK32.dll
0x00007fff83d40000 - 0x00007fff83dab000 	C:\WINDOWS\System32\WS2_32.dll
0x00007fff792f0000 - 0x00007fff79317000 	C:\WINDOWS\SYSTEM32\WINMM.dll
0x00007fff7a960000 - 0x00007fff7a96a000 	C:\WINDOWS\SYSTEM32\VERSION.dll
0x00007fff7ffc0000 - 0x00007fff7ffd2000 	C:\WINDOWS\SYSTEM32\kernel.appcore.dll
0x00007fff6c210000 - 0x00007fff6c221000 	C:\Program Files\Android\Android Studio\jre\bin\verify.dll
0x00007fff7fc90000 - 0x00007fff7fe74000 	C:\WINDOWS\SYSTEM32\DBGHELP.DLL
0x00007fff699f0000 - 0x00007fff69a24000 	C:\WINDOWS\SYSTEM32\dbgcore.DLL
0x00007fff81800000 - 0x00007fff81882000 	C:\WINDOWS\System32\bcryptPrimitives.dll
0x00007fff63cf0000 - 0x00007fff63d19000 	C:\Program Files\Android\Android Studio\jre\bin\java.dll
0x00007fff74ad0000 - 0x00007fff74adb000 	C:\Program Files\Android\Android Studio\jre\bin\jimage.dll
0x00007fff6bf50000 - 0x00007fff6bf68000 	C:\Program Files\Android\Android Studio\jre\bin\zip.dll
0x00007fff83540000 - 0x00007fff83c84000 	C:\WINDOWS\System32\SHELL32.dll
0x00007fff7f4e0000 - 0x00007fff7fc73000 	C:\WINDOWS\SYSTEM32\windows.storage.dll
0x00007fff82400000 - 0x00007fff82754000 	C:\WINDOWS\System32\combase.dll
0x00007fff81130000 - 0x00007fff8115e000 	C:\WINDOWS\SYSTEM32\Wldp.dll
0x00007fff827c0000 - 0x00007fff8286d000 	C:\WINDOWS\System32\SHCORE.dll
0x00007fff82130000 - 0x00007fff82185000 	C:\WINDOWS\System32\shlwapi.dll
0x00007fff816f0000 - 0x00007fff8170f000 	C:\WINDOWS\SYSTEM32\profapi.dll
0x00007fff6a410000 - 0x00007fff6a42a000 	C:\Program Files\Android\Android Studio\jre\bin\net.dll
0x00007fff6f510000 - 0x00007fff6f61a000 	C:\WINDOWS\SYSTEM32\WINHTTP.dll
0x00007fff80e40000 - 0x00007fff80eaa000 	C:\WINDOWS\system32\mswsock.dll
0x00007fff690f0000 - 0x00007fff69104000 	C:\Program Files\Android\Android Studio\jre\bin\nio.dll
0x00007fff6c360000 - 0x00007fff6c387000 	C:\Users\Dominik\.gradle\native\e1d6ef7f7dcc3fd88c89a11ec53ec762bb8ba0a96d01ffa2cd45eb1d1d8dd5c5\windows-amd64\native-platform.dll
0x00007fff44f10000 - 0x00007fff45054000 	C:\Users\Dominik\.gradle\native\0d407fdbe67a94daf76414ababcb853783967236a71b16ec16e742cd7a986fd3\windows-amd64\native-platform-file-events.dll
0x00007fff6be90000 - 0x00007fff6be9a000 	C:\Program Files\Android\Android Studio\jre\bin\management.dll
0x00007fff69ea0000 - 0x00007fff69ead000 	C:\Program Files\Android\Android Studio\jre\bin\management_ext.dll
0x00007fff81060000 - 0x00007fff81078000 	C:\WINDOWS\SYSTEM32\CRYPTSP.dll
0x00007fff80770000 - 0x00007fff807a4000 	C:\WINDOWS\system32\rsaenh.dll
0x00007fff81cf0000 - 0x00007fff81d17000 	C:\WINDOWS\System32\bcrypt.dll
0x00007fff816b0000 - 0x00007fff816de000 	C:\WINDOWS\SYSTEM32\USERENV.dll
0x00007fff81080000 - 0x00007fff8108c000 	C:\WINDOWS\SYSTEM32\CRYPTBASE.dll
0x00007fff80b50000 - 0x00007fff80b8c000 	C:\WINDOWS\SYSTEM32\IPHLPAPI.DLL
0x00007fff83db0000 - 0x00007fff83db8000 	C:\WINDOWS\System32\NSI.dll
0x00007fff774e0000 - 0x00007fff774f7000 	C:\WINDOWS\SYSTEM32\dhcpcsvc6.DLL
0x00007fff772c0000 - 0x00007fff772dd000 	C:\WINDOWS\SYSTEM32\dhcpcsvc.DLL
0x00007fff80b90000 - 0x00007fff80c5b000 	C:\WINDOWS\SYSTEM32\DNSAPI.dll
0x00007fff77320000 - 0x00007fff77337000 	C:\WINDOWS\system32\napinsp.dll
0x00007fff77300000 - 0x00007fff7731b000 	C:\WINDOWS\system32\pnrpnsp.dll
0x00007fff772e0000 - 0x00007fff772f5000 	C:\WINDOWS\system32\wshbth.dll
0x00007fff7cd80000 - 0x00007fff7cd9d000 	C:\WINDOWS\system32\NLAapi.dll
0x00007fff77260000 - 0x00007fff77272000 	C:\WINDOWS\System32\winrnr.dll
0x00007fff6dbf0000 - 0x00007fff6dbfa000 	C:\Windows\System32\rasadhlp.dll
0x00007fff743c0000 - 0x00007fff74442000 	C:\WINDOWS\System32\fwpuclnt.dll
0x00007fff634e0000 - 0x00007fff634fe000 	C:\Users\Dominik\AppData\Local\Temp\native-platform2868982755013085432dir\native-platform.dll

dbghelp: loaded successfully - version: 4.0.5 - missing functions: none
symbol engine: initialized successfully - sym options: 0x614 - pdb path: .;C:\Program Files\Android\Android Studio\jre\bin;C:\WINDOWS\SYSTEM32;C:\WINDOWS\WinSxS\amd64_microsoft.windows.common-controls_6595b64144ccf1df_6.0.19041.1110_none_60b5254171f9507e;C:\Program Files\Android\Android Studio\jre\bin\server;C:\Users\Dominik\.gradle\native\e1d6ef7f7dcc3fd88c89a11ec53ec762bb8ba0a96d01ffa2cd45eb1d1d8dd5c5\windows-amd64;C:\Users\Dominik\.gradle\native\0d407fdbe67a94daf76414ababcb853783967236a71b16ec16e742cd7a986fd3\windows-amd64;C:\Users\Dominik\AppData\Local\Temp\native-platform2868982755013085432dir

VM Arguments:
jvm_args: --add-opens=java.base/java.util=ALL-UNNAMED --add-opens=java.base/java.lang=ALL-UNNAMED --add-opens=java.base/java.lang.invoke=ALL-UNNAMED --add-opens=java.base/java.util=ALL-UNNAMED --add-opens=java.prefs/java.util.prefs=ALL-UNNAMED --add-opens=java.prefs/java.util.prefs=ALL-UNNAMED --add-opens=java.base/java.nio.charset=ALL-UNNAMED --add-opens=java.base/java.net=ALL-UNNAMED --add-opens=java.base/java.util.concurrent.atomic=ALL-UNNAMED -Xmx2048m -Dfile.encoding=UTF-8 -Duser.country=PL -Duser.language=pl -Duser.variant 
java_command: org.gradle.launcher.daemon.bootstrap.GradleDaemon 7.4
java_class_path (initial): C:\Users\Dominik\.gradle\wrapper\dists\gradle-7.4-bin\c0gwcg53nkjbqw7r0h0umtfvt\gradle-7.4\lib\gradle-launcher-7.4.jar
Launcher Type: SUN_STANDARD

[Global flags]
     intx CICompilerCount                          = 3                                         {product} {ergonomic}
     uint ConcGCThreads                            = 1                                         {product} {ergonomic}
     uint G1ConcRefinementThreads                  = 4                                         {product} {ergonomic}
   size_t G1HeapRegionSize                         = 1048576                                   {product} {ergonomic}
    uintx GCDrainStackTargetSize                   = 64                                        {product} {ergonomic}
   size_t InitialHeapSize                          = 134217728                                 {product} {ergonomic}
   size_t MarkStackSize                            = 4194304                                   {product} {ergonomic}
   size_t MaxHeapSize                              = 2147483648                                {product} {command line}
   size_t MaxNewSize                               = 1287651328                                {product} {ergonomic}
   size_t MinHeapDeltaBytes                        = 1048576                                   {product} {ergonomic}
    uintx NonNMethodCodeHeapSize                   = 5830732                                {pd product} {ergonomic}
    uintx NonProfiledCodeHeapSize                  = 122913754                              {pd product} {ergonomic}
    uintx ProfiledCodeHeapSize                     = 122913754                              {pd product} {ergonomic}
    uintx ReservedCodeCacheSize                    = 251658240                              {pd product} {ergonomic}
     bool SegmentedCodeCache                       = true                                      {product} {ergonomic}
     bool UseCompressedClassPointers               = true                                 {lp64_product} {ergonomic}
     bool UseCompressedOops                        = true                                 {lp64_product} {ergonomic}
     bool UseG1GC                                  = true                                      {product} {ergonomic}
     bool UseLargePagesIndividualAllocation        = false                                  {pd product} {ergonomic}

Logging:
Log output configuration:
 #0: stdout all=warning uptime,level,tags
 #1: stderr all=off uptime,level,tags

Environment Variables:
PATH=C:\VulkanSDK\1.3.243.0\Bin;C:\Program Files (x86)\Intel\iCLS Client\;C:\ProgramData\Oracle\Java\javapath;C:\Program Files\Intel\iCLS Client\;C:\WINDOWS\system32;C:\WINDOWS;C:\WINDOWS\System32\Wbem;C:\WINDOWS\System32\WindowsPowerShell\v1.0\;C:\Program Files (x86)\CodeBlocks\MinGW\mingw32\bin\;C:\WINDOWS\System32\OpenSSH\;C:\Program Files (x86)\HP\Common\HPDestPlgIn\;C:\Program Files (x86)\Intel\Intel(R) Management Engine Components\DAL;C:\Program Files\Intel\Intel(R) Management Engine Components\DAL;C:\Program Files (x86)\Intel\Intel(R) Management Engine Components\IPT;C:\Program Files\Intel\Intel(R) Management Engine Components\IPT;C:\Program Files\Microsoft SQL Server\130\Tools\Binn\;C:\Program Files\Git\cmd;C:\Users\Dominik\AppData\Local\Packages\PythonSoftwareFoundation.Python.3.10_qbz5n2kfra8p0\LocalCache\local-packages\Python310\Scripts;C:\Users\Dominik\AppData\Local\Packages\PythonSoftwareFoundation.Python.3.10_qbz5n2kfra8p0\LocalCache\local-packages\Python310\Scripts;C:\Users\Dominik\AppData\Local\Programs\MiKTeX\miktex\bin\x64;C:\ffmpeg\bin;C:\Program Files\MiKTeX\miktex\bin\x64\;C:\Program Files\nodejs\;C:\Users\Dominik\AppData\Local\Programs\Python\Python310\Scripts\;C:\Users\Dominik\AppData\Local\Programs\Python\Python310\;\Users\Dominik\AppData\Local\Packages\PythonSoftwareFoundation.Python.3.10_qbz5n2kfra8p0\LocalCache\local-packages\Python310\Scripts'\Users\Dominik\AppData\Local\Packages\PythonSoftwareFoundation.Python.3.10_qbz5n2kfra8p0\LocalCache\local-packages\Python310\Scripts';C:\texlive\2021\bin\win32;C:\ffmpeg\bin;C:\Program Files\JetBrains\PyCharm Community Edition 2022.1.3\bin;C:\Users\Dominik\AppData\Local\Programs\Microsoft VS Code\bin;C:\Users\Dominik\AppData\Roaming\npm;C:\Program Files\JetBrains\PyCharm Community Edition 2023.1.2\bin;
USERNAME=Dominik
OS=Windows_NT
PROCESSOR_IDENTIFIER=Intel64 Family 6 Model 142 Stepping 9, GenuineIntel



---------------  S Y S T E M  ---------------

OS: Windows 10 , 64 bit Build 19041 (10.0.19041.2913)
OS uptime: 7 days 6:47 hours
Hyper-V role detected

CPU:total 4 (initial active 4) (2 cores per cpu, 2 threads per core) family 6 model 142 stepping 9 microcode 0xb4, cmov, cx8, fxsr, mmx, sse, sse2, sse3, ssse3, sse4.1, sse4.2, popcnt, avx, avx2, aes, clmul, erms, 3dnowpref, lzcnt, ht, tsc, tscinvbit, bmi1, bmi2, adx, fma

Memory: 4k page, system-wide physical 8090M (992M free)
TotalPageFile size 19302M (AvailPageFile size 85M)
current process WorkingSet (physical memory assigned to process): 557M, peak: 557M
current process commit charge ("private bytes"): 616M, peak: 918M

vm_info: OpenJDK 64-Bit Server VM (11.0.13+0-b1751.21-8125866) for windows-amd64 JRE (11.0.13+0-b1751.21-8125866), built on Feb  2 2022 03:00:22 by "builder" with MS VC++ 14.0 (VS2015)

END.
